2019-10-22 11:32:25,246 WARN 19532 [-/::1/-/83ms POST /news] nodejs.SyntaxError: Unexpected token d in JSON at position 3, check bodyParser config
    at JSON.parse (<anonymous>)
    at parse (E:\gits\coding-record\框架学习\egg\base-cli\node_modules\co-body\lib\json.js:57:17)
    at AsyncFunction.module.exports [as json] (E:\gits\coding-record\框架学习\egg\base-cli\node_modules\co-body\lib\json.js:41:20)
    at process._tickCallback (internal/process/next_tick.js:68:7)
status: 400
body: "{\n\tdata: [\n\t\t{\n\t\t\turl: 'http://www.qq.com',\n\t\t\ttitle: 'qq'\n\t\t}\t\n\t]\n}"
pid: 19532
hostname: DESKTOP-0D3TES1

2019-10-22 11:33:00,002 WARN 14752 [-/::1/-/21ms POST /news] nodejs.SyntaxError: Unexpected token d in JSON at position 3, check bodyParser config
    at JSON.parse (<anonymous>)
    at parse (E:\gits\coding-record\框架学习\egg\base-cli\node_modules\co-body\lib\json.js:57:17)
    at AsyncFunction.module.exports [as json] (E:\gits\coding-record\框架学习\egg\base-cli\node_modules\co-body\lib\json.js:41:20)
    at process._tickCallback (internal/process/next_tick.js:68:7)
status: 400
body: "{\n\tdata: [\n\t\t{\n\t\t\turl: 'http://www.qq.com',\n\t\t\ttitle: 'qq'\n\t\t}\t\n\t]\n}"
pid: 14752
hostname: DESKTOP-0D3TES1

2019-10-22 11:34:38,297 WARN 14752 [-/::1/-/3ms POST /news] nodejs.SyntaxError: Unexpected token d in JSON at position 3, check bodyParser config
    at JSON.parse (<anonymous>)
    at parse (E:\gits\coding-record\框架学习\egg\base-cli\node_modules\co-body\lib\json.js:57:17)
    at AsyncFunction.module.exports [as json] (E:\gits\coding-record\框架学习\egg\base-cli\node_modules\co-body\lib\json.js:41:20)
    at process._tickCallback (internal/process/next_tick.js:68:7)
status: 400
body: "{\n\tdata: [\n\t\t{\n\t\t\turl: 'http://www.qq.com',\n\t\t\ttitle: 'qq'\n\t\t}\t\n\t]\n}"
pid: 14752
hostname: DESKTOP-0D3TES1

2019-10-22 11:35:21,424 WARN 10208 [-/::1/-/21ms POST /news] nodejs.SyntaxError: Unexpected token d in JSON at position 3, check bodyParser config
    at JSON.parse (<anonymous>)
    at parse (E:\gits\coding-record\框架学习\egg\base-cli\node_modules\co-body\lib\json.js:57:17)
    at AsyncFunction.module.exports [as json] (E:\gits\coding-record\框架学习\egg\base-cli\node_modules\co-body\lib\json.js:41:20)
    at process._tickCallback (internal/process/next_tick.js:68:7)
status: 400
body: "{\n\tdata: [\n\t\t{\n\t\t\turl: 'http://www.qq.com',\n\t\t\ttitle: 'qq'\n\t\t}\t\n\t]\n}"
pid: 10208
hostname: DESKTOP-0D3TES1

2019-10-22 11:36:45,685 WARN 10208 [-/::1/-/5ms POST /news] invalid csrf token. See https://eggjs.org/zh-cn/core/security.html#安全威胁csrf的防范
2019-10-22 11:36:45,703 WARN 10208 [-/::1/-/23ms POST /news] nodejs.ForbiddenError: invalid csrf token
    at Object.throw (E:\gits\coding-record\框架学习\egg\base-cli\node_modules\koa\lib\context.js:97:11)
    at Object.assertCsrf (E:\gits\coding-record\框架学习\egg\base-cli\node_modules\egg-security\app\extend\context.js:163:19)
    at csrf (E:\gits\coding-record\框架学习\egg\base-cli\node_modules\egg-security\lib\middlewares\csrf.js:33:9)
    at dispatch (E:\gits\coding-record\框架学习\egg\base-cli\node_modules\koa-compose\index.js:42:32)
    at E:\gits\coding-record\框架学习\egg\base-cli\node_modules\koa-compose\index.js:34:12
    at dispatch (E:\gits\coding-record\框架学习\egg\base-cli\node_modules\koa-compose\index.js:42:32)
    at session (E:\gits\coding-record\框架学习\egg\base-cli\node_modules\koa-session\index.js:41:13)
    at dispatch (E:\gits\coding-record\框架学习\egg\base-cli\node_modules\koa-compose\index.js:42:32)
    at overrideMethod (E:\gits\coding-record\框架学习\egg\base-cli\node_modules\koa-override\index.js:38:12)
    at dispatch (E:\gits\coding-record\框架学习\egg\base-cli\node_modules\koa-compose\index.js:42:32)
message: "invalid csrf token"
pid: 10208
hostname: DESKTOP-0D3TES1

2019-10-22 13:35:05,659 WARN 10208 [-/::1/-/5ms POST /news] invalid csrf token. See https://eggjs.org/zh-cn/core/security.html#安全威胁csrf的防范
2019-10-22 13:35:05,661 WARN 10208 [-/::1/-/6ms POST /news] nodejs.ForbiddenError: invalid csrf token
    at Object.throw (E:\gits\coding-record\框架学习\egg\base-cli\node_modules\koa\lib\context.js:97:11)
    at Object.assertCsrf (E:\gits\coding-record\框架学习\egg\base-cli\node_modules\egg-security\app\extend\context.js:163:19)
    at csrf (E:\gits\coding-record\框架学习\egg\base-cli\node_modules\egg-security\lib\middlewares\csrf.js:33:9)
    at dispatch (E:\gits\coding-record\框架学习\egg\base-cli\node_modules\koa-compose\index.js:42:32)
    at E:\gits\coding-record\框架学习\egg\base-cli\node_modules\koa-compose\index.js:34:12
    at dispatch (E:\gits\coding-record\框架学习\egg\base-cli\node_modules\koa-compose\index.js:42:32)
    at session (E:\gits\coding-record\框架学习\egg\base-cli\node_modules\koa-session\index.js:41:13)
    at dispatch (E:\gits\coding-record\框架学习\egg\base-cli\node_modules\koa-compose\index.js:42:32)
    at overrideMethod (E:\gits\coding-record\框架学习\egg\base-cli\node_modules\koa-override\index.js:38:12)
    at dispatch (E:\gits\coding-record\框架学习\egg\base-cli\node_modules\koa-compose\index.js:42:32)
message: "invalid csrf token"
pid: 10208
hostname: DESKTOP-0D3TES1

2019-10-22 13:41:54,586 ERROR 5084 [-/::1/-/397ms POST /news] nodejs.SyntaxError: Unexpected token o in JSON at position 1
    at JSON.parse (<anonymous>)
    at NewsController.saveList (E:\gits\coding-record\框架学习\egg\base-cli\app\controller\news.js:15:26)
    at Object.callFn (E:\gits\coding-record\框架学习\egg\base-cli\node_modules\egg-core\lib\utils\index.js:44:21)
    at Object.classControllerMiddleware (E:\gits\coding-record\框架学习\egg\base-cli\node_modules\egg-core\lib\loader\mixin\controller.js:87:20)
    at Object.callFn (E:\gits\coding-record\框架学习\egg\base-cli\node_modules\@eggjs\router\lib\utils.js:12:21)
    at wrappedController (E:\gits\coding-record\框架学习\egg\base-cli\node_modules\@eggjs\router\lib\egg_router.js:322:18)
    at dispatch (E:\gits\coding-record\框架学习\egg\base-cli\node_modules\@eggjs\router\node_modules\koa-compose\index.js:44:32)
    at next (E:\gits\coding-record\框架学习\egg\base-cli\node_modules\@eggjs\router\node_modules\koa-compose\index.js:45:18)
    at E:\gits\coding-record\框架学习\egg\base-cli\node_modules\@eggjs\router\lib\router.js:190:18
    at dispatch (E:\gits\coding-record\框架学习\egg\base-cli\node_modules\@eggjs\router\node_modules\koa-compose\index.js:44:32)

pid: 5084
hostname: DESKTOP-0D3TES1

