2019-11-05 10:16:00,127 ERROR 16900 nodejs.unhandledExceptionError: read ECONNRESET
    at TCP.onStreamRead (internal/stream_base_commons.js:111:27)
errno: "ECONNRESET"
code: "ECONNRESET"
syscall: "read"
name: "unhandledExceptionError"
pid: 16900
hostname: DESKTOP-0D3TES1

2019-11-05 14:13:35,232 ERROR 16400 [-/::1/-/13ms GET /csrf-test] nodejs.AssertionError [ERR_ASSERTION]: Can't find about.html from E:\gits\coding-record\框架学习\egg\base-cli\app\view
    at Map.resolve (E:\gits\coding-record\框架学习\egg\base-cli\node_modules\egg-view\lib\view_manager.js:74:5)
generatedMessage: false
name: "AssertionError [ERR_ASSERTION]"
code: "ERR_ASSERTION"
actual: undefined
expected: true
operator: "=="
pid: 16400
hostname: DESKTOP-0D3TES1

2019-11-05 14:13:51,886 ERROR 12768 [-/::1/-/15ms GET /csrf-test] nodejs.AssertionError [ERR_ASSERTION]: Can't find about.html from E:\gits\coding-record\框架学习\egg\base-cli\app\view
    at Map.resolve (E:\gits\coding-record\框架学习\egg\base-cli\node_modules\egg-view\lib\view_manager.js:74:5)
generatedMessage: false
name: "AssertionError [ERR_ASSERTION]"
code: "ERR_ASSERTION"
actual: undefined
expected: true
operator: "=="
pid: 12768
hostname: DESKTOP-0D3TES1

2019-11-05 14:14:23,818 ERROR 24492 [-/::1/-/17ms GET /csrf-test] nodejs.AssertionError [ERR_ASSERTION]: Can't find list.tpl from E:\gits\coding-record\框架学习\egg\base-cli\app\view
    at Map.resolve (E:\gits\coding-record\框架学习\egg\base-cli\node_modules\egg-view\lib\view_manager.js:74:5)
generatedMessage: false
name: "AssertionError [ERR_ASSERTION]"
code: "ERR_ASSERTION"
actual: undefined
expected: true
operator: "=="
pid: 24492
hostname: DESKTOP-0D3TES1

2019-11-05 14:14:26,100 ERROR 18016 [-/::1/-/14ms GET /csrf-test] nodejs.AssertionError [ERR_ASSERTION]: Can't find list.tpl from E:\gits\coding-record\框架学习\egg\base-cli\app\view
    at Map.resolve (E:\gits\coding-record\框架学习\egg\base-cli\node_modules\egg-view\lib\view_manager.js:74:5)
generatedMessage: false
name: "AssertionError [ERR_ASSERTION]"
code: "ERR_ASSERTION"
actual: undefined
expected: true
operator: "=="
pid: 18016
hostname: DESKTOP-0D3TES1

2019-11-05 14:14:35,868 ERROR 9996 [-/::1/-/14ms GET /csrf-test] nodejs.AssertionError [ERR_ASSERTION]: Can't find viewEngine for E:\gits\coding-record\框架学习\egg\base-cli\app\view\news\list.tpl
    at ContextView.[contextView#render] (E:\gits\coding-record\框架学习\egg\base-cli\node_modules\egg-view\lib\context_view.js:66:5)
generatedMessage: false
name: "AssertionError [ERR_ASSERTION]"
code: "ERR_ASSERTION"
actual: ""
expected: true
operator: "=="
pid: 9996
hostname: DESKTOP-0D3TES1

2019-11-05 14:14:47,421 ERROR 9996 [-/::1/-/3ms GET /csrf-test] nodejs.AssertionError [ERR_ASSERTION]: Can't find viewEngine for E:\gits\coding-record\框架学习\egg\base-cli\app\view\news\list.tpl
    at ContextView.[contextView#render] (E:\gits\coding-record\框架学习\egg\base-cli\node_modules\egg-view\lib\context_view.js:66:5)
generatedMessage: false
name: "AssertionError [ERR_ASSERTION]"
code: "ERR_ASSERTION"
actual: ""
expected: true
operator: "=="
pid: 9996
hostname: DESKTOP-0D3TES1

2019-11-05 14:42:42,667 ERROR 15312 [-/::1/-/26ms POST /transfer-accounts] nodejs.TypeError: Cannot read property 'get' of undefined
    at CsrfTest.transfer (E:\gits\coding-record\框架学习\egg\base-cli\app\controller\csrfTest.js:15:41)
    at Object.callFn (E:\gits\coding-record\框架学习\egg\base-cli\node_modules\egg-core\lib\utils\index.js:44:21)
    at Object.classControllerMiddleware (E:\gits\coding-record\框架学习\egg\base-cli\node_modules\egg-core\lib\loader\mixin\controller.js:87:20)
    at Object.callFn (E:\gits\coding-record\框架学习\egg\base-cli\node_modules\@eggjs\router\lib\utils.js:12:21)
    at wrappedController (E:\gits\coding-record\框架学习\egg\base-cli\node_modules\@eggjs\router\lib\egg_router.js:322:18)
    at dispatch (E:\gits\coding-record\框架学习\egg\base-cli\node_modules\@eggjs\router\node_modules\koa-compose\index.js:44:32)
    at next (E:\gits\coding-record\框架学习\egg\base-cli\node_modules\@eggjs\router\node_modules\koa-compose\index.js:45:18)
    at E:\gits\coding-record\框架学习\egg\base-cli\node_modules\@eggjs\router\lib\router.js:190:18
    at dispatch (E:\gits\coding-record\框架学习\egg\base-cli\node_modules\@eggjs\router\node_modules\koa-compose\index.js:44:32)
    at E:\gits\coding-record\框架学习\egg\base-cli\node_modules\@eggjs\router\node_modules\koa-compose\index.js:36:12

pid: 15312
hostname: DESKTOP-0D3TES1

2019-11-05 14:42:50,126 ERROR 21140 [-/::1/-/32ms POST /transfer-accounts] nodejs.TypeError: Cannot read property 'get' of undefined
    at CsrfTest.transfer (E:\gits\coding-record\框架学习\egg\base-cli\app\controller\csrfTest.js:15:42)
    at Object.callFn (E:\gits\coding-record\框架学习\egg\base-cli\node_modules\egg-core\lib\utils\index.js:44:21)
    at Object.classControllerMiddleware (E:\gits\coding-record\框架学习\egg\base-cli\node_modules\egg-core\lib\loader\mixin\controller.js:87:20)
    at Object.callFn (E:\gits\coding-record\框架学习\egg\base-cli\node_modules\@eggjs\router\lib\utils.js:12:21)
    at wrappedController (E:\gits\coding-record\框架学习\egg\base-cli\node_modules\@eggjs\router\lib\egg_router.js:322:18)
    at dispatch (E:\gits\coding-record\框架学习\egg\base-cli\node_modules\@eggjs\router\node_modules\koa-compose\index.js:44:32)
    at next (E:\gits\coding-record\框架学习\egg\base-cli\node_modules\@eggjs\router\node_modules\koa-compose\index.js:45:18)
    at E:\gits\coding-record\框架学习\egg\base-cli\node_modules\@eggjs\router\lib\router.js:190:18
    at dispatch (E:\gits\coding-record\框架学习\egg\base-cli\node_modules\@eggjs\router\node_modules\koa-compose\index.js:44:32)
    at E:\gits\coding-record\框架学习\egg\base-cli\node_modules\@eggjs\router\node_modules\koa-compose\index.js:36:12

pid: 21140
hostname: DESKTOP-0D3TES1

2019-11-05 14:43:01,108 ERROR 21140 [-/::1/-/8ms POST /transfer-accounts] nodejs.TypeError: Cannot read property 'get' of undefined
    at CsrfTest.transfer (E:\gits\coding-record\框架学习\egg\base-cli\app\controller\csrfTest.js:15:42)
    at Object.callFn (E:\gits\coding-record\框架学习\egg\base-cli\node_modules\egg-core\lib\utils\index.js:44:21)
    at Object.classControllerMiddleware (E:\gits\coding-record\框架学习\egg\base-cli\node_modules\egg-core\lib\loader\mixin\controller.js:87:20)
    at Object.callFn (E:\gits\coding-record\框架学习\egg\base-cli\node_modules\@eggjs\router\lib\utils.js:12:21)
    at wrappedController (E:\gits\coding-record\框架学习\egg\base-cli\node_modules\@eggjs\router\lib\egg_router.js:322:18)
    at dispatch (E:\gits\coding-record\框架学习\egg\base-cli\node_modules\@eggjs\router\node_modules\koa-compose\index.js:44:32)
    at next (E:\gits\coding-record\框架学习\egg\base-cli\node_modules\@eggjs\router\node_modules\koa-compose\index.js:45:18)
    at E:\gits\coding-record\框架学习\egg\base-cli\node_modules\@eggjs\router\lib\router.js:190:18
    at dispatch (E:\gits\coding-record\框架学习\egg\base-cli\node_modules\@eggjs\router\node_modules\koa-compose\index.js:44:32)
    at E:\gits\coding-record\框架学习\egg\base-cli\node_modules\@eggjs\router\node_modules\koa-compose\index.js:36:12

pid: 21140
hostname: DESKTOP-0D3TES1

