2019-10-22 00:00:01,017 INFO 7564 [egg-logrotator] app logger reload: got log-reload message
2019-10-22 04:30:00,010 INFO 7564 [-/127.0.0.1/-/1ms SCHEDULE /__schedule?path=E:\gits\coding-record\框架学习\egg\base-cli\node_modules\egg-multipart\app\schedule\clean_tmpdir.js&type=worker&cron=0%2030%204%20*%20*%20*&immediate=false] [egg-multipart:CleanTmpdir] start clean tmpdir: "C:\\Users\\tf\\AppData\\Local\\Temp\\egg-multipart-tmp\\base-cli"
2019-10-22 04:30:00,016 INFO 7564 [-/127.0.0.1/-/7ms SCHEDULE /__schedule?path=E:\gits\coding-record\框架学习\egg\base-cli\node_modules\egg-multipart\app\schedule\clean_tmpdir.js&type=worker&cron=0%2030%204%20*%20*%20*&immediate=false] [egg-multipart:CleanTmpdir] end
2019-10-22 10:17:11,689 INFO 11024 [egg:logger] init all loggers with options: {"dir":"E:\\gits\\coding-record\\框架学习\\egg\\base-cli\\logs\\base-cli","encoding":"utf8","env":"local","level":"INFO","consoleLevel":"INFO","disableConsoleAfterReady":false,"outputJSON":false,"buffer":true,"appLogName":"base-cli-web.log","coreLogName":"egg-web.log","agentLogName":"egg-agent.log","errorLogName":"common-error.log","coreLogger":{"consoleLevel":"WARN"},"allowDebugAtProd":false,"type":"application"}
2019-10-22 10:17:11,740 INFO 11024 [egg-multipart] stream mode enable
2019-10-22 10:17:11,825 INFO 11024 [egg-static] starting static serve /public/ -> E:\gits\coding-record\框架学习\egg\base-cli\app\public
2019-10-22 10:17:11,829 INFO 11024 [egg-security] use csrf middleware
2019-10-22 10:17:11,831 INFO 11024 [egg-security] use methodnoallow middleware
2019-10-22 10:17:11,832 INFO 11024 [egg-security] use noopen middleware
2019-10-22 10:17:11,833 INFO 11024 [egg-security] use nosniff middleware
2019-10-22 10:17:11,833 INFO 11024 [egg-security] use xssProtection middleware
2019-10-22 10:17:11,834 INFO 11024 [egg-security] use xframe middleware
2019-10-22 10:17:11,834 INFO 11024 [egg-security] use dta middleware
2019-10-22 10:17:11,834 INFO 11024 [egg-security] compose 7 middlewares into one security middleware
2019-10-22 10:17:11,850 INFO 11024 [egg:core] dump config after load, 9ms
2019-10-22 10:17:11,880 INFO 11024 [egg-watcher:application] watcher start success
2019-10-22 10:17:11,905 INFO 11024 [egg:core] dump config after ready, 10ms
2019-10-22 10:18:23,997 INFO 9012 [egg:logger] init all loggers with options: {"dir":"E:\\gits\\coding-record\\框架学习\\egg\\base-cli\\logs\\base-cli","encoding":"utf8","env":"local","level":"INFO","consoleLevel":"INFO","disableConsoleAfterReady":false,"outputJSON":false,"buffer":true,"appLogName":"base-cli-web.log","coreLogName":"egg-web.log","agentLogName":"egg-agent.log","errorLogName":"common-error.log","coreLogger":{"consoleLevel":"WARN"},"allowDebugAtProd":false,"type":"application"}
2019-10-22 10:18:24,045 INFO 9012 [egg-multipart] stream mode enable
2019-10-22 10:18:24,121 INFO 9012 [egg-static] starting static serve /public/ -> E:\gits\coding-record\框架学习\egg\base-cli\app\public
2019-10-22 10:18:24,125 INFO 9012 [egg-security] use csrf middleware
2019-10-22 10:18:24,127 INFO 9012 [egg-security] use methodnoallow middleware
2019-10-22 10:18:24,127 INFO 9012 [egg-security] use noopen middleware
2019-10-22 10:18:24,129 INFO 9012 [egg-security] use nosniff middleware
2019-10-22 10:18:24,129 INFO 9012 [egg-security] use xssProtection middleware
2019-10-22 10:18:24,130 INFO 9012 [egg-security] use xframe middleware
2019-10-22 10:18:24,130 INFO 9012 [egg-security] use dta middleware
2019-10-22 10:18:24,130 INFO 9012 [egg-security] compose 7 middlewares into one security middleware
2019-10-22 10:18:24,147 INFO 9012 [egg:core] dump config after load, 9ms
2019-10-22 10:18:24,178 INFO 9012 [egg-watcher:application] watcher start success
2019-10-22 10:18:24,201 INFO 9012 [egg:core] dump config after ready, 8ms
2019-10-22 10:18:59,587 INFO 14412 [egg:logger] init all loggers with options: {"dir":"E:\\gits\\coding-record\\框架学习\\egg\\base-cli\\logs\\base-cli","encoding":"utf8","env":"local","level":"INFO","consoleLevel":"INFO","disableConsoleAfterReady":false,"outputJSON":false,"buffer":true,"appLogName":"base-cli-web.log","coreLogName":"egg-web.log","agentLogName":"egg-agent.log","errorLogName":"common-error.log","coreLogger":{"consoleLevel":"WARN"},"allowDebugAtProd":false,"type":"application"}
2019-10-22 10:18:59,647 INFO 14412 [egg-multipart] stream mode enable
2019-10-22 10:18:59,791 INFO 14412 [egg-static] starting static serve /public/ -> E:\gits\coding-record\框架学习\egg\base-cli\app\public
2019-10-22 10:18:59,799 INFO 14412 [egg-security] use csrf middleware
2019-10-22 10:18:59,801 INFO 14412 [egg-security] use methodnoallow middleware
2019-10-22 10:18:59,802 INFO 14412 [egg-security] use noopen middleware
2019-10-22 10:18:59,803 INFO 14412 [egg-security] use nosniff middleware
2019-10-22 10:18:59,803 INFO 14412 [egg-security] use xssProtection middleware
2019-10-22 10:18:59,804 INFO 14412 [egg-security] use xframe middleware
2019-10-22 10:18:59,805 INFO 14412 [egg-security] use dta middleware
2019-10-22 10:18:59,805 INFO 14412 [egg-security] compose 7 middlewares into one security middleware
2019-10-22 10:18:59,831 INFO 14412 [egg:core] dump config after load, 14ms
2019-10-22 10:18:59,866 INFO 14412 [egg-watcher:application] watcher start success
2019-10-22 10:18:59,885 INFO 14412 [egg:core] dump config after ready, 9ms
2019-10-22 10:19:01,674 INFO 17468 [egg:logger] init all loggers with options: {"dir":"E:\\gits\\coding-record\\框架学习\\egg\\base-cli\\logs\\base-cli","encoding":"utf8","env":"local","level":"INFO","consoleLevel":"INFO","disableConsoleAfterReady":false,"outputJSON":false,"buffer":true,"appLogName":"base-cli-web.log","coreLogName":"egg-web.log","agentLogName":"egg-agent.log","errorLogName":"common-error.log","coreLogger":{"consoleLevel":"WARN"},"allowDebugAtProd":false,"type":"application"}
2019-10-22 10:19:01,717 INFO 17468 [egg-multipart] stream mode enable
2019-10-22 10:19:01,797 INFO 17468 [egg-static] starting static serve /public/ -> E:\gits\coding-record\框架学习\egg\base-cli\app\public
2019-10-22 10:19:01,802 INFO 17468 [egg-security] use csrf middleware
2019-10-22 10:19:01,803 INFO 17468 [egg-security] use methodnoallow middleware
2019-10-22 10:19:01,804 INFO 17468 [egg-security] use noopen middleware
2019-10-22 10:19:01,805 INFO 17468 [egg-security] use nosniff middleware
2019-10-22 10:19:01,806 INFO 17468 [egg-security] use xssProtection middleware
2019-10-22 10:19:01,806 INFO 17468 [egg-security] use xframe middleware
2019-10-22 10:19:01,807 INFO 17468 [egg-security] use dta middleware
2019-10-22 10:19:01,807 INFO 17468 [egg-security] compose 7 middlewares into one security middleware
2019-10-22 10:19:01,822 INFO 17468 [egg:core] dump config after load, 9ms
2019-10-22 10:19:01,850 INFO 17468 [egg-watcher:application] watcher start success
2019-10-22 10:19:01,871 INFO 17468 [egg:core] dump config after ready, 9ms
2019-10-22 10:19:21,378 INFO 12452 [egg:logger] init all loggers with options: {"dir":"E:\\gits\\coding-record\\框架学习\\egg\\base-cli\\logs\\base-cli","encoding":"utf8","env":"local","level":"INFO","consoleLevel":"INFO","disableConsoleAfterReady":false,"outputJSON":false,"buffer":true,"appLogName":"base-cli-web.log","coreLogName":"egg-web.log","agentLogName":"egg-agent.log","errorLogName":"common-error.log","coreLogger":{"consoleLevel":"WARN"},"allowDebugAtProd":false,"type":"application"}
2019-10-22 10:19:21,420 INFO 12452 [egg-multipart] stream mode enable
2019-10-22 10:19:21,500 INFO 12452 [egg-static] starting static serve /public/ -> E:\gits\coding-record\框架学习\egg\base-cli\app\public
2019-10-22 10:19:21,505 INFO 12452 [egg-security] use csrf middleware
2019-10-22 10:19:21,507 INFO 12452 [egg-security] use methodnoallow middleware
2019-10-22 10:19:21,508 INFO 12452 [egg-security] use noopen middleware
2019-10-22 10:19:21,509 INFO 12452 [egg-security] use nosniff middleware
2019-10-22 10:19:21,510 INFO 12452 [egg-security] use xssProtection middleware
2019-10-22 10:19:21,511 INFO 12452 [egg-security] use xframe middleware
2019-10-22 10:19:21,511 INFO 12452 [egg-security] use dta middleware
2019-10-22 10:19:21,511 INFO 12452 [egg-security] compose 7 middlewares into one security middleware
2019-10-22 10:19:21,584 INFO 12452 [egg:core] dump config after load, 66ms
2019-10-22 10:19:21,614 INFO 12452 [egg-watcher:application] watcher start success
2019-10-22 10:19:21,635 INFO 12452 [egg:core] dump config after ready, 13ms
2019-10-22 10:21:11,475 INFO 8324 [egg:logger] init all loggers with options: {"dir":"E:\\gits\\coding-record\\框架学习\\egg\\base-cli\\logs\\base-cli","encoding":"utf8","env":"local","level":"INFO","consoleLevel":"INFO","disableConsoleAfterReady":false,"outputJSON":false,"buffer":true,"appLogName":"base-cli-web.log","coreLogName":"egg-web.log","agentLogName":"egg-agent.log","errorLogName":"common-error.log","coreLogger":{"consoleLevel":"WARN"},"allowDebugAtProd":false,"type":"application"}
2019-10-22 10:21:11,524 INFO 8324 [egg-multipart] stream mode enable
2019-10-22 10:21:11,603 INFO 8324 [egg-static] starting static serve /public/ -> E:\gits\coding-record\框架学习\egg\base-cli\app\public
2019-10-22 10:21:11,607 INFO 8324 [egg-security] use csrf middleware
2019-10-22 10:21:11,608 INFO 8324 [egg-security] use methodnoallow middleware
2019-10-22 10:21:11,609 INFO 8324 [egg-security] use noopen middleware
2019-10-22 10:21:11,610 INFO 8324 [egg-security] use nosniff middleware
2019-10-22 10:21:11,611 INFO 8324 [egg-security] use xssProtection middleware
2019-10-22 10:21:11,611 INFO 8324 [egg-security] use xframe middleware
2019-10-22 10:21:11,612 INFO 8324 [egg-security] use dta middleware
2019-10-22 10:21:11,612 INFO 8324 [egg-security] compose 7 middlewares into one security middleware
2019-10-22 10:21:11,628 INFO 8324 [egg:core] dump config after load, 9ms
2019-10-22 10:21:11,660 INFO 8324 [egg-watcher:application] watcher start success
2019-10-22 10:21:11,691 INFO 8324 [egg:core] dump config after ready, 21ms
2019-10-22 10:22:24,642 INFO 6060 [egg:logger] init all loggers with options: {"dir":"E:\\gits\\coding-record\\框架学习\\egg\\base-cli\\logs\\base-cli","encoding":"utf8","env":"local","level":"INFO","consoleLevel":"INFO","disableConsoleAfterReady":false,"outputJSON":false,"buffer":true,"appLogName":"base-cli-web.log","coreLogName":"egg-web.log","agentLogName":"egg-agent.log","errorLogName":"common-error.log","coreLogger":{"consoleLevel":"WARN"},"allowDebugAtProd":false,"type":"application"}
2019-10-22 10:22:24,694 INFO 6060 [egg-multipart] stream mode enable
2019-10-22 10:22:24,798 INFO 6060 [egg-static] starting static serve /public/ -> E:\gits\coding-record\框架学习\egg\base-cli\app\public
2019-10-22 10:22:24,803 INFO 6060 [egg-security] use csrf middleware
2019-10-22 10:22:24,804 INFO 6060 [egg-security] use methodnoallow middleware
2019-10-22 10:22:24,805 INFO 6060 [egg-security] use noopen middleware
2019-10-22 10:22:24,806 INFO 6060 [egg-security] use nosniff middleware
2019-10-22 10:22:24,807 INFO 6060 [egg-security] use xssProtection middleware
2019-10-22 10:22:24,808 INFO 6060 [egg-security] use xframe middleware
2019-10-22 10:22:24,808 INFO 6060 [egg-security] use dta middleware
2019-10-22 10:22:24,808 INFO 6060 [egg-security] compose 7 middlewares into one security middleware
2019-10-22 10:22:24,828 INFO 6060 [egg:core] dump config after load, 10ms
2019-10-22 10:22:24,886 INFO 6060 [egg-watcher:application] watcher start success
2019-10-22 10:22:24,919 INFO 6060 [egg:core] dump config after ready, 13ms
2019-10-22 10:22:34,325 INFO 12312 [egg:logger] init all loggers with options: {"dir":"E:\\gits\\coding-record\\框架学习\\egg\\base-cli\\logs\\base-cli","encoding":"utf8","env":"local","level":"INFO","consoleLevel":"INFO","disableConsoleAfterReady":false,"outputJSON":false,"buffer":true,"appLogName":"base-cli-web.log","coreLogName":"egg-web.log","agentLogName":"egg-agent.log","errorLogName":"common-error.log","coreLogger":{"consoleLevel":"WARN"},"allowDebugAtProd":false,"type":"application"}
2019-10-22 10:22:34,384 INFO 12312 [egg-multipart] stream mode enable
2019-10-22 10:22:34,515 INFO 12312 [egg-static] starting static serve /public/ -> E:\gits\coding-record\框架学习\egg\base-cli\app\public
2019-10-22 10:22:34,519 INFO 12312 [egg-security] use csrf middleware
2019-10-22 10:22:34,521 INFO 12312 [egg-security] use methodnoallow middleware
2019-10-22 10:22:34,522 INFO 12312 [egg-security] use noopen middleware
2019-10-22 10:22:34,525 INFO 12312 [egg-security] use nosniff middleware
2019-10-22 10:22:34,526 INFO 12312 [egg-security] use xssProtection middleware
2019-10-22 10:22:34,527 INFO 12312 [egg-security] use xframe middleware
2019-10-22 10:22:34,528 INFO 12312 [egg-security] use dta middleware
2019-10-22 10:22:34,528 INFO 12312 [egg-security] compose 7 middlewares into one security middleware
2019-10-22 10:22:34,548 INFO 12312 [egg:core] dump config after load, 10ms
2019-10-22 10:22:34,583 INFO 12312 [egg-watcher:application] watcher start success
2019-10-22 10:22:34,615 INFO 12312 [egg:core] dump config after ready, 20ms
2019-10-22 10:24:06,049 INFO 14860 [egg:logger] init all loggers with options: {"dir":"E:\\gits\\coding-record\\框架学习\\egg\\base-cli\\logs\\base-cli","encoding":"utf8","env":"local","level":"INFO","consoleLevel":"INFO","disableConsoleAfterReady":false,"outputJSON":false,"buffer":true,"appLogName":"base-cli-web.log","coreLogName":"egg-web.log","agentLogName":"egg-agent.log","errorLogName":"common-error.log","coreLogger":{"consoleLevel":"WARN"},"allowDebugAtProd":false,"type":"application"}
2019-10-22 10:24:06,094 INFO 14860 [egg-multipart] stream mode enable
2019-10-22 10:24:06,169 INFO 14860 [egg-static] starting static serve /public/ -> E:\gits\coding-record\框架学习\egg\base-cli\app\public
2019-10-22 10:24:06,173 INFO 14860 [egg-security] use csrf middleware
2019-10-22 10:24:06,174 INFO 14860 [egg-security] use methodnoallow middleware
2019-10-22 10:24:06,175 INFO 14860 [egg-security] use noopen middleware
2019-10-22 10:24:06,176 INFO 14860 [egg-security] use nosniff middleware
2019-10-22 10:24:06,177 INFO 14860 [egg-security] use xssProtection middleware
2019-10-22 10:24:06,178 INFO 14860 [egg-security] use xframe middleware
2019-10-22 10:24:06,178 INFO 14860 [egg-security] use dta middleware
2019-10-22 10:24:06,178 INFO 14860 [egg-security] compose 7 middlewares into one security middleware
2019-10-22 10:24:06,194 INFO 14860 [egg:core] dump config after load, 9ms
2019-10-22 10:24:06,227 INFO 14860 [egg-watcher:application] watcher start success
2019-10-22 10:24:06,258 INFO 14860 [egg:core] dump config after ready, 21ms
2019-10-22 10:37:10,670 INFO 14860 [egg-view-nunjucks] loading templates from ["E:\\gits\\coding-record\\框架学习\\egg\\base-cli\\app\\view"]
2019-10-22 10:42:13,223 INFO 2208 [egg:logger] init all loggers with options: {"dir":"E:\\gits\\coding-record\\框架学习\\egg\\base-cli\\logs\\base-cli","encoding":"utf8","env":"local","level":"INFO","consoleLevel":"INFO","disableConsoleAfterReady":false,"outputJSON":false,"buffer":true,"appLogName":"base-cli-web.log","coreLogName":"egg-web.log","agentLogName":"egg-agent.log","errorLogName":"common-error.log","coreLogger":{"consoleLevel":"WARN"},"allowDebugAtProd":false,"type":"application"}
2019-10-22 10:42:13,287 INFO 2208 [egg-multipart] stream mode enable
2019-10-22 10:42:13,409 INFO 2208 [egg-static] starting static serve /public/ -> E:\gits\coding-record\框架学习\egg\base-cli\app\public
2019-10-22 10:42:13,413 INFO 2208 [egg-security] use csrf middleware
2019-10-22 10:42:13,414 INFO 2208 [egg-security] use methodnoallow middleware
2019-10-22 10:42:13,415 INFO 2208 [egg-security] use noopen middleware
2019-10-22 10:42:13,416 INFO 2208 [egg-security] use nosniff middleware
2019-10-22 10:42:13,417 INFO 2208 [egg-security] use xssProtection middleware
2019-10-22 10:42:13,417 INFO 2208 [egg-security] use xframe middleware
2019-10-22 10:42:13,418 INFO 2208 [egg-security] use dta middleware
2019-10-22 10:42:13,418 INFO 2208 [egg-security] compose 7 middlewares into one security middleware
2019-10-22 10:42:13,433 INFO 2208 [egg:core] dump config after load, 8ms
2019-10-22 10:42:13,459 INFO 2208 [egg-watcher:application] watcher start success
2019-10-22 10:42:13,482 INFO 2208 [egg:core] dump config after ready, 10ms
2019-10-22 10:42:18,541 INFO 11868 [egg:logger] init all loggers with options: {"dir":"E:\\gits\\coding-record\\框架学习\\egg\\base-cli\\logs\\base-cli","encoding":"utf8","env":"local","level":"INFO","consoleLevel":"INFO","disableConsoleAfterReady":false,"outputJSON":false,"buffer":true,"appLogName":"base-cli-web.log","coreLogName":"egg-web.log","agentLogName":"egg-agent.log","errorLogName":"common-error.log","coreLogger":{"consoleLevel":"WARN"},"allowDebugAtProd":false,"type":"application"}
2019-10-22 10:42:18,591 INFO 11868 [egg-multipart] stream mode enable
2019-10-22 10:42:18,690 INFO 11868 [egg-static] starting static serve /public/ -> E:\gits\coding-record\框架学习\egg\base-cli\app\public
2019-10-22 10:42:18,695 INFO 11868 [egg-security] use csrf middleware
2019-10-22 10:42:18,697 INFO 11868 [egg-security] use methodnoallow middleware
2019-10-22 10:42:18,697 INFO 11868 [egg-security] use noopen middleware
2019-10-22 10:42:18,699 INFO 11868 [egg-security] use nosniff middleware
2019-10-22 10:42:18,700 INFO 11868 [egg-security] use xssProtection middleware
2019-10-22 10:42:18,700 INFO 11868 [egg-security] use xframe middleware
2019-10-22 10:42:18,701 INFO 11868 [egg-security] use dta middleware
2019-10-22 10:42:18,701 INFO 11868 [egg-security] compose 7 middlewares into one security middleware
2019-10-22 10:42:18,722 INFO 11868 [egg:core] dump config after load, 11ms
2019-10-22 10:42:18,752 INFO 11868 [egg-watcher:application] watcher start success
2019-10-22 10:42:18,777 INFO 11868 [egg:core] dump config after ready, 12ms
2019-10-22 10:42:20,855 INFO 11652 [egg:logger] init all loggers with options: {"dir":"E:\\gits\\coding-record\\框架学习\\egg\\base-cli\\logs\\base-cli","encoding":"utf8","env":"local","level":"INFO","consoleLevel":"INFO","disableConsoleAfterReady":false,"outputJSON":false,"buffer":true,"appLogName":"base-cli-web.log","coreLogName":"egg-web.log","agentLogName":"egg-agent.log","errorLogName":"common-error.log","coreLogger":{"consoleLevel":"WARN"},"allowDebugAtProd":false,"type":"application"}
2019-10-22 10:42:20,901 INFO 11652 [egg-multipart] stream mode enable
2019-10-22 10:42:20,979 INFO 11652 [egg-static] starting static serve /public/ -> E:\gits\coding-record\框架学习\egg\base-cli\app\public
2019-10-22 10:42:20,983 INFO 11652 [egg-security] use csrf middleware
2019-10-22 10:42:20,985 INFO 11652 [egg-security] use methodnoallow middleware
2019-10-22 10:42:20,985 INFO 11652 [egg-security] use noopen middleware
2019-10-22 10:42:20,987 INFO 11652 [egg-security] use nosniff middleware
2019-10-22 10:42:20,988 INFO 11652 [egg-security] use xssProtection middleware
2019-10-22 10:42:20,988 INFO 11652 [egg-security] use xframe middleware
2019-10-22 10:42:20,989 INFO 11652 [egg-security] use dta middleware
2019-10-22 10:42:20,989 INFO 11652 [egg-security] compose 7 middlewares into one security middleware
2019-10-22 10:42:21,005 INFO 11652 [egg:core] dump config after load, 10ms
2019-10-22 10:42:21,029 INFO 11652 [egg-watcher:application] watcher start success
2019-10-22 10:42:21,048 INFO 11652 [egg:core] dump config after ready, 9ms
2019-10-22 10:42:24,918 INFO 20628 [egg:logger] init all loggers with options: {"dir":"E:\\gits\\coding-record\\框架学习\\egg\\base-cli\\logs\\base-cli","encoding":"utf8","env":"local","level":"INFO","consoleLevel":"INFO","disableConsoleAfterReady":false,"outputJSON":false,"buffer":true,"appLogName":"base-cli-web.log","coreLogName":"egg-web.log","agentLogName":"egg-agent.log","errorLogName":"common-error.log","coreLogger":{"consoleLevel":"WARN"},"allowDebugAtProd":false,"type":"application"}
2019-10-22 10:42:24,970 INFO 20628 [egg-multipart] stream mode enable
2019-10-22 10:42:25,067 INFO 20628 [egg-static] starting static serve /public/ -> E:\gits\coding-record\框架学习\egg\base-cli\app\public
2019-10-22 10:42:25,073 INFO 20628 [egg-security] use csrf middleware
2019-10-22 10:42:25,076 INFO 20628 [egg-security] use methodnoallow middleware
2019-10-22 10:42:25,076 INFO 20628 [egg-security] use noopen middleware
2019-10-22 10:42:25,079 INFO 20628 [egg-security] use nosniff middleware
2019-10-22 10:42:25,080 INFO 20628 [egg-security] use xssProtection middleware
2019-10-22 10:42:25,081 INFO 20628 [egg-security] use xframe middleware
2019-10-22 10:42:25,082 INFO 20628 [egg-security] use dta middleware
2019-10-22 10:42:25,082 INFO 20628 [egg-security] compose 7 middlewares into one security middleware
2019-10-22 10:42:25,099 INFO 20628 [egg:core] dump config after load, 8ms
2019-10-22 10:42:25,126 INFO 20628 [egg-watcher:application] watcher start success
2019-10-22 10:42:25,149 INFO 20628 [egg:core] dump config after ready, 11ms
2019-10-22 10:42:28,571 INFO 5672 [egg:logger] init all loggers with options: {"dir":"E:\\gits\\coding-record\\框架学习\\egg\\base-cli\\logs\\base-cli","encoding":"utf8","env":"local","level":"INFO","consoleLevel":"INFO","disableConsoleAfterReady":false,"outputJSON":false,"buffer":true,"appLogName":"base-cli-web.log","coreLogName":"egg-web.log","agentLogName":"egg-agent.log","errorLogName":"common-error.log","coreLogger":{"consoleLevel":"WARN"},"allowDebugAtProd":false,"type":"application"}
2019-10-22 10:42:28,653 INFO 5672 [egg-multipart] stream mode enable
2019-10-22 10:42:28,769 INFO 5672 [egg-static] starting static serve /public/ -> E:\gits\coding-record\框架学习\egg\base-cli\app\public
2019-10-22 10:42:28,776 INFO 5672 [egg-security] use csrf middleware
2019-10-22 10:42:28,778 INFO 5672 [egg-security] use methodnoallow middleware
2019-10-22 10:42:28,779 INFO 5672 [egg-security] use noopen middleware
2019-10-22 10:42:28,781 INFO 5672 [egg-security] use nosniff middleware
2019-10-22 10:42:28,782 INFO 5672 [egg-security] use xssProtection middleware
2019-10-22 10:42:28,783 INFO 5672 [egg-security] use xframe middleware
2019-10-22 10:42:28,784 INFO 5672 [egg-security] use dta middleware
2019-10-22 10:42:28,784 INFO 5672 [egg-security] compose 7 middlewares into one security middleware
2019-10-22 10:42:28,806 INFO 5672 [egg:core] dump config after load, 11ms
2019-10-22 10:42:28,838 INFO 5672 [egg-watcher:application] watcher start success
2019-10-22 10:42:28,863 INFO 5672 [egg:core] dump config after ready, 10ms
2019-10-22 10:42:33,909 INFO 17044 [egg:logger] init all loggers with options: {"dir":"E:\\gits\\coding-record\\框架学习\\egg\\base-cli\\logs\\base-cli","encoding":"utf8","env":"local","level":"INFO","consoleLevel":"INFO","disableConsoleAfterReady":false,"outputJSON":false,"buffer":true,"appLogName":"base-cli-web.log","coreLogName":"egg-web.log","agentLogName":"egg-agent.log","errorLogName":"common-error.log","coreLogger":{"consoleLevel":"WARN"},"allowDebugAtProd":false,"type":"application"}
2019-10-22 10:42:33,960 INFO 17044 [egg-multipart] stream mode enable
2019-10-22 10:42:34,047 INFO 17044 [egg-static] starting static serve /public/ -> E:\gits\coding-record\框架学习\egg\base-cli\app\public
2019-10-22 10:42:34,051 INFO 17044 [egg-security] use csrf middleware
2019-10-22 10:42:34,053 INFO 17044 [egg-security] use methodnoallow middleware
2019-10-22 10:42:34,053 INFO 17044 [egg-security] use noopen middleware
2019-10-22 10:42:34,055 INFO 17044 [egg-security] use nosniff middleware
2019-10-22 10:42:34,055 INFO 17044 [egg-security] use xssProtection middleware
2019-10-22 10:42:34,057 INFO 17044 [egg-security] use xframe middleware
2019-10-22 10:42:34,058 INFO 17044 [egg-security] use dta middleware
2019-10-22 10:42:34,058 INFO 17044 [egg-security] compose 7 middlewares into one security middleware
2019-10-22 10:42:34,075 INFO 17044 [egg:core] dump config after load, 10ms
2019-10-22 10:42:34,103 INFO 17044 [egg-watcher:application] watcher start success
2019-10-22 10:42:34,125 INFO 17044 [egg:core] dump config after ready, 10ms
2019-10-22 11:27:35,302 INFO 17024 [egg:logger] init all loggers with options: {"dir":"E:\\gits\\coding-record\\框架学习\\egg\\base-cli\\logs\\base-cli","encoding":"utf8","env":"local","level":"INFO","consoleLevel":"INFO","disableConsoleAfterReady":false,"outputJSON":false,"buffer":true,"appLogName":"base-cli-web.log","coreLogName":"egg-web.log","agentLogName":"egg-agent.log","errorLogName":"common-error.log","coreLogger":{"consoleLevel":"WARN"},"allowDebugAtProd":false,"type":"application"}
2019-10-22 11:27:35,353 INFO 17024 [egg-multipart] stream mode enable
2019-10-22 11:27:35,439 INFO 17024 [egg-static] starting static serve /public/ -> E:\gits\coding-record\框架学习\egg\base-cli\app\public
2019-10-22 11:27:35,443 INFO 17024 [egg-security] use csrf middleware
2019-10-22 11:27:35,445 INFO 17024 [egg-security] use methodnoallow middleware
2019-10-22 11:27:35,445 INFO 17024 [egg-security] use noopen middleware
2019-10-22 11:27:35,447 INFO 17024 [egg-security] use nosniff middleware
2019-10-22 11:27:35,447 INFO 17024 [egg-security] use xssProtection middleware
2019-10-22 11:27:35,448 INFO 17024 [egg-security] use xframe middleware
2019-10-22 11:27:35,448 INFO 17024 [egg-security] use dta middleware
2019-10-22 11:27:35,448 INFO 17024 [egg-security] compose 7 middlewares into one security middleware
2019-10-22 11:27:35,466 INFO 17024 [egg:core] dump config after load, 10ms
2019-10-22 11:27:35,500 INFO 17024 [egg-watcher:application] watcher start success
2019-10-22 11:27:35,523 INFO 17024 [egg:core] dump config after ready, 11ms
2019-10-22 11:27:40,487 INFO 16296 [egg:logger] init all loggers with options: {"dir":"E:\\gits\\coding-record\\框架学习\\egg\\base-cli\\logs\\base-cli","encoding":"utf8","env":"local","level":"INFO","consoleLevel":"INFO","disableConsoleAfterReady":false,"outputJSON":false,"buffer":true,"appLogName":"base-cli-web.log","coreLogName":"egg-web.log","agentLogName":"egg-agent.log","errorLogName":"common-error.log","coreLogger":{"consoleLevel":"WARN"},"allowDebugAtProd":false,"type":"application"}
2019-10-22 11:27:40,577 INFO 16296 [egg-multipart] stream mode enable
2019-10-22 11:27:40,710 INFO 16296 [egg-static] starting static serve /public/ -> E:\gits\coding-record\框架学习\egg\base-cli\app\public
2019-10-22 11:27:40,717 INFO 16296 [egg-security] use csrf middleware
2019-10-22 11:27:40,719 INFO 16296 [egg-security] use methodnoallow middleware
2019-10-22 11:27:40,719 INFO 16296 [egg-security] use noopen middleware
2019-10-22 11:27:40,720 INFO 16296 [egg-security] use nosniff middleware
2019-10-22 11:27:40,721 INFO 16296 [egg-security] use xssProtection middleware
2019-10-22 11:27:40,722 INFO 16296 [egg-security] use xframe middleware
2019-10-22 11:27:40,723 INFO 16296 [egg-security] use dta middleware
2019-10-22 11:27:40,723 INFO 16296 [egg-security] compose 7 middlewares into one security middleware
2019-10-22 11:27:40,745 INFO 16296 [egg:core] dump config after load, 13ms
2019-10-22 11:27:40,778 INFO 16296 [egg-watcher:application] watcher start success
2019-10-22 11:27:40,798 INFO 16296 [egg:core] dump config after ready, 9ms
2019-10-22 11:27:45,300 INFO 6300 [egg:logger] init all loggers with options: {"dir":"E:\\gits\\coding-record\\框架学习\\egg\\base-cli\\logs\\base-cli","encoding":"utf8","env":"local","level":"INFO","consoleLevel":"INFO","disableConsoleAfterReady":false,"outputJSON":false,"buffer":true,"appLogName":"base-cli-web.log","coreLogName":"egg-web.log","agentLogName":"egg-agent.log","errorLogName":"common-error.log","coreLogger":{"consoleLevel":"WARN"},"allowDebugAtProd":false,"type":"application"}
2019-10-22 11:27:45,343 INFO 6300 [egg-multipart] stream mode enable
2019-10-22 11:27:45,420 INFO 6300 [egg-static] starting static serve /public/ -> E:\gits\coding-record\框架学习\egg\base-cli\app\public
2019-10-22 11:27:45,424 INFO 6300 [egg-security] use csrf middleware
2019-10-22 11:27:45,425 INFO 6300 [egg-security] use methodnoallow middleware
2019-10-22 11:27:45,426 INFO 6300 [egg-security] use noopen middleware
2019-10-22 11:27:45,427 INFO 6300 [egg-security] use nosniff middleware
2019-10-22 11:27:45,428 INFO 6300 [egg-security] use xssProtection middleware
2019-10-22 11:27:45,429 INFO 6300 [egg-security] use xframe middleware
2019-10-22 11:27:45,429 INFO 6300 [egg-security] use dta middleware
2019-10-22 11:27:45,429 INFO 6300 [egg-security] compose 7 middlewares into one security middleware
2019-10-22 11:27:45,444 INFO 6300 [egg:core] dump config after load, 8ms
2019-10-22 11:27:45,470 INFO 6300 [egg-watcher:application] watcher start success
2019-10-22 11:27:45,493 INFO 6300 [egg:core] dump config after ready, 11ms
2019-10-22 11:28:28,156 INFO 6300 [egg-view-nunjucks] loading templates from ["E:\\gits\\coding-record\\框架学习\\egg\\base-cli\\app\\view"]
2019-10-22 11:29:02,910 INFO 20500 [egg:logger] init all loggers with options: {"dir":"E:\\gits\\coding-record\\框架学习\\egg\\base-cli\\logs\\base-cli","encoding":"utf8","env":"local","level":"INFO","consoleLevel":"INFO","disableConsoleAfterReady":false,"outputJSON":false,"buffer":true,"appLogName":"base-cli-web.log","coreLogName":"egg-web.log","agentLogName":"egg-agent.log","errorLogName":"common-error.log","coreLogger":{"consoleLevel":"WARN"},"allowDebugAtProd":false,"type":"application"}
2019-10-22 11:29:02,968 INFO 20500 [egg-multipart] stream mode enable
2019-10-22 11:29:03,047 INFO 20500 [egg-static] starting static serve /public/ -> E:\gits\coding-record\框架学习\egg\base-cli\app\public
2019-10-22 11:29:03,051 INFO 20500 [egg-security] use csrf middleware
2019-10-22 11:29:03,052 INFO 20500 [egg-security] use methodnoallow middleware
2019-10-22 11:29:03,053 INFO 20500 [egg-security] use noopen middleware
2019-10-22 11:29:03,054 INFO 20500 [egg-security] use nosniff middleware
2019-10-22 11:29:03,055 INFO 20500 [egg-security] use xssProtection middleware
2019-10-22 11:29:03,055 INFO 20500 [egg-security] use xframe middleware
2019-10-22 11:29:03,056 INFO 20500 [egg-security] use dta middleware
2019-10-22 11:29:03,056 INFO 20500 [egg-security] compose 7 middlewares into one security middleware
2019-10-22 11:29:03,072 INFO 20500 [egg:core] dump config after load, 9ms
2019-10-22 11:29:03,101 INFO 20500 [egg-watcher:application] watcher start success
2019-10-22 11:29:03,132 INFO 20500 [egg:core] dump config after ready, 11ms
2019-10-22 11:29:56,810 INFO 15856 [egg:logger] init all loggers with options: {"dir":"E:\\gits\\coding-record\\框架学习\\egg\\base-cli\\logs\\base-cli","encoding":"utf8","env":"local","level":"INFO","consoleLevel":"INFO","disableConsoleAfterReady":false,"outputJSON":false,"buffer":true,"appLogName":"base-cli-web.log","coreLogName":"egg-web.log","agentLogName":"egg-agent.log","errorLogName":"common-error.log","coreLogger":{"consoleLevel":"WARN"},"allowDebugAtProd":false,"type":"application"}
2019-10-22 11:29:56,864 INFO 15856 [egg-multipart] stream mode enable
2019-10-22 11:29:56,970 INFO 15856 [egg-static] starting static serve /public/ -> E:\gits\coding-record\框架学习\egg\base-cli\app\public
2019-10-22 11:29:56,976 INFO 15856 [egg-security] use csrf middleware
2019-10-22 11:29:56,978 INFO 15856 [egg-security] use methodnoallow middleware
2019-10-22 11:29:56,979 INFO 15856 [egg-security] use noopen middleware
2019-10-22 11:29:56,980 INFO 15856 [egg-security] use nosniff middleware
2019-10-22 11:29:56,981 INFO 15856 [egg-security] use xssProtection middleware
2019-10-22 11:29:56,981 INFO 15856 [egg-security] use xframe middleware
2019-10-22 11:29:56,982 INFO 15856 [egg-security] use dta middleware
2019-10-22 11:29:56,982 INFO 15856 [egg-security] compose 7 middlewares into one security middleware
2019-10-22 11:29:57,000 INFO 15856 [egg:core] dump config after load, 11ms
2019-10-22 11:29:57,030 INFO 15856 [egg-watcher:application] watcher start success
2019-10-22 11:29:57,054 INFO 15856 [egg:core] dump config after ready, 11ms
2019-10-22 11:30:04,961 INFO 20592 [egg:logger] init all loggers with options: {"dir":"E:\\gits\\coding-record\\框架学习\\egg\\base-cli\\logs\\base-cli","encoding":"utf8","env":"local","level":"INFO","consoleLevel":"INFO","disableConsoleAfterReady":false,"outputJSON":false,"buffer":true,"appLogName":"base-cli-web.log","coreLogName":"egg-web.log","agentLogName":"egg-agent.log","errorLogName":"common-error.log","coreLogger":{"consoleLevel":"WARN"},"allowDebugAtProd":false,"type":"application"}
2019-10-22 11:30:05,035 INFO 20592 [egg-multipart] stream mode enable
2019-10-22 11:30:05,118 INFO 20592 [egg-static] starting static serve /public/ -> E:\gits\coding-record\框架学习\egg\base-cli\app\public
2019-10-22 11:30:05,122 INFO 20592 [egg-security] use csrf middleware
2019-10-22 11:30:05,124 INFO 20592 [egg-security] use methodnoallow middleware
2019-10-22 11:30:05,125 INFO 20592 [egg-security] use noopen middleware
2019-10-22 11:30:05,126 INFO 20592 [egg-security] use nosniff middleware
2019-10-22 11:30:05,128 INFO 20592 [egg-security] use xssProtection middleware
2019-10-22 11:30:05,128 INFO 20592 [egg-security] use xframe middleware
2019-10-22 11:30:05,129 INFO 20592 [egg-security] use dta middleware
2019-10-22 11:30:05,129 INFO 20592 [egg-security] compose 7 middlewares into one security middleware
2019-10-22 11:30:05,146 INFO 20592 [egg:core] dump config after load, 9ms
2019-10-22 11:30:05,172 INFO 20592 [egg-watcher:application] watcher start success
2019-10-22 11:30:05,193 INFO 20592 [egg:core] dump config after ready, 10ms
2019-10-22 11:30:07,554 INFO 11988 [egg:logger] init all loggers with options: {"dir":"E:\\gits\\coding-record\\框架学习\\egg\\base-cli\\logs\\base-cli","encoding":"utf8","env":"local","level":"INFO","consoleLevel":"INFO","disableConsoleAfterReady":false,"outputJSON":false,"buffer":true,"appLogName":"base-cli-web.log","coreLogName":"egg-web.log","agentLogName":"egg-agent.log","errorLogName":"common-error.log","coreLogger":{"consoleLevel":"WARN"},"allowDebugAtProd":false,"type":"application"}
2019-10-22 11:30:07,633 INFO 11988 [egg-multipart] stream mode enable
2019-10-22 11:30:07,744 INFO 11988 [egg-static] starting static serve /public/ -> E:\gits\coding-record\框架学习\egg\base-cli\app\public
2019-10-22 11:30:07,748 INFO 11988 [egg-security] use csrf middleware
2019-10-22 11:30:07,750 INFO 11988 [egg-security] use methodnoallow middleware
2019-10-22 11:30:07,750 INFO 11988 [egg-security] use noopen middleware
2019-10-22 11:30:07,752 INFO 11988 [egg-security] use nosniff middleware
2019-10-22 11:30:07,753 INFO 11988 [egg-security] use xssProtection middleware
2019-10-22 11:30:07,753 INFO 11988 [egg-security] use xframe middleware
2019-10-22 11:30:07,754 INFO 11988 [egg-security] use dta middleware
2019-10-22 11:30:07,754 INFO 11988 [egg-security] compose 7 middlewares into one security middleware
2019-10-22 11:30:07,773 INFO 11988 [egg:core] dump config after load, 11ms
2019-10-22 11:30:07,802 INFO 11988 [egg-watcher:application] watcher start success
2019-10-22 11:30:07,822 INFO 11988 [egg:core] dump config after ready, 11ms
2019-10-22 11:30:18,050 INFO 2972 [egg:logger] init all loggers with options: {"dir":"E:\\gits\\coding-record\\框架学习\\egg\\base-cli\\logs\\base-cli","encoding":"utf8","env":"local","level":"INFO","consoleLevel":"INFO","disableConsoleAfterReady":false,"outputJSON":false,"buffer":true,"appLogName":"base-cli-web.log","coreLogName":"egg-web.log","agentLogName":"egg-agent.log","errorLogName":"common-error.log","coreLogger":{"consoleLevel":"WARN"},"allowDebugAtProd":false,"type":"application"}
2019-10-22 11:30:18,095 INFO 2972 [egg-multipart] stream mode enable
2019-10-22 11:30:18,170 INFO 2972 [egg-static] starting static serve /public/ -> E:\gits\coding-record\框架学习\egg\base-cli\app\public
2019-10-22 11:30:18,174 INFO 2972 [egg-security] use csrf middleware
2019-10-22 11:30:18,176 INFO 2972 [egg-security] use methodnoallow middleware
2019-10-22 11:30:18,177 INFO 2972 [egg-security] use noopen middleware
2019-10-22 11:30:18,178 INFO 2972 [egg-security] use nosniff middleware
2019-10-22 11:30:18,178 INFO 2972 [egg-security] use xssProtection middleware
2019-10-22 11:30:18,179 INFO 2972 [egg-security] use xframe middleware
2019-10-22 11:30:18,180 INFO 2972 [egg-security] use dta middleware
2019-10-22 11:30:18,180 INFO 2972 [egg-security] compose 7 middlewares into one security middleware
2019-10-22 11:30:18,194 INFO 2972 [egg:core] dump config after load, 8ms
2019-10-22 11:30:18,226 INFO 2972 [egg-watcher:application] watcher start success
2019-10-22 11:30:18,246 INFO 2972 [egg:core] dump config after ready, 9ms
2019-10-22 11:30:34,282 INFO 13244 [egg:logger] init all loggers with options: {"dir":"E:\\gits\\coding-record\\框架学习\\egg\\base-cli\\logs\\base-cli","encoding":"utf8","env":"local","level":"INFO","consoleLevel":"INFO","disableConsoleAfterReady":false,"outputJSON":false,"buffer":true,"appLogName":"base-cli-web.log","coreLogName":"egg-web.log","agentLogName":"egg-agent.log","errorLogName":"common-error.log","coreLogger":{"consoleLevel":"WARN"},"allowDebugAtProd":false,"type":"application"}
2019-10-22 11:30:34,342 INFO 13244 [egg-multipart] stream mode enable
2019-10-22 11:30:34,436 INFO 13244 [egg-static] starting static serve /public/ -> E:\gits\coding-record\框架学习\egg\base-cli\app\public
2019-10-22 11:30:34,439 INFO 13244 [egg-security] use csrf middleware
2019-10-22 11:30:34,441 INFO 13244 [egg-security] use methodnoallow middleware
2019-10-22 11:30:34,441 INFO 13244 [egg-security] use noopen middleware
2019-10-22 11:30:34,443 INFO 13244 [egg-security] use nosniff middleware
2019-10-22 11:30:34,443 INFO 13244 [egg-security] use xssProtection middleware
2019-10-22 11:30:34,444 INFO 13244 [egg-security] use xframe middleware
2019-10-22 11:30:34,444 INFO 13244 [egg-security] use dta middleware
2019-10-22 11:30:34,444 INFO 13244 [egg-security] compose 7 middlewares into one security middleware
2019-10-22 11:30:34,460 INFO 13244 [egg:core] dump config after load, 9ms
2019-10-22 11:30:34,488 INFO 13244 [egg-watcher:application] watcher start success
2019-10-22 11:30:34,507 INFO 13244 [egg:core] dump config after ready, 7ms
2019-10-22 11:30:38,188 INFO 12404 [egg:logger] init all loggers with options: {"dir":"E:\\gits\\coding-record\\框架学习\\egg\\base-cli\\logs\\base-cli","encoding":"utf8","env":"local","level":"INFO","consoleLevel":"INFO","disableConsoleAfterReady":false,"outputJSON":false,"buffer":true,"appLogName":"base-cli-web.log","coreLogName":"egg-web.log","agentLogName":"egg-agent.log","errorLogName":"common-error.log","coreLogger":{"consoleLevel":"WARN"},"allowDebugAtProd":false,"type":"application"}
2019-10-22 11:30:38,235 INFO 12404 [egg-multipart] stream mode enable
2019-10-22 11:30:38,337 INFO 12404 [egg-static] starting static serve /public/ -> E:\gits\coding-record\框架学习\egg\base-cli\app\public
2019-10-22 11:30:38,342 INFO 12404 [egg-security] use csrf middleware
2019-10-22 11:30:38,344 INFO 12404 [egg-security] use methodnoallow middleware
2019-10-22 11:30:38,345 INFO 12404 [egg-security] use noopen middleware
2019-10-22 11:30:38,348 INFO 12404 [egg-security] use nosniff middleware
2019-10-22 11:30:38,350 INFO 12404 [egg-security] use xssProtection middleware
2019-10-22 11:30:38,351 INFO 12404 [egg-security] use xframe middleware
2019-10-22 11:30:38,351 INFO 12404 [egg-security] use dta middleware
2019-10-22 11:30:38,351 INFO 12404 [egg-security] compose 7 middlewares into one security middleware
2019-10-22 11:30:38,369 INFO 12404 [egg:core] dump config after load, 11ms
2019-10-22 11:30:38,397 INFO 12404 [egg-watcher:application] watcher start success
2019-10-22 11:30:38,416 INFO 12404 [egg:core] dump config after ready, 8ms
2019-10-22 11:30:55,077 INFO 5572 [egg:logger] init all loggers with options: {"dir":"E:\\gits\\coding-record\\框架学习\\egg\\base-cli\\logs\\base-cli","encoding":"utf8","env":"local","level":"INFO","consoleLevel":"INFO","disableConsoleAfterReady":false,"outputJSON":false,"buffer":true,"appLogName":"base-cli-web.log","coreLogName":"egg-web.log","agentLogName":"egg-agent.log","errorLogName":"common-error.log","coreLogger":{"consoleLevel":"WARN"},"allowDebugAtProd":false,"type":"application"}
2019-10-22 11:30:55,130 INFO 5572 [egg-multipart] stream mode enable
2019-10-22 11:30:55,204 INFO 5572 [egg-static] starting static serve /public/ -> E:\gits\coding-record\框架学习\egg\base-cli\app\public
2019-10-22 11:30:55,208 INFO 5572 [egg-security] use csrf middleware
2019-10-22 11:30:55,210 INFO 5572 [egg-security] use methodnoallow middleware
2019-10-22 11:30:55,210 INFO 5572 [egg-security] use noopen middleware
2019-10-22 11:30:55,211 INFO 5572 [egg-security] use nosniff middleware
2019-10-22 11:30:55,212 INFO 5572 [egg-security] use xssProtection middleware
2019-10-22 11:30:55,212 INFO 5572 [egg-security] use xframe middleware
2019-10-22 11:30:55,213 INFO 5572 [egg-security] use dta middleware
2019-10-22 11:30:55,213 INFO 5572 [egg-security] compose 7 middlewares into one security middleware
2019-10-22 11:30:55,232 INFO 5572 [egg:core] dump config after load, 10ms
2019-10-22 11:30:55,260 INFO 5572 [egg-watcher:application] watcher start success
2019-10-22 11:30:55,278 INFO 5572 [egg:core] dump config after ready, 9ms
2019-10-22 11:30:57,683 INFO 7200 [egg:logger] init all loggers with options: {"dir":"E:\\gits\\coding-record\\框架学习\\egg\\base-cli\\logs\\base-cli","encoding":"utf8","env":"local","level":"INFO","consoleLevel":"INFO","disableConsoleAfterReady":false,"outputJSON":false,"buffer":true,"appLogName":"base-cli-web.log","coreLogName":"egg-web.log","agentLogName":"egg-agent.log","errorLogName":"common-error.log","coreLogger":{"consoleLevel":"WARN"},"allowDebugAtProd":false,"type":"application"}
2019-10-22 11:30:57,735 INFO 7200 [egg-multipart] stream mode enable
2019-10-22 11:30:57,821 INFO 7200 [egg-static] starting static serve /public/ -> E:\gits\coding-record\框架学习\egg\base-cli\app\public
2019-10-22 11:30:57,825 INFO 7200 [egg-security] use csrf middleware
2019-10-22 11:30:57,827 INFO 7200 [egg-security] use methodnoallow middleware
2019-10-22 11:30:57,827 INFO 7200 [egg-security] use noopen middleware
2019-10-22 11:30:57,828 INFO 7200 [egg-security] use nosniff middleware
2019-10-22 11:30:57,829 INFO 7200 [egg-security] use xssProtection middleware
2019-10-22 11:30:57,829 INFO 7200 [egg-security] use xframe middleware
2019-10-22 11:30:57,830 INFO 7200 [egg-security] use dta middleware
2019-10-22 11:30:57,830 INFO 7200 [egg-security] compose 7 middlewares into one security middleware
2019-10-22 11:30:57,847 INFO 7200 [egg:core] dump config after load, 9ms
2019-10-22 11:30:57,879 INFO 7200 [egg-watcher:application] watcher start success
2019-10-22 11:30:57,899 INFO 7200 [egg:core] dump config after ready, 9ms
2019-10-22 11:30:59,543 INFO 18468 [egg:logger] init all loggers with options: {"dir":"E:\\gits\\coding-record\\框架学习\\egg\\base-cli\\logs\\base-cli","encoding":"utf8","env":"local","level":"INFO","consoleLevel":"INFO","disableConsoleAfterReady":false,"outputJSON":false,"buffer":true,"appLogName":"base-cli-web.log","coreLogName":"egg-web.log","agentLogName":"egg-agent.log","errorLogName":"common-error.log","coreLogger":{"consoleLevel":"WARN"},"allowDebugAtProd":false,"type":"application"}
2019-10-22 11:30:59,616 INFO 18468 [egg-multipart] stream mode enable
2019-10-22 11:30:59,725 INFO 18468 [egg-static] starting static serve /public/ -> E:\gits\coding-record\框架学习\egg\base-cli\app\public
2019-10-22 11:30:59,732 INFO 18468 [egg-security] use csrf middleware
2019-10-22 11:30:59,735 INFO 18468 [egg-security] use methodnoallow middleware
2019-10-22 11:30:59,736 INFO 18468 [egg-security] use noopen middleware
2019-10-22 11:30:59,737 INFO 18468 [egg-security] use nosniff middleware
2019-10-22 11:30:59,738 INFO 18468 [egg-security] use xssProtection middleware
2019-10-22 11:30:59,741 INFO 18468 [egg-security] use xframe middleware
2019-10-22 11:30:59,743 INFO 18468 [egg-security] use dta middleware
2019-10-22 11:30:59,743 INFO 18468 [egg-security] compose 7 middlewares into one security middleware
2019-10-22 11:30:59,765 INFO 18468 [egg:core] dump config after load, 14ms
2019-10-22 11:30:59,812 INFO 18468 [egg-watcher:application] watcher start success
2019-10-22 11:30:59,847 INFO 18468 [egg:core] dump config after ready, 16ms
2019-10-22 11:31:07,210 INFO 19920 [egg:logger] init all loggers with options: {"dir":"E:\\gits\\coding-record\\框架学习\\egg\\base-cli\\logs\\base-cli","encoding":"utf8","env":"local","level":"INFO","consoleLevel":"INFO","disableConsoleAfterReady":false,"outputJSON":false,"buffer":true,"appLogName":"base-cli-web.log","coreLogName":"egg-web.log","agentLogName":"egg-agent.log","errorLogName":"common-error.log","coreLogger":{"consoleLevel":"WARN"},"allowDebugAtProd":false,"type":"application"}
2019-10-22 11:31:07,292 INFO 19920 [egg-multipart] stream mode enable
2019-10-22 11:31:07,385 INFO 19920 [egg-static] starting static serve /public/ -> E:\gits\coding-record\框架学习\egg\base-cli\app\public
2019-10-22 11:31:07,389 INFO 19920 [egg-security] use csrf middleware
2019-10-22 11:31:07,390 INFO 19920 [egg-security] use methodnoallow middleware
2019-10-22 11:31:07,391 INFO 19920 [egg-security] use noopen middleware
2019-10-22 11:31:07,392 INFO 19920 [egg-security] use nosniff middleware
2019-10-22 11:31:07,393 INFO 19920 [egg-security] use xssProtection middleware
2019-10-22 11:31:07,393 INFO 19920 [egg-security] use xframe middleware
2019-10-22 11:31:07,394 INFO 19920 [egg-security] use dta middleware
2019-10-22 11:31:07,394 INFO 19920 [egg-security] compose 7 middlewares into one security middleware
2019-10-22 11:31:07,410 INFO 19920 [egg:core] dump config after load, 9ms
2019-10-22 11:31:07,437 INFO 19920 [egg-watcher:application] watcher start success
2019-10-22 11:31:07,456 INFO 19920 [egg:core] dump config after ready, 9ms
2019-10-22 11:31:09,816 INFO 20840 [egg:logger] init all loggers with options: {"dir":"E:\\gits\\coding-record\\框架学习\\egg\\base-cli\\logs\\base-cli","encoding":"utf8","env":"local","level":"INFO","consoleLevel":"INFO","disableConsoleAfterReady":false,"outputJSON":false,"buffer":true,"appLogName":"base-cli-web.log","coreLogName":"egg-web.log","agentLogName":"egg-agent.log","errorLogName":"common-error.log","coreLogger":{"consoleLevel":"WARN"},"allowDebugAtProd":false,"type":"application"}
2019-10-22 11:31:09,863 INFO 20840 [egg-multipart] stream mode enable
2019-10-22 11:31:09,974 INFO 20840 [egg-static] starting static serve /public/ -> E:\gits\coding-record\框架学习\egg\base-cli\app\public
2019-10-22 11:31:09,981 INFO 20840 [egg-security] use csrf middleware
2019-10-22 11:31:09,983 INFO 20840 [egg-security] use methodnoallow middleware
2019-10-22 11:31:09,985 INFO 20840 [egg-security] use noopen middleware
2019-10-22 11:31:09,987 INFO 20840 [egg-security] use nosniff middleware
2019-10-22 11:31:09,987 INFO 20840 [egg-security] use xssProtection middleware
2019-10-22 11:31:09,988 INFO 20840 [egg-security] use xframe middleware
2019-10-22 11:31:09,988 INFO 20840 [egg-security] use dta middleware
2019-10-22 11:31:09,989 INFO 20840 [egg-security] compose 7 middlewares into one security middleware
2019-10-22 11:31:10,011 INFO 20840 [egg:core] dump config after load, 13ms
2019-10-22 11:31:10,042 INFO 20840 [egg-watcher:application] watcher start success
2019-10-22 11:31:10,070 INFO 20840 [egg:core] dump config after ready, 15ms
2019-10-22 11:31:16,229 INFO 6976 [egg:logger] init all loggers with options: {"dir":"E:\\gits\\coding-record\\框架学习\\egg\\base-cli\\logs\\base-cli","encoding":"utf8","env":"local","level":"INFO","consoleLevel":"INFO","disableConsoleAfterReady":false,"outputJSON":false,"buffer":true,"appLogName":"base-cli-web.log","coreLogName":"egg-web.log","agentLogName":"egg-agent.log","errorLogName":"common-error.log","coreLogger":{"consoleLevel":"WARN"},"allowDebugAtProd":false,"type":"application"}
2019-10-22 11:31:16,283 INFO 6976 [egg-multipart] stream mode enable
2019-10-22 11:31:16,361 INFO 6976 [egg-static] starting static serve /public/ -> E:\gits\coding-record\框架学习\egg\base-cli\app\public
2019-10-22 11:31:16,364 INFO 6976 [egg-security] use csrf middleware
2019-10-22 11:31:16,367 INFO 6976 [egg-security] use methodnoallow middleware
2019-10-22 11:31:16,367 INFO 6976 [egg-security] use noopen middleware
2019-10-22 11:31:16,368 INFO 6976 [egg-security] use nosniff middleware
2019-10-22 11:31:16,369 INFO 6976 [egg-security] use xssProtection middleware
2019-10-22 11:31:16,370 INFO 6976 [egg-security] use xframe middleware
2019-10-22 11:31:16,370 INFO 6976 [egg-security] use dta middleware
2019-10-22 11:31:16,370 INFO 6976 [egg-security] compose 7 middlewares into one security middleware
2019-10-22 11:31:16,386 INFO 6976 [egg:core] dump config after load, 8ms
2019-10-22 11:31:16,415 INFO 6976 [egg-watcher:application] watcher start success
2019-10-22 11:31:16,442 INFO 6976 [egg:core] dump config after ready, 10ms
2019-10-22 11:31:18,407 INFO 20568 [egg:logger] init all loggers with options: {"dir":"E:\\gits\\coding-record\\框架学习\\egg\\base-cli\\logs\\base-cli","encoding":"utf8","env":"local","level":"INFO","consoleLevel":"INFO","disableConsoleAfterReady":false,"outputJSON":false,"buffer":true,"appLogName":"base-cli-web.log","coreLogName":"egg-web.log","agentLogName":"egg-agent.log","errorLogName":"common-error.log","coreLogger":{"consoleLevel":"WARN"},"allowDebugAtProd":false,"type":"application"}
2019-10-22 11:31:18,461 INFO 20568 [egg-multipart] stream mode enable
2019-10-22 11:31:18,585 INFO 20568 [egg-static] starting static serve /public/ -> E:\gits\coding-record\框架学习\egg\base-cli\app\public
2019-10-22 11:31:18,590 INFO 20568 [egg-security] use csrf middleware
2019-10-22 11:31:18,592 INFO 20568 [egg-security] use methodnoallow middleware
2019-10-22 11:31:18,593 INFO 20568 [egg-security] use noopen middleware
2019-10-22 11:31:18,595 INFO 20568 [egg-security] use nosniff middleware
2019-10-22 11:31:18,596 INFO 20568 [egg-security] use xssProtection middleware
2019-10-22 11:31:18,597 INFO 20568 [egg-security] use xframe middleware
2019-10-22 11:31:18,597 INFO 20568 [egg-security] use dta middleware
2019-10-22 11:31:18,597 INFO 20568 [egg-security] compose 7 middlewares into one security middleware
2019-10-22 11:31:18,617 INFO 20568 [egg:core] dump config after load, 11ms
2019-10-22 11:31:18,652 INFO 20568 [egg-watcher:application] watcher start success
2019-10-22 11:31:18,679 INFO 20568 [egg:core] dump config after ready, 13ms
2019-10-22 11:31:20,964 INFO 14984 [egg:logger] init all loggers with options: {"dir":"E:\\gits\\coding-record\\框架学习\\egg\\base-cli\\logs\\base-cli","encoding":"utf8","env":"local","level":"INFO","consoleLevel":"INFO","disableConsoleAfterReady":false,"outputJSON":false,"buffer":true,"appLogName":"base-cli-web.log","coreLogName":"egg-web.log","agentLogName":"egg-agent.log","errorLogName":"common-error.log","coreLogger":{"consoleLevel":"WARN"},"allowDebugAtProd":false,"type":"application"}
2019-10-22 11:31:21,013 INFO 14984 [egg-multipart] stream mode enable
2019-10-22 11:31:21,092 INFO 14984 [egg-static] starting static serve /public/ -> E:\gits\coding-record\框架学习\egg\base-cli\app\public
2019-10-22 11:31:21,096 INFO 14984 [egg-security] use csrf middleware
2019-10-22 11:31:21,097 INFO 14984 [egg-security] use methodnoallow middleware
2019-10-22 11:31:21,098 INFO 14984 [egg-security] use noopen middleware
2019-10-22 11:31:21,099 INFO 14984 [egg-security] use nosniff middleware
2019-10-22 11:31:21,100 INFO 14984 [egg-security] use xssProtection middleware
2019-10-22 11:31:21,101 INFO 14984 [egg-security] use xframe middleware
2019-10-22 11:31:21,101 INFO 14984 [egg-security] use dta middleware
2019-10-22 11:31:21,101 INFO 14984 [egg-security] compose 7 middlewares into one security middleware
2019-10-22 11:31:21,118 INFO 14984 [egg:core] dump config after load, 10ms
2019-10-22 11:31:21,147 INFO 14984 [egg-watcher:application] watcher start success
2019-10-22 11:31:21,169 INFO 14984 [egg:core] dump config after ready, 8ms
2019-10-22 11:31:22,696 INFO 19532 [egg:logger] init all loggers with options: {"dir":"E:\\gits\\coding-record\\框架学习\\egg\\base-cli\\logs\\base-cli","encoding":"utf8","env":"local","level":"INFO","consoleLevel":"INFO","disableConsoleAfterReady":false,"outputJSON":false,"buffer":true,"appLogName":"base-cli-web.log","coreLogName":"egg-web.log","agentLogName":"egg-agent.log","errorLogName":"common-error.log","coreLogger":{"consoleLevel":"WARN"},"allowDebugAtProd":false,"type":"application"}
2019-10-22 11:31:22,742 INFO 19532 [egg-multipart] stream mode enable
2019-10-22 11:31:22,821 INFO 19532 [egg-static] starting static serve /public/ -> E:\gits\coding-record\框架学习\egg\base-cli\app\public
2019-10-22 11:31:22,825 INFO 19532 [egg-security] use csrf middleware
2019-10-22 11:31:22,826 INFO 19532 [egg-security] use methodnoallow middleware
2019-10-22 11:31:22,827 INFO 19532 [egg-security] use noopen middleware
2019-10-22 11:31:22,828 INFO 19532 [egg-security] use nosniff middleware
2019-10-22 11:31:22,828 INFO 19532 [egg-security] use xssProtection middleware
2019-10-22 11:31:22,829 INFO 19532 [egg-security] use xframe middleware
2019-10-22 11:31:22,829 INFO 19532 [egg-security] use dta middleware
2019-10-22 11:31:22,829 INFO 19532 [egg-security] compose 7 middlewares into one security middleware
2019-10-22 11:31:22,846 INFO 19532 [egg:core] dump config after load, 10ms
2019-10-22 11:31:22,873 INFO 19532 [egg-watcher:application] watcher start success
2019-10-22 11:31:22,894 INFO 19532 [egg:core] dump config after ready, 9ms
2019-10-22 11:32:43,755 INFO 14752 [egg:logger] init all loggers with options: {"dir":"E:\\gits\\coding-record\\框架学习\\egg\\base-cli\\logs\\base-cli","encoding":"utf8","env":"local","level":"INFO","consoleLevel":"INFO","disableConsoleAfterReady":false,"outputJSON":false,"buffer":true,"appLogName":"base-cli-web.log","coreLogName":"egg-web.log","agentLogName":"egg-agent.log","errorLogName":"common-error.log","coreLogger":{"consoleLevel":"WARN"},"allowDebugAtProd":false,"type":"application"}
2019-10-22 11:32:43,853 INFO 14752 [egg-multipart] stream mode enable
2019-10-22 11:32:44,009 INFO 14752 [egg-static] starting static serve /public/ -> E:\gits\coding-record\框架学习\egg\base-cli\app\public
2019-10-22 11:32:44,018 INFO 14752 [egg-security] use csrf middleware
2019-10-22 11:32:44,026 INFO 14752 [egg-security] use methodnoallow middleware
2019-10-22 11:32:44,028 INFO 14752 [egg-security] use noopen middleware
2019-10-22 11:32:44,032 INFO 14752 [egg-security] use nosniff middleware
2019-10-22 11:32:44,034 INFO 14752 [egg-security] use xssProtection middleware
2019-10-22 11:32:44,036 INFO 14752 [egg-security] use xframe middleware
2019-10-22 11:32:44,038 INFO 14752 [egg-security] use dta middleware
2019-10-22 11:32:44,038 INFO 14752 [egg-security] compose 7 middlewares into one security middleware
2019-10-22 11:32:44,077 INFO 14752 [egg:core] dump config after load, 15ms
2019-10-22 11:32:44,151 INFO 14752 [egg-watcher:application] watcher start success
2019-10-22 11:32:44,204 INFO 14752 [egg:core] dump config after ready, 17ms
2019-10-22 11:35:19,485 INFO 10208 [egg:logger] init all loggers with options: {"dir":"E:\\gits\\coding-record\\框架学习\\egg\\base-cli\\logs\\base-cli","encoding":"utf8","env":"local","level":"INFO","consoleLevel":"INFO","disableConsoleAfterReady":false,"outputJSON":false,"buffer":true,"appLogName":"base-cli-web.log","coreLogName":"egg-web.log","agentLogName":"egg-agent.log","errorLogName":"common-error.log","coreLogger":{"consoleLevel":"WARN"},"allowDebugAtProd":false,"type":"application"}
2019-10-22 11:35:19,557 INFO 10208 [egg-multipart] stream mode enable
2019-10-22 11:35:19,668 INFO 10208 [egg-static] starting static serve /public/ -> E:\gits\coding-record\框架学习\egg\base-cli\app\public
2019-10-22 11:35:19,673 INFO 10208 [egg-security] use csrf middleware
2019-10-22 11:35:19,674 INFO 10208 [egg-security] use methodnoallow middleware
2019-10-22 11:35:19,675 INFO 10208 [egg-security] use noopen middleware
2019-10-22 11:35:19,678 INFO 10208 [egg-security] use nosniff middleware
2019-10-22 11:35:19,678 INFO 10208 [egg-security] use xssProtection middleware
2019-10-22 11:35:19,679 INFO 10208 [egg-security] use xframe middleware
2019-10-22 11:35:19,679 INFO 10208 [egg-security] use dta middleware
2019-10-22 11:35:19,679 INFO 10208 [egg-security] compose 7 middlewares into one security middleware
2019-10-22 11:35:19,705 INFO 10208 [egg:core] dump config after load, 14ms
2019-10-22 11:35:19,742 INFO 10208 [egg-watcher:application] watcher start success
2019-10-22 11:35:19,765 INFO 10208 [egg:core] dump config after ready, 11ms
2019-10-22 13:40:55,470 INFO 17840 [egg:logger] init all loggers with options: {"dir":"E:\\gits\\coding-record\\框架学习\\egg\\base-cli\\logs\\base-cli","encoding":"utf8","env":"local","level":"INFO","consoleLevel":"INFO","disableConsoleAfterReady":false,"outputJSON":false,"buffer":true,"appLogName":"base-cli-web.log","coreLogName":"egg-web.log","agentLogName":"egg-agent.log","errorLogName":"common-error.log","coreLogger":{"consoleLevel":"WARN"},"allowDebugAtProd":false,"type":"application"}
2019-10-22 13:40:55,517 INFO 17840 [egg-multipart] stream mode enable
2019-10-22 13:40:55,597 INFO 17840 [egg-static] starting static serve /public/ -> E:\gits\coding-record\框架学习\egg\base-cli\app\public
2019-10-22 13:40:55,601 INFO 17840 [egg-security] use csrf middleware
2019-10-22 13:40:55,602 INFO 17840 [egg-security] use methodnoallow middleware
2019-10-22 13:40:55,603 INFO 17840 [egg-security] use noopen middleware
2019-10-22 13:40:55,604 INFO 17840 [egg-security] use nosniff middleware
2019-10-22 13:40:55,605 INFO 17840 [egg-security] use xssProtection middleware
2019-10-22 13:40:55,605 INFO 17840 [egg-security] use xframe middleware
2019-10-22 13:40:55,606 INFO 17840 [egg-security] use dta middleware
2019-10-22 13:40:55,606 INFO 17840 [egg-security] compose 7 middlewares into one security middleware
2019-10-22 13:40:55,622 INFO 17840 [egg:core] dump config after load, 9ms
2019-10-22 13:40:55,648 INFO 17840 [egg-watcher:application] watcher start success
2019-10-22 13:40:55,670 INFO 17840 [egg:core] dump config after ready, 10ms
2019-10-22 13:40:57,490 INFO 17040 [egg:logger] init all loggers with options: {"dir":"E:\\gits\\coding-record\\框架学习\\egg\\base-cli\\logs\\base-cli","encoding":"utf8","env":"local","level":"INFO","consoleLevel":"INFO","disableConsoleAfterReady":false,"outputJSON":false,"buffer":true,"appLogName":"base-cli-web.log","coreLogName":"egg-web.log","agentLogName":"egg-agent.log","errorLogName":"common-error.log","coreLogger":{"consoleLevel":"WARN"},"allowDebugAtProd":false,"type":"application"}
2019-10-22 13:40:57,538 INFO 17040 [egg-multipart] stream mode enable
2019-10-22 13:40:57,617 INFO 17040 [egg-static] starting static serve /public/ -> E:\gits\coding-record\框架学习\egg\base-cli\app\public
2019-10-22 13:40:57,621 INFO 17040 [egg-security] use csrf middleware
2019-10-22 13:40:57,622 INFO 17040 [egg-security] use methodnoallow middleware
2019-10-22 13:40:57,623 INFO 17040 [egg-security] use noopen middleware
2019-10-22 13:40:57,624 INFO 17040 [egg-security] use nosniff middleware
2019-10-22 13:40:57,624 INFO 17040 [egg-security] use xssProtection middleware
2019-10-22 13:40:57,625 INFO 17040 [egg-security] use xframe middleware
2019-10-22 13:40:57,626 INFO 17040 [egg-security] use dta middleware
2019-10-22 13:40:57,626 INFO 17040 [egg-security] compose 7 middlewares into one security middleware
2019-10-22 13:40:57,642 INFO 17040 [egg:core] dump config after load, 9ms
2019-10-22 13:40:57,670 INFO 17040 [egg-watcher:application] watcher start success
2019-10-22 13:40:57,689 INFO 17040 [egg:core] dump config after ready, 9ms
2019-10-22 13:41:10,367 INFO 8448 [egg:logger] init all loggers with options: {"dir":"E:\\gits\\coding-record\\框架学习\\egg\\base-cli\\logs\\base-cli","encoding":"utf8","env":"local","level":"INFO","consoleLevel":"INFO","disableConsoleAfterReady":false,"outputJSON":false,"buffer":true,"appLogName":"base-cli-web.log","coreLogName":"egg-web.log","agentLogName":"egg-agent.log","errorLogName":"common-error.log","coreLogger":{"consoleLevel":"WARN"},"allowDebugAtProd":false,"type":"application"}
2019-10-22 13:41:10,414 INFO 8448 [egg-multipart] stream mode enable
2019-10-22 13:41:10,519 INFO 8448 [egg-static] starting static serve /public/ -> E:\gits\coding-record\框架学习\egg\base-cli\app\public
2019-10-22 13:41:10,524 INFO 8448 [egg-security] use csrf middleware
2019-10-22 13:41:10,526 INFO 8448 [egg-security] use methodnoallow middleware
2019-10-22 13:41:10,527 INFO 8448 [egg-security] use noopen middleware
2019-10-22 13:41:10,529 INFO 8448 [egg-security] use nosniff middleware
2019-10-22 13:41:10,531 INFO 8448 [egg-security] use xssProtection middleware
2019-10-22 13:41:10,532 INFO 8448 [egg-security] use xframe middleware
2019-10-22 13:41:10,533 INFO 8448 [egg-security] use dta middleware
2019-10-22 13:41:10,533 INFO 8448 [egg-security] compose 7 middlewares into one security middleware
2019-10-22 13:41:10,557 INFO 8448 [egg:core] dump config after load, 14ms
2019-10-22 13:41:10,596 INFO 8448 [egg-watcher:application] watcher start success
2019-10-22 13:41:10,627 INFO 8448 [egg:core] dump config after ready, 11ms
2019-10-22 13:41:17,741 INFO 21480 [egg:logger] init all loggers with options: {"dir":"E:\\gits\\coding-record\\框架学习\\egg\\base-cli\\logs\\base-cli","encoding":"utf8","env":"local","level":"INFO","consoleLevel":"INFO","disableConsoleAfterReady":false,"outputJSON":false,"buffer":true,"appLogName":"base-cli-web.log","coreLogName":"egg-web.log","agentLogName":"egg-agent.log","errorLogName":"common-error.log","coreLogger":{"consoleLevel":"WARN"},"allowDebugAtProd":false,"type":"application"}
2019-10-22 13:41:17,791 INFO 21480 [egg-multipart] stream mode enable
2019-10-22 13:41:17,874 INFO 21480 [egg-static] starting static serve /public/ -> E:\gits\coding-record\框架学习\egg\base-cli\app\public
2019-10-22 13:41:17,878 INFO 21480 [egg-security] use csrf middleware
2019-10-22 13:41:17,879 INFO 21480 [egg-security] use methodnoallow middleware
2019-10-22 13:41:17,880 INFO 21480 [egg-security] use noopen middleware
2019-10-22 13:41:17,882 INFO 21480 [egg-security] use nosniff middleware
2019-10-22 13:41:17,882 INFO 21480 [egg-security] use xssProtection middleware
2019-10-22 13:41:17,883 INFO 21480 [egg-security] use xframe middleware
2019-10-22 13:41:17,883 INFO 21480 [egg-security] use dta middleware
2019-10-22 13:41:17,883 INFO 21480 [egg-security] compose 7 middlewares into one security middleware
2019-10-22 13:41:17,898 INFO 21480 [egg:core] dump config after load, 8ms
2019-10-22 13:41:17,924 INFO 21480 [egg-watcher:application] watcher start success
2019-10-22 13:41:17,945 INFO 21480 [egg:core] dump config after ready, 11ms
2019-10-22 13:41:20,323 INFO 11316 [egg:logger] init all loggers with options: {"dir":"E:\\gits\\coding-record\\框架学习\\egg\\base-cli\\logs\\base-cli","encoding":"utf8","env":"local","level":"INFO","consoleLevel":"INFO","disableConsoleAfterReady":false,"outputJSON":false,"buffer":true,"appLogName":"base-cli-web.log","coreLogName":"egg-web.log","agentLogName":"egg-agent.log","errorLogName":"common-error.log","coreLogger":{"consoleLevel":"WARN"},"allowDebugAtProd":false,"type":"application"}
2019-10-22 13:41:20,388 INFO 11316 [egg-multipart] stream mode enable
2019-10-22 13:41:20,509 INFO 11316 [egg-static] starting static serve /public/ -> E:\gits\coding-record\框架学习\egg\base-cli\app\public
2019-10-22 13:41:20,514 INFO 11316 [egg-security] use csrf middleware
2019-10-22 13:41:20,517 INFO 11316 [egg-security] use methodnoallow middleware
2019-10-22 13:41:20,517 INFO 11316 [egg-security] use noopen middleware
2019-10-22 13:41:20,519 INFO 11316 [egg-security] use nosniff middleware
2019-10-22 13:41:20,519 INFO 11316 [egg-security] use xssProtection middleware
2019-10-22 13:41:20,520 INFO 11316 [egg-security] use xframe middleware
2019-10-22 13:41:20,520 INFO 11316 [egg-security] use dta middleware
2019-10-22 13:41:20,520 INFO 11316 [egg-security] compose 7 middlewares into one security middleware
2019-10-22 13:41:20,537 INFO 11316 [egg:core] dump config after load, 9ms
2019-10-22 13:41:20,563 INFO 11316 [egg-watcher:application] watcher start success
2019-10-22 13:41:20,582 INFO 11316 [egg:core] dump config after ready, 9ms
2019-10-22 13:41:24,035 INFO 17956 [egg:logger] init all loggers with options: {"dir":"E:\\gits\\coding-record\\框架学习\\egg\\base-cli\\logs\\base-cli","encoding":"utf8","env":"local","level":"INFO","consoleLevel":"INFO","disableConsoleAfterReady":false,"outputJSON":false,"buffer":true,"appLogName":"base-cli-web.log","coreLogName":"egg-web.log","agentLogName":"egg-agent.log","errorLogName":"common-error.log","coreLogger":{"consoleLevel":"WARN"},"allowDebugAtProd":false,"type":"application"}
2019-10-22 13:41:24,096 INFO 17956 [egg-multipart] stream mode enable
2019-10-22 13:41:24,191 INFO 17956 [egg-static] starting static serve /public/ -> E:\gits\coding-record\框架学习\egg\base-cli\app\public
2019-10-22 13:41:24,196 INFO 17956 [egg-security] use csrf middleware
2019-10-22 13:41:24,198 INFO 17956 [egg-security] use methodnoallow middleware
2019-10-22 13:41:24,199 INFO 17956 [egg-security] use noopen middleware
2019-10-22 13:41:24,200 INFO 17956 [egg-security] use nosniff middleware
2019-10-22 13:41:24,200 INFO 17956 [egg-security] use xssProtection middleware
2019-10-22 13:41:24,201 INFO 17956 [egg-security] use xframe middleware
2019-10-22 13:41:24,201 INFO 17956 [egg-security] use dta middleware
2019-10-22 13:41:24,201 INFO 17956 [egg-security] compose 7 middlewares into one security middleware
2019-10-22 13:41:24,218 INFO 17956 [egg:core] dump config after load, 9ms
2019-10-22 13:41:24,247 INFO 17956 [egg-watcher:application] watcher start success
2019-10-22 13:41:24,267 INFO 17956 [egg:core] dump config after ready, 10ms
2019-10-22 13:41:32,140 INFO 10208 [egg:logger] init all loggers with options: {"dir":"E:\\gits\\coding-record\\框架学习\\egg\\base-cli\\logs\\base-cli","encoding":"utf8","env":"local","level":"INFO","consoleLevel":"INFO","disableConsoleAfterReady":false,"outputJSON":false,"buffer":true,"appLogName":"base-cli-web.log","coreLogName":"egg-web.log","agentLogName":"egg-agent.log","errorLogName":"common-error.log","coreLogger":{"consoleLevel":"WARN"},"allowDebugAtProd":false,"type":"application"}
2019-10-22 13:41:32,189 INFO 10208 [egg-multipart] stream mode enable
2019-10-22 13:41:32,274 INFO 10208 [egg-static] starting static serve /public/ -> E:\gits\coding-record\框架学习\egg\base-cli\app\public
2019-10-22 13:41:32,278 INFO 10208 [egg-security] use csrf middleware
2019-10-22 13:41:32,280 INFO 10208 [egg-security] use methodnoallow middleware
2019-10-22 13:41:32,281 INFO 10208 [egg-security] use noopen middleware
2019-10-22 13:41:32,282 INFO 10208 [egg-security] use nosniff middleware
2019-10-22 13:41:32,282 INFO 10208 [egg-security] use xssProtection middleware
2019-10-22 13:41:32,283 INFO 10208 [egg-security] use xframe middleware
2019-10-22 13:41:32,287 INFO 10208 [egg-security] use dta middleware
2019-10-22 13:41:32,287 INFO 10208 [egg-security] compose 7 middlewares into one security middleware
2019-10-22 13:41:32,302 INFO 10208 [egg:core] dump config after load, 8ms
2019-10-22 13:41:32,329 INFO 10208 [egg-watcher:application] watcher start success
2019-10-22 13:41:32,349 INFO 10208 [egg:core] dump config after ready, 8ms
2019-10-22 13:41:34,918 INFO 18560 [egg:logger] init all loggers with options: {"dir":"E:\\gits\\coding-record\\框架学习\\egg\\base-cli\\logs\\base-cli","encoding":"utf8","env":"local","level":"INFO","consoleLevel":"INFO","disableConsoleAfterReady":false,"outputJSON":false,"buffer":true,"appLogName":"base-cli-web.log","coreLogName":"egg-web.log","agentLogName":"egg-agent.log","errorLogName":"common-error.log","coreLogger":{"consoleLevel":"WARN"},"allowDebugAtProd":false,"type":"application"}
2019-10-22 13:41:34,984 INFO 18560 [egg-multipart] stream mode enable
2019-10-22 13:41:35,091 INFO 18560 [egg-static] starting static serve /public/ -> E:\gits\coding-record\框架学习\egg\base-cli\app\public
2019-10-22 13:41:35,094 INFO 18560 [egg-security] use csrf middleware
2019-10-22 13:41:35,096 INFO 18560 [egg-security] use methodnoallow middleware
2019-10-22 13:41:35,096 INFO 18560 [egg-security] use noopen middleware
2019-10-22 13:41:35,097 INFO 18560 [egg-security] use nosniff middleware
2019-10-22 13:41:35,098 INFO 18560 [egg-security] use xssProtection middleware
2019-10-22 13:41:35,098 INFO 18560 [egg-security] use xframe middleware
2019-10-22 13:41:35,100 INFO 18560 [egg-security] use dta middleware
2019-10-22 13:41:35,100 INFO 18560 [egg-security] compose 7 middlewares into one security middleware
2019-10-22 13:41:35,118 INFO 18560 [egg:core] dump config after load, 10ms
2019-10-22 13:41:35,161 INFO 18560 [egg-watcher:application] watcher start success
2019-10-22 13:41:35,186 INFO 18560 [egg:core] dump config after ready, 10ms
2019-10-22 13:41:37,178 INFO 20712 [egg:logger] init all loggers with options: {"dir":"E:\\gits\\coding-record\\框架学习\\egg\\base-cli\\logs\\base-cli","encoding":"utf8","env":"local","level":"INFO","consoleLevel":"INFO","disableConsoleAfterReady":false,"outputJSON":false,"buffer":true,"appLogName":"base-cli-web.log","coreLogName":"egg-web.log","agentLogName":"egg-agent.log","errorLogName":"common-error.log","coreLogger":{"consoleLevel":"WARN"},"allowDebugAtProd":false,"type":"application"}
2019-10-22 13:41:37,221 INFO 20712 [egg-multipart] stream mode enable
2019-10-22 13:41:37,310 INFO 20712 [egg-static] starting static serve /public/ -> E:\gits\coding-record\框架学习\egg\base-cli\app\public
2019-10-22 13:41:37,318 INFO 20712 [egg-security] use csrf middleware
2019-10-22 13:41:37,320 INFO 20712 [egg-security] use methodnoallow middleware
2019-10-22 13:41:37,321 INFO 20712 [egg-security] use noopen middleware
2019-10-22 13:41:37,323 INFO 20712 [egg-security] use nosniff middleware
2019-10-22 13:41:37,327 INFO 20712 [egg-security] use xssProtection middleware
2019-10-22 13:41:37,330 INFO 20712 [egg-security] use xframe middleware
2019-10-22 13:41:37,333 INFO 20712 [egg-security] use dta middleware
2019-10-22 13:41:37,334 INFO 20712 [egg-security] compose 7 middlewares into one security middleware
2019-10-22 13:41:37,365 INFO 20712 [egg:core] dump config after load, 16ms
2019-10-22 13:41:37,455 INFO 20712 [egg-watcher:application] watcher start success
2019-10-22 13:41:37,524 INFO 20712 [egg:core] dump config after ready, 53ms
2019-10-22 13:41:45,025 INFO 16972 [egg:logger] init all loggers with options: {"dir":"E:\\gits\\coding-record\\框架学习\\egg\\base-cli\\logs\\base-cli","encoding":"utf8","env":"local","level":"INFO","consoleLevel":"INFO","disableConsoleAfterReady":false,"outputJSON":false,"buffer":true,"appLogName":"base-cli-web.log","coreLogName":"egg-web.log","agentLogName":"egg-agent.log","errorLogName":"common-error.log","coreLogger":{"consoleLevel":"WARN"},"allowDebugAtProd":false,"type":"application"}
2019-10-22 13:41:45,084 INFO 16972 [egg-multipart] stream mode enable
2019-10-22 13:41:45,167 INFO 16972 [egg-static] starting static serve /public/ -> E:\gits\coding-record\框架学习\egg\base-cli\app\public
2019-10-22 13:41:45,171 INFO 16972 [egg-security] use csrf middleware
2019-10-22 13:41:45,173 INFO 16972 [egg-security] use methodnoallow middleware
2019-10-22 13:41:45,174 INFO 16972 [egg-security] use noopen middleware
2019-10-22 13:41:45,175 INFO 16972 [egg-security] use nosniff middleware
2019-10-22 13:41:45,175 INFO 16972 [egg-security] use xssProtection middleware
2019-10-22 13:41:45,176 INFO 16972 [egg-security] use xframe middleware
2019-10-22 13:41:45,176 INFO 16972 [egg-security] use dta middleware
2019-10-22 13:41:45,176 INFO 16972 [egg-security] compose 7 middlewares into one security middleware
2019-10-22 13:41:45,193 INFO 16972 [egg:core] dump config after load, 10ms
2019-10-22 13:41:45,220 INFO 16972 [egg-watcher:application] watcher start success
2019-10-22 13:41:45,240 INFO 16972 [egg:core] dump config after ready, 9ms
2019-10-22 13:41:47,133 INFO 17156 [egg:logger] init all loggers with options: {"dir":"E:\\gits\\coding-record\\框架学习\\egg\\base-cli\\logs\\base-cli","encoding":"utf8","env":"local","level":"INFO","consoleLevel":"INFO","disableConsoleAfterReady":false,"outputJSON":false,"buffer":true,"appLogName":"base-cli-web.log","coreLogName":"egg-web.log","agentLogName":"egg-agent.log","errorLogName":"common-error.log","coreLogger":{"consoleLevel":"WARN"},"allowDebugAtProd":false,"type":"application"}
2019-10-22 13:41:47,183 INFO 17156 [egg-multipart] stream mode enable
2019-10-22 13:41:47,260 INFO 17156 [egg-static] starting static serve /public/ -> E:\gits\coding-record\框架学习\egg\base-cli\app\public
2019-10-22 13:41:47,264 INFO 17156 [egg-security] use csrf middleware
2019-10-22 13:41:47,265 INFO 17156 [egg-security] use methodnoallow middleware
2019-10-22 13:41:47,266 INFO 17156 [egg-security] use noopen middleware
2019-10-22 13:41:47,267 INFO 17156 [egg-security] use nosniff middleware
2019-10-22 13:41:47,268 INFO 17156 [egg-security] use xssProtection middleware
2019-10-22 13:41:47,268 INFO 17156 [egg-security] use xframe middleware
2019-10-22 13:41:47,269 INFO 17156 [egg-security] use dta middleware
2019-10-22 13:41:47,269 INFO 17156 [egg-security] compose 7 middlewares into one security middleware
2019-10-22 13:41:47,297 INFO 17156 [egg:core] dump config after load, 14ms
2019-10-22 13:41:47,332 INFO 17156 [egg-watcher:application] watcher start success
2019-10-22 13:41:47,363 INFO 17156 [egg:core] dump config after ready, 11ms
2019-10-22 13:41:50,814 INFO 5084 [egg:logger] init all loggers with options: {"dir":"E:\\gits\\coding-record\\框架学习\\egg\\base-cli\\logs\\base-cli","encoding":"utf8","env":"local","level":"INFO","consoleLevel":"INFO","disableConsoleAfterReady":false,"outputJSON":false,"buffer":true,"appLogName":"base-cli-web.log","coreLogName":"egg-web.log","agentLogName":"egg-agent.log","errorLogName":"common-error.log","coreLogger":{"consoleLevel":"WARN"},"allowDebugAtProd":false,"type":"application"}
2019-10-22 13:41:50,859 INFO 5084 [egg-multipart] stream mode enable
2019-10-22 13:41:50,936 INFO 5084 [egg-static] starting static serve /public/ -> E:\gits\coding-record\框架学习\egg\base-cli\app\public
2019-10-22 13:41:50,940 INFO 5084 [egg-security] use methodnoallow middleware
2019-10-22 13:41:50,941 INFO 5084 [egg-security] use noopen middleware
2019-10-22 13:41:50,942 INFO 5084 [egg-security] use nosniff middleware
2019-10-22 13:41:50,942 INFO 5084 [egg-security] use xssProtection middleware
2019-10-22 13:41:50,943 INFO 5084 [egg-security] use xframe middleware
2019-10-22 13:41:50,943 INFO 5084 [egg-security] use dta middleware
2019-10-22 13:41:50,943 INFO 5084 [egg-security] compose 6 middlewares into one security middleware
2019-10-22 13:41:50,960 INFO 5084 [egg:core] dump config after load, 9ms
2019-10-22 13:41:50,987 INFO 5084 [egg-watcher:application] watcher start success
2019-10-22 13:41:51,009 INFO 5084 [egg:core] dump config after ready, 11ms
