2019-08-19 16:42:08,820 INFO 12400 [egg-schedule]: register schedule E:\gits\coding-record\框架学习\egg\base-cli\node_modules\egg-multipart\app\schedule\clean_tmpdir.js
2019-08-19 16:42:08,820 INFO 12400 [egg-schedule]: register schedule E:\gits\coding-record\框架学习\egg\base-cli\node_modules\egg-logrotator\app\schedule\clean_log.js
2019-08-19 16:42:08,820 INFO 12400 [egg-schedule]: register schedule E:\gits\coding-record\框架学习\egg\base-cli\node_modules\egg-logrotator\app\schedule\rotate_by_file.js
2019-08-19 16:42:09,304 INFO 2868 [Timer] E:\gits\coding-record\框架学习\egg\base-cli\node_modules\egg-multipart\app\schedule\clean_tmpdir.js next time will execute after 42470696ms at 2019-08-20 04:30:00.000
2019-08-19 16:42:09,304 INFO 2868 [Timer] E:\gits\coding-record\框架学习\egg\base-cli\node_modules\egg-logrotator\app\schedule\clean_log.js next time will execute after 26270696ms at 2019-08-20 00:00:00.000
2019-08-19 16:42:09,304 INFO 2868 [Timer] E:\gits\coding-record\框架学习\egg\base-cli\node_modules\egg-logrotator\app\schedule\rotate_by_file.js next time will execute after 26271696ms at 2019-08-20 00:00:01.000
2019-08-19 16:46:25,323 INFO 1048 [Timer] E:\gits\coding-record\框架学习\egg\base-cli\node_modules\egg-multipart\app\schedule\clean_tmpdir.js next time will execute after 42214690ms at 2019-08-20 04:30:00.013
2019-08-19 16:46:25,324 INFO 1048 [Timer] E:\gits\coding-record\框架学习\egg\base-cli\node_modules\egg-logrotator\app\schedule\clean_log.js next time will execute after 26014677ms at 2019-08-20 00:00:00.001
2019-08-19 16:46:25,324 INFO 1048 [Timer] E:\gits\coding-record\框架学习\egg\base-cli\node_modules\egg-logrotator\app\schedule\rotate_by_file.js next time will execute after 26015676ms at 2019-08-20 00:00:01.000
2019-08-19 16:46:25,166 INFO 11896 [egg-schedule]: register schedule E:\gits\coding-record\框架学习\egg\base-cli\node_modules\egg-multipart\app\schedule\clean_tmpdir.js
2019-08-19 16:46:25,166 INFO 11896 [egg-schedule]: register schedule E:\gits\coding-record\框架学习\egg\base-cli\node_modules\egg-logrotator\app\schedule\clean_log.js
2019-08-19 16:46:25,166 INFO 11896 [egg-schedule]: register schedule E:\gits\coding-record\框架学习\egg\base-cli\node_modules\egg-logrotator\app\schedule\rotate_by_file.js
2019-08-19 16:47:41,435 INFO 13096 [egg-schedule]: register schedule E:\gits\coding-record\框架学习\egg\base-cli\node_modules\egg-multipart\app\schedule\clean_tmpdir.js
2019-08-19 16:47:41,435 INFO 13096 [egg-schedule]: register schedule E:\gits\coding-record\框架学习\egg\base-cli\node_modules\egg-logrotator\app\schedule\clean_log.js
2019-08-19 16:47:41,435 INFO 13096 [egg-schedule]: register schedule E:\gits\coding-record\框架学习\egg\base-cli\node_modules\egg-logrotator\app\schedule\rotate_by_file.js
2019-08-19 16:47:49,518 INFO 11392 [egg-schedule]: register schedule E:\gits\coding-record\框架学习\egg\base-cli\node_modules\egg-multipart\app\schedule\clean_tmpdir.js
2019-08-19 16:47:49,518 INFO 11392 [egg-schedule]: register schedule E:\gits\coding-record\框架学习\egg\base-cli\node_modules\egg-logrotator\app\schedule\clean_log.js
2019-08-19 16:47:49,518 INFO 11392 [egg-schedule]: register schedule E:\gits\coding-record\框架学习\egg\base-cli\node_modules\egg-logrotator\app\schedule\rotate_by_file.js
2019-08-19 16:47:52,504 INFO 11252 [egg-schedule]: register schedule E:\gits\coding-record\框架学习\egg\base-cli\node_modules\egg-multipart\app\schedule\clean_tmpdir.js
2019-08-19 16:47:52,504 INFO 11252 [egg-schedule]: register schedule E:\gits\coding-record\框架学习\egg\base-cli\node_modules\egg-logrotator\app\schedule\clean_log.js
2019-08-19 16:47:52,504 INFO 11252 [egg-schedule]: register schedule E:\gits\coding-record\框架学习\egg\base-cli\node_modules\egg-logrotator\app\schedule\rotate_by_file.js
2019-08-19 16:47:54,601 INFO 8792 [egg-schedule]: register schedule E:\gits\coding-record\框架学习\egg\base-cli\node_modules\egg-multipart\app\schedule\clean_tmpdir.js
2019-08-19 16:47:54,601 INFO 8792 [egg-schedule]: register schedule E:\gits\coding-record\框架学习\egg\base-cli\node_modules\egg-logrotator\app\schedule\clean_log.js
2019-08-19 16:47:54,601 INFO 8792 [egg-schedule]: register schedule E:\gits\coding-record\框架学习\egg\base-cli\node_modules\egg-logrotator\app\schedule\rotate_by_file.js
2019-08-19 16:48:10,519 INFO 2304 [egg-schedule]: register schedule E:\gits\coding-record\框架学习\egg\base-cli\node_modules\egg-multipart\app\schedule\clean_tmpdir.js
2019-08-19 16:48:10,519 INFO 2304 [egg-schedule]: register schedule E:\gits\coding-record\框架学习\egg\base-cli\node_modules\egg-logrotator\app\schedule\clean_log.js
2019-08-19 16:48:10,519 INFO 2304 [egg-schedule]: register schedule E:\gits\coding-record\框架学习\egg\base-cli\node_modules\egg-logrotator\app\schedule\rotate_by_file.js
2019-08-19 16:48:20,451 INFO 11896 [egg-schedule]: register schedule E:\gits\coding-record\框架学习\egg\base-cli\node_modules\egg-multipart\app\schedule\clean_tmpdir.js
2019-08-19 16:48:20,451 INFO 11896 [egg-schedule]: register schedule E:\gits\coding-record\框架学习\egg\base-cli\node_modules\egg-logrotator\app\schedule\clean_log.js
2019-08-19 16:48:20,451 INFO 11896 [egg-schedule]: register schedule E:\gits\coding-record\框架学习\egg\base-cli\node_modules\egg-logrotator\app\schedule\rotate_by_file.js
2019-08-19 16:48:41,464 INFO 2520 [egg-schedule]: register schedule E:\gits\coding-record\框架学习\egg\base-cli\node_modules\egg-multipart\app\schedule\clean_tmpdir.js
2019-08-19 16:48:41,464 INFO 2520 [egg-schedule]: register schedule E:\gits\coding-record\框架学习\egg\base-cli\node_modules\egg-logrotator\app\schedule\clean_log.js
2019-08-19 16:48:41,464 INFO 2520 [egg-schedule]: register schedule E:\gits\coding-record\框架学习\egg\base-cli\node_modules\egg-logrotator\app\schedule\rotate_by_file.js
2019-08-19 16:48:46,920 INFO 9480 [egg-schedule]: register schedule E:\gits\coding-record\框架学习\egg\base-cli\node_modules\egg-multipart\app\schedule\clean_tmpdir.js
2019-08-19 16:48:46,920 INFO 9480 [egg-schedule]: register schedule E:\gits\coding-record\框架学习\egg\base-cli\node_modules\egg-logrotator\app\schedule\clean_log.js
2019-08-19 16:48:46,920 INFO 9480 [egg-schedule]: register schedule E:\gits\coding-record\框架学习\egg\base-cli\node_modules\egg-logrotator\app\schedule\rotate_by_file.js
2019-08-19 16:48:57,467 INFO 12584 [egg-schedule]: register schedule E:\gits\coding-record\框架学习\egg\base-cli\node_modules\egg-multipart\app\schedule\clean_tmpdir.js
2019-08-19 16:48:57,467 INFO 12584 [egg-schedule]: register schedule E:\gits\coding-record\框架学习\egg\base-cli\node_modules\egg-logrotator\app\schedule\clean_log.js
2019-08-19 16:48:57,467 INFO 12584 [egg-schedule]: register schedule E:\gits\coding-record\框架学习\egg\base-cli\node_modules\egg-logrotator\app\schedule\rotate_by_file.js
2019-08-19 16:52:07,060 INFO 2208 [egg-schedule]: register schedule E:\gits\coding-record\框架学习\egg\base-cli\node_modules\egg-multipart\app\schedule\clean_tmpdir.js
2019-08-19 16:52:07,060 INFO 2208 [egg-schedule]: register schedule E:\gits\coding-record\框架学习\egg\base-cli\node_modules\egg-logrotator\app\schedule\clean_log.js
2019-08-19 16:52:07,060 INFO 2208 [egg-schedule]: register schedule E:\gits\coding-record\框架学习\egg\base-cli\node_modules\egg-logrotator\app\schedule\rotate_by_file.js
2019-08-19 16:52:09,128 INFO 8936 [egg-schedule]: register schedule E:\gits\coding-record\框架学习\egg\base-cli\node_modules\egg-multipart\app\schedule\clean_tmpdir.js
2019-08-19 16:52:09,128 INFO 8936 [egg-schedule]: register schedule E:\gits\coding-record\框架学习\egg\base-cli\node_modules\egg-logrotator\app\schedule\clean_log.js
2019-08-19 16:52:09,128 INFO 8936 [egg-schedule]: register schedule E:\gits\coding-record\框架学习\egg\base-cli\node_modules\egg-logrotator\app\schedule\rotate_by_file.js
2019-08-19 16:52:12,375 INFO 6812 [egg-schedule]: register schedule E:\gits\coding-record\框架学习\egg\base-cli\node_modules\egg-multipart\app\schedule\clean_tmpdir.js
2019-08-19 16:52:12,375 INFO 6812 [egg-schedule]: register schedule E:\gits\coding-record\框架学习\egg\base-cli\node_modules\egg-logrotator\app\schedule\clean_log.js
2019-08-19 16:52:12,375 INFO 6812 [egg-schedule]: register schedule E:\gits\coding-record\框架学习\egg\base-cli\node_modules\egg-logrotator\app\schedule\rotate_by_file.js
2019-08-19 16:52:28,289 INFO 7904 [egg-schedule]: register schedule E:\gits\coding-record\框架学习\egg\base-cli\node_modules\egg-multipart\app\schedule\clean_tmpdir.js
2019-08-19 16:52:28,289 INFO 7904 [egg-schedule]: register schedule E:\gits\coding-record\框架学习\egg\base-cli\node_modules\egg-logrotator\app\schedule\clean_log.js
2019-08-19 16:52:28,289 INFO 7904 [egg-schedule]: register schedule E:\gits\coding-record\框架学习\egg\base-cli\node_modules\egg-logrotator\app\schedule\rotate_by_file.js
2019-08-19 16:52:34,202 INFO 5708 [egg-schedule]: register schedule E:\gits\coding-record\框架学习\egg\base-cli\node_modules\egg-multipart\app\schedule\clean_tmpdir.js
2019-08-19 16:52:34,202 INFO 5708 [egg-schedule]: register schedule E:\gits\coding-record\框架学习\egg\base-cli\node_modules\egg-logrotator\app\schedule\clean_log.js
2019-08-19 16:52:34,202 INFO 5708 [egg-schedule]: register schedule E:\gits\coding-record\框架学习\egg\base-cli\node_modules\egg-logrotator\app\schedule\rotate_by_file.js
2019-08-19 16:52:38,237 INFO 4080 [egg-schedule]: register schedule E:\gits\coding-record\框架学习\egg\base-cli\node_modules\egg-multipart\app\schedule\clean_tmpdir.js
2019-08-19 16:52:38,237 INFO 4080 [egg-schedule]: register schedule E:\gits\coding-record\框架学习\egg\base-cli\node_modules\egg-logrotator\app\schedule\clean_log.js
2019-08-19 16:52:38,237 INFO 4080 [egg-schedule]: register schedule E:\gits\coding-record\框架学习\egg\base-cli\node_modules\egg-logrotator\app\schedule\rotate_by_file.js
2019-08-19 16:52:40,079 INFO 8168 [egg-schedule]: register schedule E:\gits\coding-record\框架学习\egg\base-cli\node_modules\egg-multipart\app\schedule\clean_tmpdir.js
2019-08-19 16:52:40,079 INFO 8168 [egg-schedule]: register schedule E:\gits\coding-record\框架学习\egg\base-cli\node_modules\egg-logrotator\app\schedule\clean_log.js
2019-08-19 16:52:40,079 INFO 8168 [egg-schedule]: register schedule E:\gits\coding-record\框架学习\egg\base-cli\node_modules\egg-logrotator\app\schedule\rotate_by_file.js
2019-08-19 16:52:41,817 INFO 1160 [egg-schedule]: register schedule E:\gits\coding-record\框架学习\egg\base-cli\node_modules\egg-multipart\app\schedule\clean_tmpdir.js
2019-08-19 16:52:41,817 INFO 1160 [egg-schedule]: register schedule E:\gits\coding-record\框架学习\egg\base-cli\node_modules\egg-logrotator\app\schedule\clean_log.js
2019-08-19 16:52:41,817 INFO 1160 [egg-schedule]: register schedule E:\gits\coding-record\框架学习\egg\base-cli\node_modules\egg-logrotator\app\schedule\rotate_by_file.js
2019-08-19 16:52:46,133 INFO 9356 [egg-schedule]: register schedule E:\gits\coding-record\框架学习\egg\base-cli\node_modules\egg-multipart\app\schedule\clean_tmpdir.js
2019-08-19 16:52:46,133 INFO 9356 [egg-schedule]: register schedule E:\gits\coding-record\框架学习\egg\base-cli\node_modules\egg-logrotator\app\schedule\clean_log.js
2019-08-19 16:52:46,133 INFO 9356 [egg-schedule]: register schedule E:\gits\coding-record\框架学习\egg\base-cli\node_modules\egg-logrotator\app\schedule\rotate_by_file.js
2019-08-19 16:52:50,140 INFO 4724 [egg-schedule]: register schedule E:\gits\coding-record\框架学习\egg\base-cli\node_modules\egg-multipart\app\schedule\clean_tmpdir.js
2019-08-19 16:52:50,140 INFO 4724 [egg-schedule]: register schedule E:\gits\coding-record\框架学习\egg\base-cli\node_modules\egg-logrotator\app\schedule\clean_log.js
2019-08-19 16:52:50,140 INFO 4724 [egg-schedule]: register schedule E:\gits\coding-record\框架学习\egg\base-cli\node_modules\egg-logrotator\app\schedule\rotate_by_file.js
2019-08-19 16:52:51,956 INFO 2304 [egg-schedule]: register schedule E:\gits\coding-record\框架学习\egg\base-cli\node_modules\egg-multipart\app\schedule\clean_tmpdir.js
2019-08-19 16:52:51,956 INFO 2304 [egg-schedule]: register schedule E:\gits\coding-record\框架学习\egg\base-cli\node_modules\egg-logrotator\app\schedule\clean_log.js
2019-08-19 16:52:51,956 INFO 2304 [egg-schedule]: register schedule E:\gits\coding-record\框架学习\egg\base-cli\node_modules\egg-logrotator\app\schedule\rotate_by_file.js
2019-08-19 16:52:55,492 INFO 13308 [egg-schedule]: register schedule E:\gits\coding-record\框架学习\egg\base-cli\node_modules\egg-multipart\app\schedule\clean_tmpdir.js
2019-08-19 16:52:55,492 INFO 13308 [egg-schedule]: register schedule E:\gits\coding-record\框架学习\egg\base-cli\node_modules\egg-logrotator\app\schedule\clean_log.js
2019-08-19 16:52:55,492 INFO 13308 [egg-schedule]: register schedule E:\gits\coding-record\框架学习\egg\base-cli\node_modules\egg-logrotator\app\schedule\rotate_by_file.js
2019-08-19 16:52:57,418 INFO 10840 [egg-schedule]: register schedule E:\gits\coding-record\框架学习\egg\base-cli\node_modules\egg-multipart\app\schedule\clean_tmpdir.js
2019-08-19 16:52:57,418 INFO 10840 [egg-schedule]: register schedule E:\gits\coding-record\框架学习\egg\base-cli\node_modules\egg-logrotator\app\schedule\clean_log.js
2019-08-19 16:52:57,418 INFO 10840 [egg-schedule]: register schedule E:\gits\coding-record\框架学习\egg\base-cli\node_modules\egg-logrotator\app\schedule\rotate_by_file.js
2019-08-19 16:53:00,660 INFO 412 [egg-schedule]: register schedule E:\gits\coding-record\框架学习\egg\base-cli\node_modules\egg-multipart\app\schedule\clean_tmpdir.js
2019-08-19 16:53:00,660 INFO 412 [egg-schedule]: register schedule E:\gits\coding-record\框架学习\egg\base-cli\node_modules\egg-logrotator\app\schedule\clean_log.js
2019-08-19 16:53:00,660 INFO 412 [egg-schedule]: register schedule E:\gits\coding-record\框架学习\egg\base-cli\node_modules\egg-logrotator\app\schedule\rotate_by_file.js
2019-08-19 16:53:03,952 INFO 10028 [egg-schedule]: register schedule E:\gits\coding-record\框架学习\egg\base-cli\node_modules\egg-multipart\app\schedule\clean_tmpdir.js
2019-08-19 16:53:03,952 INFO 10028 [egg-schedule]: register schedule E:\gits\coding-record\框架学习\egg\base-cli\node_modules\egg-logrotator\app\schedule\clean_log.js
2019-08-19 16:53:03,952 INFO 10028 [egg-schedule]: register schedule E:\gits\coding-record\框架学习\egg\base-cli\node_modules\egg-logrotator\app\schedule\rotate_by_file.js
2019-08-19 16:53:05,820 INFO 6472 [egg-schedule]: register schedule E:\gits\coding-record\框架学习\egg\base-cli\node_modules\egg-multipart\app\schedule\clean_tmpdir.js
2019-08-19 16:53:05,820 INFO 6472 [egg-schedule]: register schedule E:\gits\coding-record\框架学习\egg\base-cli\node_modules\egg-logrotator\app\schedule\clean_log.js
2019-08-19 16:53:05,820 INFO 6472 [egg-schedule]: register schedule E:\gits\coding-record\框架学习\egg\base-cli\node_modules\egg-logrotator\app\schedule\rotate_by_file.js
2019-08-19 16:53:10,203 INFO 808 [egg-schedule]: register schedule E:\gits\coding-record\框架学习\egg\base-cli\node_modules\egg-multipart\app\schedule\clean_tmpdir.js
2019-08-19 16:53:10,203 INFO 808 [egg-schedule]: register schedule E:\gits\coding-record\框架学习\egg\base-cli\node_modules\egg-logrotator\app\schedule\clean_log.js
2019-08-19 16:53:10,203 INFO 808 [egg-schedule]: register schedule E:\gits\coding-record\框架学习\egg\base-cli\node_modules\egg-logrotator\app\schedule\rotate_by_file.js
2019-08-19 16:53:12,888 INFO 12680 [egg-schedule]: register schedule E:\gits\coding-record\框架学习\egg\base-cli\node_modules\egg-multipart\app\schedule\clean_tmpdir.js
2019-08-19 16:53:12,888 INFO 12680 [egg-schedule]: register schedule E:\gits\coding-record\框架学习\egg\base-cli\node_modules\egg-logrotator\app\schedule\clean_log.js
2019-08-19 16:53:12,888 INFO 12680 [egg-schedule]: register schedule E:\gits\coding-record\框架学习\egg\base-cli\node_modules\egg-logrotator\app\schedule\rotate_by_file.js
2019-08-19 16:53:14,995 INFO 5604 [egg-schedule]: register schedule E:\gits\coding-record\框架学习\egg\base-cli\node_modules\egg-multipart\app\schedule\clean_tmpdir.js
2019-08-19 16:53:14,995 INFO 5604 [egg-schedule]: register schedule E:\gits\coding-record\框架学习\egg\base-cli\node_modules\egg-logrotator\app\schedule\clean_log.js
2019-08-19 16:53:14,995 INFO 5604 [egg-schedule]: register schedule E:\gits\coding-record\框架学习\egg\base-cli\node_modules\egg-logrotator\app\schedule\rotate_by_file.js
2019-08-19 16:53:22,896 INFO 6808 [egg-schedule]: register schedule E:\gits\coding-record\框架学习\egg\base-cli\node_modules\egg-multipart\app\schedule\clean_tmpdir.js
2019-08-19 16:53:22,896 INFO 6808 [egg-schedule]: register schedule E:\gits\coding-record\框架学习\egg\base-cli\node_modules\egg-logrotator\app\schedule\clean_log.js
2019-08-19 16:53:22,896 INFO 6808 [egg-schedule]: register schedule E:\gits\coding-record\框架学习\egg\base-cli\node_modules\egg-logrotator\app\schedule\rotate_by_file.js
2019-08-19 16:53:27,614 INFO 5608 [egg-schedule]: register schedule E:\gits\coding-record\框架学习\egg\base-cli\node_modules\egg-multipart\app\schedule\clean_tmpdir.js
2019-08-19 16:53:27,614 INFO 5608 [egg-schedule]: register schedule E:\gits\coding-record\框架学习\egg\base-cli\node_modules\egg-logrotator\app\schedule\clean_log.js
2019-08-19 16:53:27,614 INFO 5608 [egg-schedule]: register schedule E:\gits\coding-record\框架学习\egg\base-cli\node_modules\egg-logrotator\app\schedule\rotate_by_file.js
2019-08-19 16:53:28,597 INFO 5572 [egg-schedule]: register schedule E:\gits\coding-record\框架学习\egg\base-cli\node_modules\egg-multipart\app\schedule\clean_tmpdir.js
2019-08-19 16:53:28,597 INFO 5572 [egg-schedule]: register schedule E:\gits\coding-record\框架学习\egg\base-cli\node_modules\egg-logrotator\app\schedule\clean_log.js
2019-08-19 16:53:28,597 INFO 5572 [egg-schedule]: register schedule E:\gits\coding-record\框架学习\egg\base-cli\node_modules\egg-logrotator\app\schedule\rotate_by_file.js
2019-08-19 16:53:31,368 INFO 10788 [egg-schedule]: register schedule E:\gits\coding-record\框架学习\egg\base-cli\node_modules\egg-multipart\app\schedule\clean_tmpdir.js
2019-08-19 16:53:31,368 INFO 10788 [egg-schedule]: register schedule E:\gits\coding-record\框架学习\egg\base-cli\node_modules\egg-logrotator\app\schedule\clean_log.js
2019-08-19 16:53:31,368 INFO 10788 [egg-schedule]: register schedule E:\gits\coding-record\框架学习\egg\base-cli\node_modules\egg-logrotator\app\schedule\rotate_by_file.js
2019-08-19 16:53:33,422 INFO 9504 [egg-schedule]: register schedule E:\gits\coding-record\框架学习\egg\base-cli\node_modules\egg-multipart\app\schedule\clean_tmpdir.js
2019-08-19 16:53:33,422 INFO 9504 [egg-schedule]: register schedule E:\gits\coding-record\框架学习\egg\base-cli\node_modules\egg-logrotator\app\schedule\clean_log.js
2019-08-19 16:53:33,422 INFO 9504 [egg-schedule]: register schedule E:\gits\coding-record\框架学习\egg\base-cli\node_modules\egg-logrotator\app\schedule\rotate_by_file.js
2019-08-19 16:53:35,453 INFO 788 [egg-schedule]: register schedule E:\gits\coding-record\框架学习\egg\base-cli\node_modules\egg-multipart\app\schedule\clean_tmpdir.js
2019-08-19 16:53:35,453 INFO 788 [egg-schedule]: register schedule E:\gits\coding-record\框架学习\egg\base-cli\node_modules\egg-logrotator\app\schedule\clean_log.js
2019-08-19 16:53:35,453 INFO 788 [egg-schedule]: register schedule E:\gits\coding-record\框架学习\egg\base-cli\node_modules\egg-logrotator\app\schedule\rotate_by_file.js
2019-08-19 16:53:37,271 INFO 1360 [egg-schedule]: register schedule E:\gits\coding-record\框架学习\egg\base-cli\node_modules\egg-multipart\app\schedule\clean_tmpdir.js
2019-08-19 16:53:37,286 INFO 1360 [egg-schedule]: register schedule E:\gits\coding-record\框架学习\egg\base-cli\node_modules\egg-logrotator\app\schedule\clean_log.js
2019-08-19 16:53:37,286 INFO 1360 [egg-schedule]: register schedule E:\gits\coding-record\框架学习\egg\base-cli\node_modules\egg-logrotator\app\schedule\rotate_by_file.js
2019-08-19 16:53:39,566 INFO 8004 [egg-schedule]: register schedule E:\gits\coding-record\框架学习\egg\base-cli\node_modules\egg-multipart\app\schedule\clean_tmpdir.js
2019-08-19 16:53:39,566 INFO 8004 [egg-schedule]: register schedule E:\gits\coding-record\框架学习\egg\base-cli\node_modules\egg-logrotator\app\schedule\clean_log.js
2019-08-19 16:53:39,566 INFO 8004 [egg-schedule]: register schedule E:\gits\coding-record\框架学习\egg\base-cli\node_modules\egg-logrotator\app\schedule\rotate_by_file.js
2019-08-19 16:53:43,021 INFO 5228 [egg-schedule]: register schedule E:\gits\coding-record\框架学习\egg\base-cli\node_modules\egg-multipart\app\schedule\clean_tmpdir.js
2019-08-19 16:53:43,021 INFO 5228 [egg-schedule]: register schedule E:\gits\coding-record\框架学习\egg\base-cli\node_modules\egg-logrotator\app\schedule\clean_log.js
2019-08-19 16:53:43,021 INFO 5228 [egg-schedule]: register schedule E:\gits\coding-record\框架学习\egg\base-cli\node_modules\egg-logrotator\app\schedule\rotate_by_file.js
2019-08-19 16:53:44,719 INFO 4532 [egg-schedule]: register schedule E:\gits\coding-record\框架学习\egg\base-cli\node_modules\egg-multipart\app\schedule\clean_tmpdir.js
2019-08-19 16:53:44,719 INFO 4532 [egg-schedule]: register schedule E:\gits\coding-record\框架学习\egg\base-cli\node_modules\egg-logrotator\app\schedule\clean_log.js
2019-08-19 16:53:44,719 INFO 4532 [egg-schedule]: register schedule E:\gits\coding-record\框架学习\egg\base-cli\node_modules\egg-logrotator\app\schedule\rotate_by_file.js
2019-08-19 16:53:53,422 INFO 4608 [egg-schedule]: register schedule E:\gits\coding-record\框架学习\egg\base-cli\node_modules\egg-multipart\app\schedule\clean_tmpdir.js
2019-08-19 16:53:53,422 INFO 4608 [egg-schedule]: register schedule E:\gits\coding-record\框架学习\egg\base-cli\node_modules\egg-logrotator\app\schedule\clean_log.js
2019-08-19 16:53:53,422 INFO 4608 [egg-schedule]: register schedule E:\gits\coding-record\框架学习\egg\base-cli\node_modules\egg-logrotator\app\schedule\rotate_by_file.js
2019-08-19 16:53:55,484 INFO 10824 [egg-schedule]: register schedule E:\gits\coding-record\框架学习\egg\base-cli\node_modules\egg-multipart\app\schedule\clean_tmpdir.js
2019-08-19 16:53:55,484 INFO 10824 [egg-schedule]: register schedule E:\gits\coding-record\框架学习\egg\base-cli\node_modules\egg-logrotator\app\schedule\clean_log.js
2019-08-19 16:53:55,484 INFO 10824 [egg-schedule]: register schedule E:\gits\coding-record\框架学习\egg\base-cli\node_modules\egg-logrotator\app\schedule\rotate_by_file.js
2019-08-19 16:54:00,734 INFO 8032 [egg-schedule]: register schedule E:\gits\coding-record\框架学习\egg\base-cli\node_modules\egg-multipart\app\schedule\clean_tmpdir.js
2019-08-19 16:54:00,734 INFO 8032 [egg-schedule]: register schedule E:\gits\coding-record\框架学习\egg\base-cli\node_modules\egg-logrotator\app\schedule\clean_log.js
2019-08-19 16:54:00,734 INFO 8032 [egg-schedule]: register schedule E:\gits\coding-record\框架学习\egg\base-cli\node_modules\egg-logrotator\app\schedule\rotate_by_file.js
2019-08-19 16:54:13,291 INFO 2296 [egg-schedule]: register schedule E:\gits\coding-record\框架学习\egg\base-cli\node_modules\egg-multipart\app\schedule\clean_tmpdir.js
2019-08-19 16:54:13,291 INFO 2296 [egg-schedule]: register schedule E:\gits\coding-record\框架学习\egg\base-cli\node_modules\egg-logrotator\app\schedule\clean_log.js
2019-08-19 16:54:13,291 INFO 2296 [egg-schedule]: register schedule E:\gits\coding-record\框架学习\egg\base-cli\node_modules\egg-logrotator\app\schedule\rotate_by_file.js
2019-08-19 16:54:15,224 INFO 13040 [egg-schedule]: register schedule E:\gits\coding-record\框架学习\egg\base-cli\node_modules\egg-multipart\app\schedule\clean_tmpdir.js
2019-08-19 16:54:15,224 INFO 13040 [egg-schedule]: register schedule E:\gits\coding-record\框架学习\egg\base-cli\node_modules\egg-logrotator\app\schedule\clean_log.js
2019-08-19 16:54:15,224 INFO 13040 [egg-schedule]: register schedule E:\gits\coding-record\框架学习\egg\base-cli\node_modules\egg-logrotator\app\schedule\rotate_by_file.js
2019-08-19 16:54:22,913 INFO 12620 [egg-schedule]: register schedule E:\gits\coding-record\框架学习\egg\base-cli\node_modules\egg-multipart\app\schedule\clean_tmpdir.js
2019-08-19 16:54:22,913 INFO 12620 [egg-schedule]: register schedule E:\gits\coding-record\框架学习\egg\base-cli\node_modules\egg-logrotator\app\schedule\clean_log.js
2019-08-19 16:54:22,913 INFO 12620 [egg-schedule]: register schedule E:\gits\coding-record\框架学习\egg\base-cli\node_modules\egg-logrotator\app\schedule\rotate_by_file.js
2019-08-19 16:54:33,942 INFO 11460 [egg-schedule]: register schedule E:\gits\coding-record\框架学习\egg\base-cli\node_modules\egg-multipart\app\schedule\clean_tmpdir.js
2019-08-19 16:54:33,942 INFO 11460 [egg-schedule]: register schedule E:\gits\coding-record\框架学习\egg\base-cli\node_modules\egg-logrotator\app\schedule\clean_log.js
2019-08-19 16:54:33,942 INFO 11460 [egg-schedule]: register schedule E:\gits\coding-record\框架学习\egg\base-cli\node_modules\egg-logrotator\app\schedule\rotate_by_file.js
2019-08-19 16:54:36,281 INFO 3636 [egg-schedule]: register schedule E:\gits\coding-record\框架学习\egg\base-cli\node_modules\egg-multipart\app\schedule\clean_tmpdir.js
2019-08-19 16:54:36,282 INFO 3636 [egg-schedule]: register schedule E:\gits\coding-record\框架学习\egg\base-cli\node_modules\egg-logrotator\app\schedule\clean_log.js
2019-08-19 16:54:36,282 INFO 3636 [egg-schedule]: register schedule E:\gits\coding-record\框架学习\egg\base-cli\node_modules\egg-logrotator\app\schedule\rotate_by_file.js
2019-08-19 16:54:37,967 INFO 4516 [egg-schedule]: register schedule E:\gits\coding-record\框架学习\egg\base-cli\node_modules\egg-multipart\app\schedule\clean_tmpdir.js
2019-08-19 16:54:37,967 INFO 4516 [egg-schedule]: register schedule E:\gits\coding-record\框架学习\egg\base-cli\node_modules\egg-logrotator\app\schedule\clean_log.js
2019-08-19 16:54:37,967 INFO 4516 [egg-schedule]: register schedule E:\gits\coding-record\框架学习\egg\base-cli\node_modules\egg-logrotator\app\schedule\rotate_by_file.js
2019-08-19 16:57:11,252 INFO 5800 [egg-schedule]: register schedule E:\gits\coding-record\框架学习\egg\base-cli\node_modules\egg-multipart\app\schedule\clean_tmpdir.js
2019-08-19 16:57:11,252 INFO 5800 [egg-schedule]: register schedule E:\gits\coding-record\框架学习\egg\base-cli\node_modules\egg-logrotator\app\schedule\clean_log.js
2019-08-19 16:57:11,252 INFO 5800 [egg-schedule]: register schedule E:\gits\coding-record\框架学习\egg\base-cli\node_modules\egg-logrotator\app\schedule\rotate_by_file.js
2019-08-19 16:57:13,223 INFO 940 [egg-schedule]: register schedule E:\gits\coding-record\框架学习\egg\base-cli\node_modules\egg-multipart\app\schedule\clean_tmpdir.js
2019-08-19 16:57:13,223 INFO 940 [egg-schedule]: register schedule E:\gits\coding-record\框架学习\egg\base-cli\node_modules\egg-logrotator\app\schedule\clean_log.js
2019-08-19 16:57:13,223 INFO 940 [egg-schedule]: register schedule E:\gits\coding-record\框架学习\egg\base-cli\node_modules\egg-logrotator\app\schedule\rotate_by_file.js
2019-08-19 16:57:16,510 INFO 8744 [egg-schedule]: register schedule E:\gits\coding-record\框架学习\egg\base-cli\node_modules\egg-multipart\app\schedule\clean_tmpdir.js
2019-08-19 16:57:16,510 INFO 8744 [egg-schedule]: register schedule E:\gits\coding-record\框架学习\egg\base-cli\node_modules\egg-logrotator\app\schedule\clean_log.js
2019-08-19 16:57:16,510 INFO 8744 [egg-schedule]: register schedule E:\gits\coding-record\框架学习\egg\base-cli\node_modules\egg-logrotator\app\schedule\rotate_by_file.js
2019-08-19 16:57:54,662 INFO 772 [egg-schedule]: register schedule E:\gits\coding-record\框架学习\egg\base-cli\node_modules\egg-multipart\app\schedule\clean_tmpdir.js
2019-08-19 16:57:54,662 INFO 772 [egg-schedule]: register schedule E:\gits\coding-record\框架学习\egg\base-cli\node_modules\egg-logrotator\app\schedule\clean_log.js
2019-08-19 16:57:54,662 INFO 772 [egg-schedule]: register schedule E:\gits\coding-record\框架学习\egg\base-cli\node_modules\egg-logrotator\app\schedule\rotate_by_file.js
2019-08-19 16:58:23,898 INFO 11608 [egg-schedule]: register schedule E:\gits\coding-record\框架学习\egg\base-cli\node_modules\egg-multipart\app\schedule\clean_tmpdir.js
2019-08-19 16:58:23,898 INFO 11608 [egg-schedule]: register schedule E:\gits\coding-record\框架学习\egg\base-cli\node_modules\egg-logrotator\app\schedule\clean_log.js
2019-08-19 16:58:23,898 INFO 11608 [egg-schedule]: register schedule E:\gits\coding-record\框架学习\egg\base-cli\node_modules\egg-logrotator\app\schedule\rotate_by_file.js
2019-08-19 16:58:25,755 INFO 13184 [egg-schedule]: register schedule E:\gits\coding-record\框架学习\egg\base-cli\node_modules\egg-multipart\app\schedule\clean_tmpdir.js
2019-08-19 16:58:25,755 INFO 13184 [egg-schedule]: register schedule E:\gits\coding-record\框架学习\egg\base-cli\node_modules\egg-logrotator\app\schedule\clean_log.js
2019-08-19 16:58:25,755 INFO 13184 [egg-schedule]: register schedule E:\gits\coding-record\框架学习\egg\base-cli\node_modules\egg-logrotator\app\schedule\rotate_by_file.js
2019-08-19 16:58:30,118 INFO 9784 [egg-schedule]: register schedule E:\gits\coding-record\框架学习\egg\base-cli\node_modules\egg-multipart\app\schedule\clean_tmpdir.js
2019-08-19 16:58:30,118 INFO 9784 [egg-schedule]: register schedule E:\gits\coding-record\框架学习\egg\base-cli\node_modules\egg-logrotator\app\schedule\clean_log.js
2019-08-19 16:58:30,118 INFO 9784 [egg-schedule]: register schedule E:\gits\coding-record\框架学习\egg\base-cli\node_modules\egg-logrotator\app\schedule\rotate_by_file.js
2019-08-19 16:58:32,182 INFO 10952 [egg-schedule]: register schedule E:\gits\coding-record\框架学习\egg\base-cli\node_modules\egg-multipart\app\schedule\clean_tmpdir.js
2019-08-19 16:58:32,182 INFO 10952 [egg-schedule]: register schedule E:\gits\coding-record\框架学习\egg\base-cli\node_modules\egg-logrotator\app\schedule\clean_log.js
2019-08-19 16:58:32,182 INFO 10952 [egg-schedule]: register schedule E:\gits\coding-record\框架学习\egg\base-cli\node_modules\egg-logrotator\app\schedule\rotate_by_file.js
2019-08-19 16:58:33,964 INFO 8480 [egg-schedule]: register schedule E:\gits\coding-record\框架学习\egg\base-cli\node_modules\egg-multipart\app\schedule\clean_tmpdir.js
2019-08-19 16:58:33,964 INFO 8480 [egg-schedule]: register schedule E:\gits\coding-record\框架学习\egg\base-cli\node_modules\egg-logrotator\app\schedule\clean_log.js
2019-08-19 16:58:33,964 INFO 8480 [egg-schedule]: register schedule E:\gits\coding-record\框架学习\egg\base-cli\node_modules\egg-logrotator\app\schedule\rotate_by_file.js
2019-08-19 16:58:38,765 INFO 6224 [egg-schedule]: register schedule E:\gits\coding-record\框架学习\egg\base-cli\node_modules\egg-multipart\app\schedule\clean_tmpdir.js
2019-08-19 16:58:38,765 INFO 6224 [egg-schedule]: register schedule E:\gits\coding-record\框架学习\egg\base-cli\node_modules\egg-logrotator\app\schedule\clean_log.js
2019-08-19 16:58:38,765 INFO 6224 [egg-schedule]: register schedule E:\gits\coding-record\框架学习\egg\base-cli\node_modules\egg-logrotator\app\schedule\rotate_by_file.js
2019-08-19 16:58:40,930 INFO 8168 [egg-schedule]: register schedule E:\gits\coding-record\框架学习\egg\base-cli\node_modules\egg-multipart\app\schedule\clean_tmpdir.js
2019-08-19 16:58:40,930 INFO 8168 [egg-schedule]: register schedule E:\gits\coding-record\框架学习\egg\base-cli\node_modules\egg-logrotator\app\schedule\clean_log.js
2019-08-19 16:58:40,930 INFO 8168 [egg-schedule]: register schedule E:\gits\coding-record\框架学习\egg\base-cli\node_modules\egg-logrotator\app\schedule\rotate_by_file.js
2019-08-19 16:58:44,047 INFO 5100 [egg-schedule]: register schedule E:\gits\coding-record\框架学习\egg\base-cli\node_modules\egg-multipart\app\schedule\clean_tmpdir.js
2019-08-19 16:58:44,047 INFO 5100 [egg-schedule]: register schedule E:\gits\coding-record\框架学习\egg\base-cli\node_modules\egg-logrotator\app\schedule\clean_log.js
2019-08-19 16:58:44,047 INFO 5100 [egg-schedule]: register schedule E:\gits\coding-record\框架学习\egg\base-cli\node_modules\egg-logrotator\app\schedule\rotate_by_file.js
2019-08-19 16:58:47,277 INFO 6660 [egg-schedule]: register schedule E:\gits\coding-record\框架学习\egg\base-cli\node_modules\egg-multipart\app\schedule\clean_tmpdir.js
2019-08-19 16:58:47,277 INFO 6660 [egg-schedule]: register schedule E:\gits\coding-record\框架学习\egg\base-cli\node_modules\egg-logrotator\app\schedule\clean_log.js
2019-08-19 16:58:47,277 INFO 6660 [egg-schedule]: register schedule E:\gits\coding-record\框架学习\egg\base-cli\node_modules\egg-logrotator\app\schedule\rotate_by_file.js
2019-08-19 16:58:49,471 INFO 5924 [egg-schedule]: register schedule E:\gits\coding-record\框架学习\egg\base-cli\node_modules\egg-multipart\app\schedule\clean_tmpdir.js
2019-08-19 16:58:49,471 INFO 5924 [egg-schedule]: register schedule E:\gits\coding-record\框架学习\egg\base-cli\node_modules\egg-logrotator\app\schedule\clean_log.js
2019-08-19 16:58:49,471 INFO 5924 [egg-schedule]: register schedule E:\gits\coding-record\框架学习\egg\base-cli\node_modules\egg-logrotator\app\schedule\rotate_by_file.js
2019-08-19 16:58:51,831 INFO 12968 [egg-schedule]: register schedule E:\gits\coding-record\框架学习\egg\base-cli\node_modules\egg-multipart\app\schedule\clean_tmpdir.js
2019-08-19 16:58:51,831 INFO 12968 [egg-schedule]: register schedule E:\gits\coding-record\框架学习\egg\base-cli\node_modules\egg-logrotator\app\schedule\clean_log.js
2019-08-19 16:58:51,831 INFO 12968 [egg-schedule]: register schedule E:\gits\coding-record\框架学习\egg\base-cli\node_modules\egg-logrotator\app\schedule\rotate_by_file.js
2019-08-19 16:58:55,003 INFO 6836 [egg-schedule]: register schedule E:\gits\coding-record\框架学习\egg\base-cli\node_modules\egg-multipart\app\schedule\clean_tmpdir.js
2019-08-19 16:58:55,003 INFO 6836 [egg-schedule]: register schedule E:\gits\coding-record\框架学习\egg\base-cli\node_modules\egg-logrotator\app\schedule\clean_log.js
2019-08-19 16:58:55,003 INFO 6836 [egg-schedule]: register schedule E:\gits\coding-record\框架学习\egg\base-cli\node_modules\egg-logrotator\app\schedule\rotate_by_file.js
2019-08-19 16:58:56,995 INFO 2808 [egg-schedule]: register schedule E:\gits\coding-record\框架学习\egg\base-cli\node_modules\egg-multipart\app\schedule\clean_tmpdir.js
2019-08-19 16:58:56,995 INFO 2808 [egg-schedule]: register schedule E:\gits\coding-record\框架学习\egg\base-cli\node_modules\egg-logrotator\app\schedule\clean_log.js
2019-08-19 16:58:56,995 INFO 2808 [egg-schedule]: register schedule E:\gits\coding-record\框架学习\egg\base-cli\node_modules\egg-logrotator\app\schedule\rotate_by_file.js
2019-08-19 16:58:59,530 INFO 6056 [egg-schedule]: register schedule E:\gits\coding-record\框架学习\egg\base-cli\node_modules\egg-multipart\app\schedule\clean_tmpdir.js
2019-08-19 16:58:59,530 INFO 6056 [egg-schedule]: register schedule E:\gits\coding-record\框架学习\egg\base-cli\node_modules\egg-logrotator\app\schedule\clean_log.js
2019-08-19 16:58:59,530 INFO 6056 [egg-schedule]: register schedule E:\gits\coding-record\框架学习\egg\base-cli\node_modules\egg-logrotator\app\schedule\rotate_by_file.js
2019-08-19 16:59:11,012 INFO 7164 [egg-schedule]: register schedule E:\gits\coding-record\框架学习\egg\base-cli\node_modules\egg-multipart\app\schedule\clean_tmpdir.js
2019-08-19 16:59:11,012 INFO 7164 [egg-schedule]: register schedule E:\gits\coding-record\框架学习\egg\base-cli\node_modules\egg-logrotator\app\schedule\clean_log.js
2019-08-19 16:59:11,012 INFO 7164 [egg-schedule]: register schedule E:\gits\coding-record\框架学习\egg\base-cli\node_modules\egg-logrotator\app\schedule\rotate_by_file.js
2019-08-19 16:59:14,723 INFO 10080 [egg-schedule]: register schedule E:\gits\coding-record\框架学习\egg\base-cli\node_modules\egg-multipart\app\schedule\clean_tmpdir.js
2019-08-19 16:59:14,723 INFO 10080 [egg-schedule]: register schedule E:\gits\coding-record\框架学习\egg\base-cli\node_modules\egg-logrotator\app\schedule\clean_log.js
2019-08-19 16:59:14,723 INFO 10080 [egg-schedule]: register schedule E:\gits\coding-record\框架学习\egg\base-cli\node_modules\egg-logrotator\app\schedule\rotate_by_file.js
2019-08-19 16:59:21,594 INFO 412 [egg-schedule]: register schedule E:\gits\coding-record\框架学习\egg\base-cli\node_modules\egg-multipart\app\schedule\clean_tmpdir.js
2019-08-19 16:59:21,594 INFO 412 [egg-schedule]: register schedule E:\gits\coding-record\框架学习\egg\base-cli\node_modules\egg-logrotator\app\schedule\clean_log.js
2019-08-19 16:59:21,594 INFO 412 [egg-schedule]: register schedule E:\gits\coding-record\框架学习\egg\base-cli\node_modules\egg-logrotator\app\schedule\rotate_by_file.js
2019-08-19 16:59:26,904 INFO 9344 [egg-schedule]: register schedule E:\gits\coding-record\框架学习\egg\base-cli\node_modules\egg-multipart\app\schedule\clean_tmpdir.js
2019-08-19 16:59:26,904 INFO 9344 [egg-schedule]: register schedule E:\gits\coding-record\框架学习\egg\base-cli\node_modules\egg-logrotator\app\schedule\clean_log.js
2019-08-19 16:59:26,904 INFO 9344 [egg-schedule]: register schedule E:\gits\coding-record\框架学习\egg\base-cli\node_modules\egg-logrotator\app\schedule\rotate_by_file.js
2019-08-19 16:59:28,888 INFO 13292 [egg-schedule]: register schedule E:\gits\coding-record\框架学习\egg\base-cli\node_modules\egg-multipart\app\schedule\clean_tmpdir.js
2019-08-19 16:59:28,888 INFO 13292 [egg-schedule]: register schedule E:\gits\coding-record\框架学习\egg\base-cli\node_modules\egg-logrotator\app\schedule\clean_log.js
2019-08-19 16:59:28,888 INFO 13292 [egg-schedule]: register schedule E:\gits\coding-record\框架学习\egg\base-cli\node_modules\egg-logrotator\app\schedule\rotate_by_file.js
2019-08-19 16:59:31,030 INFO 808 [egg-schedule]: register schedule E:\gits\coding-record\框架学习\egg\base-cli\node_modules\egg-multipart\app\schedule\clean_tmpdir.js
2019-08-19 16:59:31,030 INFO 808 [egg-schedule]: register schedule E:\gits\coding-record\框架学习\egg\base-cli\node_modules\egg-logrotator\app\schedule\clean_log.js
2019-08-19 16:59:31,030 INFO 808 [egg-schedule]: register schedule E:\gits\coding-record\框架学习\egg\base-cli\node_modules\egg-logrotator\app\schedule\rotate_by_file.js
2019-08-19 16:59:37,527 INFO 4456 [egg-schedule]: register schedule E:\gits\coding-record\框架学习\egg\base-cli\node_modules\egg-multipart\app\schedule\clean_tmpdir.js
2019-08-19 16:59:37,527 INFO 4456 [egg-schedule]: register schedule E:\gits\coding-record\框架学习\egg\base-cli\node_modules\egg-logrotator\app\schedule\clean_log.js
2019-08-19 16:59:37,527 INFO 4456 [egg-schedule]: register schedule E:\gits\coding-record\框架学习\egg\base-cli\node_modules\egg-logrotator\app\schedule\rotate_by_file.js
2019-08-19 16:59:44,746 INFO 9920 [egg-schedule]: register schedule E:\gits\coding-record\框架学习\egg\base-cli\node_modules\egg-multipart\app\schedule\clean_tmpdir.js
2019-08-19 16:59:44,746 INFO 9920 [egg-schedule]: register schedule E:\gits\coding-record\框架学习\egg\base-cli\node_modules\egg-logrotator\app\schedule\clean_log.js
2019-08-19 16:59:44,746 INFO 9920 [egg-schedule]: register schedule E:\gits\coding-record\框架学习\egg\base-cli\node_modules\egg-logrotator\app\schedule\rotate_by_file.js
2019-08-19 16:59:49,050 INFO 12460 [egg-schedule]: register schedule E:\gits\coding-record\框架学习\egg\base-cli\node_modules\egg-multipart\app\schedule\clean_tmpdir.js
2019-08-19 16:59:49,050 INFO 12460 [egg-schedule]: register schedule E:\gits\coding-record\框架学习\egg\base-cli\node_modules\egg-logrotator\app\schedule\clean_log.js
2019-08-19 16:59:49,050 INFO 12460 [egg-schedule]: register schedule E:\gits\coding-record\框架学习\egg\base-cli\node_modules\egg-logrotator\app\schedule\rotate_by_file.js
2019-08-19 16:59:51,185 INFO 12960 [egg-schedule]: register schedule E:\gits\coding-record\框架学习\egg\base-cli\node_modules\egg-multipart\app\schedule\clean_tmpdir.js
2019-08-19 16:59:51,185 INFO 12960 [egg-schedule]: register schedule E:\gits\coding-record\框架学习\egg\base-cli\node_modules\egg-logrotator\app\schedule\clean_log.js
2019-08-19 16:59:51,185 INFO 12960 [egg-schedule]: register schedule E:\gits\coding-record\框架学习\egg\base-cli\node_modules\egg-logrotator\app\schedule\rotate_by_file.js
2019-08-19 16:59:54,750 INFO 5684 [egg-schedule]: register schedule E:\gits\coding-record\框架学习\egg\base-cli\node_modules\egg-multipart\app\schedule\clean_tmpdir.js
2019-08-19 16:59:54,750 INFO 5684 [egg-schedule]: register schedule E:\gits\coding-record\框架学习\egg\base-cli\node_modules\egg-logrotator\app\schedule\clean_log.js
2019-08-19 16:59:54,750 INFO 5684 [egg-schedule]: register schedule E:\gits\coding-record\框架学习\egg\base-cli\node_modules\egg-logrotator\app\schedule\rotate_by_file.js
2019-08-19 16:59:56,611 INFO 4688 [egg-schedule]: register schedule E:\gits\coding-record\框架学习\egg\base-cli\node_modules\egg-multipart\app\schedule\clean_tmpdir.js
2019-08-19 16:59:56,611 INFO 4688 [egg-schedule]: register schedule E:\gits\coding-record\框架学习\egg\base-cli\node_modules\egg-logrotator\app\schedule\clean_log.js
2019-08-19 16:59:56,611 INFO 4688 [egg-schedule]: register schedule E:\gits\coding-record\框架学习\egg\base-cli\node_modules\egg-logrotator\app\schedule\rotate_by_file.js
2019-08-19 17:00:01,164 INFO 2120 [egg-schedule]: register schedule E:\gits\coding-record\框架学习\egg\base-cli\node_modules\egg-multipart\app\schedule\clean_tmpdir.js
2019-08-19 17:00:01,164 INFO 2120 [egg-schedule]: register schedule E:\gits\coding-record\框架学习\egg\base-cli\node_modules\egg-logrotator\app\schedule\clean_log.js
2019-08-19 17:00:01,164 INFO 2120 [egg-schedule]: register schedule E:\gits\coding-record\框架学习\egg\base-cli\node_modules\egg-logrotator\app\schedule\rotate_by_file.js
2019-08-19 17:00:03,057 INFO 11608 [egg-schedule]: register schedule E:\gits\coding-record\框架学习\egg\base-cli\node_modules\egg-multipart\app\schedule\clean_tmpdir.js
2019-08-19 17:00:03,057 INFO 11608 [egg-schedule]: register schedule E:\gits\coding-record\框架学习\egg\base-cli\node_modules\egg-logrotator\app\schedule\clean_log.js
2019-08-19 17:00:03,057 INFO 11608 [egg-schedule]: register schedule E:\gits\coding-record\框架学习\egg\base-cli\node_modules\egg-logrotator\app\schedule\rotate_by_file.js
2019-08-19 17:00:04,679 INFO 3052 [egg-schedule]: register schedule E:\gits\coding-record\框架学习\egg\base-cli\node_modules\egg-multipart\app\schedule\clean_tmpdir.js
2019-08-19 17:00:04,679 INFO 3052 [egg-schedule]: register schedule E:\gits\coding-record\框架学习\egg\base-cli\node_modules\egg-logrotator\app\schedule\clean_log.js
2019-08-19 17:00:04,679 INFO 3052 [egg-schedule]: register schedule E:\gits\coding-record\框架学习\egg\base-cli\node_modules\egg-logrotator\app\schedule\rotate_by_file.js
2019-08-19 17:00:07,865 INFO 5684 [egg-schedule]: register schedule E:\gits\coding-record\框架学习\egg\base-cli\node_modules\egg-multipart\app\schedule\clean_tmpdir.js
2019-08-19 17:00:07,865 INFO 5684 [egg-schedule]: register schedule E:\gits\coding-record\框架学习\egg\base-cli\node_modules\egg-logrotator\app\schedule\clean_log.js
2019-08-19 17:00:07,865 INFO 5684 [egg-schedule]: register schedule E:\gits\coding-record\框架学习\egg\base-cli\node_modules\egg-logrotator\app\schedule\rotate_by_file.js
2019-08-19 17:00:12,509 INFO 11024 [egg-schedule]: register schedule E:\gits\coding-record\框架学习\egg\base-cli\node_modules\egg-multipart\app\schedule\clean_tmpdir.js
2019-08-19 17:00:12,509 INFO 11024 [egg-schedule]: register schedule E:\gits\coding-record\框架学习\egg\base-cli\node_modules\egg-logrotator\app\schedule\clean_log.js
2019-08-19 17:00:12,525 INFO 11024 [egg-schedule]: register schedule E:\gits\coding-record\框架学习\egg\base-cli\node_modules\egg-logrotator\app\schedule\rotate_by_file.js
2019-08-19 17:00:18,081 INFO 10632 [egg-schedule]: register schedule E:\gits\coding-record\框架学习\egg\base-cli\node_modules\egg-multipart\app\schedule\clean_tmpdir.js
2019-08-19 17:00:18,081 INFO 10632 [egg-schedule]: register schedule E:\gits\coding-record\框架学习\egg\base-cli\node_modules\egg-logrotator\app\schedule\clean_log.js
2019-08-19 17:00:18,081 INFO 10632 [egg-schedule]: register schedule E:\gits\coding-record\框架学习\egg\base-cli\node_modules\egg-logrotator\app\schedule\rotate_by_file.js
2019-08-19 17:00:21,163 INFO 3100 [egg-schedule]: register schedule E:\gits\coding-record\框架学习\egg\base-cli\node_modules\egg-multipart\app\schedule\clean_tmpdir.js
2019-08-19 17:00:21,163 INFO 3100 [egg-schedule]: register schedule E:\gits\coding-record\框架学习\egg\base-cli\node_modules\egg-logrotator\app\schedule\clean_log.js
2019-08-19 17:00:21,163 INFO 3100 [egg-schedule]: register schedule E:\gits\coding-record\框架学习\egg\base-cli\node_modules\egg-logrotator\app\schedule\rotate_by_file.js
2019-08-19 17:00:38,458 INFO 8552 [egg-schedule]: register schedule E:\gits\coding-record\框架学习\egg\base-cli\node_modules\egg-multipart\app\schedule\clean_tmpdir.js
2019-08-19 17:00:38,458 INFO 8552 [egg-schedule]: register schedule E:\gits\coding-record\框架学习\egg\base-cli\node_modules\egg-logrotator\app\schedule\clean_log.js
2019-08-19 17:00:38,458 INFO 8552 [egg-schedule]: register schedule E:\gits\coding-record\框架学习\egg\base-cli\node_modules\egg-logrotator\app\schedule\rotate_by_file.js
2019-08-19 17:00:44,529 INFO 10076 [egg-schedule]: register schedule E:\gits\coding-record\框架学习\egg\base-cli\node_modules\egg-multipart\app\schedule\clean_tmpdir.js
2019-08-19 17:00:44,529 INFO 10076 [egg-schedule]: register schedule E:\gits\coding-record\框架学习\egg\base-cli\node_modules\egg-logrotator\app\schedule\clean_log.js
2019-08-19 17:00:44,529 INFO 10076 [egg-schedule]: register schedule E:\gits\coding-record\框架学习\egg\base-cli\node_modules\egg-logrotator\app\schedule\rotate_by_file.js
2019-08-19 17:00:47,726 INFO 6592 [egg-schedule]: register schedule E:\gits\coding-record\框架学习\egg\base-cli\node_modules\egg-multipart\app\schedule\clean_tmpdir.js
2019-08-19 17:00:47,726 INFO 6592 [egg-schedule]: register schedule E:\gits\coding-record\框架学习\egg\base-cli\node_modules\egg-logrotator\app\schedule\clean_log.js
2019-08-19 17:00:47,726 INFO 6592 [egg-schedule]: register schedule E:\gits\coding-record\框架学习\egg\base-cli\node_modules\egg-logrotator\app\schedule\rotate_by_file.js
2019-08-19 17:00:56,667 INFO 2560 [egg-schedule]: register schedule E:\gits\coding-record\框架学习\egg\base-cli\node_modules\egg-multipart\app\schedule\clean_tmpdir.js
2019-08-19 17:00:56,667 INFO 2560 [egg-schedule]: register schedule E:\gits\coding-record\框架学习\egg\base-cli\node_modules\egg-logrotator\app\schedule\clean_log.js
2019-08-19 17:00:56,667 INFO 2560 [egg-schedule]: register schedule E:\gits\coding-record\框架学习\egg\base-cli\node_modules\egg-logrotator\app\schedule\rotate_by_file.js
2019-08-19 17:01:03,877 INFO 12968 [egg-schedule]: register schedule E:\gits\coding-record\框架学习\egg\base-cli\node_modules\egg-multipart\app\schedule\clean_tmpdir.js
2019-08-19 17:01:03,877 INFO 12968 [egg-schedule]: register schedule E:\gits\coding-record\框架学习\egg\base-cli\node_modules\egg-logrotator\app\schedule\clean_log.js
2019-08-19 17:01:03,877 INFO 12968 [egg-schedule]: register schedule E:\gits\coding-record\框架学习\egg\base-cli\node_modules\egg-logrotator\app\schedule\rotate_by_file.js
2019-08-19 17:01:06,358 INFO 6592 [egg-schedule]: register schedule E:\gits\coding-record\框架学习\egg\base-cli\node_modules\egg-multipart\app\schedule\clean_tmpdir.js
2019-08-19 17:01:06,358 INFO 6592 [egg-schedule]: register schedule E:\gits\coding-record\框架学习\egg\base-cli\node_modules\egg-logrotator\app\schedule\clean_log.js
2019-08-19 17:01:06,358 INFO 6592 [egg-schedule]: register schedule E:\gits\coding-record\框架学习\egg\base-cli\node_modules\egg-logrotator\app\schedule\rotate_by_file.js
2019-08-19 17:01:14,044 INFO 13228 [egg-schedule]: register schedule E:\gits\coding-record\框架学习\egg\base-cli\node_modules\egg-multipart\app\schedule\clean_tmpdir.js
2019-08-19 17:01:14,044 INFO 13228 [egg-schedule]: register schedule E:\gits\coding-record\框架学习\egg\base-cli\node_modules\egg-logrotator\app\schedule\clean_log.js
2019-08-19 17:01:14,044 INFO 13228 [egg-schedule]: register schedule E:\gits\coding-record\框架学习\egg\base-cli\node_modules\egg-logrotator\app\schedule\rotate_by_file.js
2019-08-19 17:01:16,341 INFO 6980 [egg-schedule]: register schedule E:\gits\coding-record\框架学习\egg\base-cli\node_modules\egg-multipart\app\schedule\clean_tmpdir.js
2019-08-19 17:01:16,341 INFO 6980 [egg-schedule]: register schedule E:\gits\coding-record\框架学习\egg\base-cli\node_modules\egg-logrotator\app\schedule\clean_log.js
2019-08-19 17:01:16,341 INFO 6980 [egg-schedule]: register schedule E:\gits\coding-record\框架学习\egg\base-cli\node_modules\egg-logrotator\app\schedule\rotate_by_file.js
2019-08-19 17:01:19,678 INFO 5300 [egg-schedule]: register schedule E:\gits\coding-record\框架学习\egg\base-cli\node_modules\egg-multipart\app\schedule\clean_tmpdir.js
2019-08-19 17:01:19,678 INFO 5300 [egg-schedule]: register schedule E:\gits\coding-record\框架学习\egg\base-cli\node_modules\egg-logrotator\app\schedule\clean_log.js
2019-08-19 17:01:19,678 INFO 5300 [egg-schedule]: register schedule E:\gits\coding-record\框架学习\egg\base-cli\node_modules\egg-logrotator\app\schedule\rotate_by_file.js
2019-08-19 17:01:22,833 INFO 6836 [egg-schedule]: register schedule E:\gits\coding-record\框架学习\egg\base-cli\node_modules\egg-multipart\app\schedule\clean_tmpdir.js
2019-08-19 17:01:22,833 INFO 6836 [egg-schedule]: register schedule E:\gits\coding-record\框架学习\egg\base-cli\node_modules\egg-logrotator\app\schedule\clean_log.js
2019-08-19 17:01:22,833 INFO 6836 [egg-schedule]: register schedule E:\gits\coding-record\框架学习\egg\base-cli\node_modules\egg-logrotator\app\schedule\rotate_by_file.js
2019-08-19 17:01:25,895 INFO 6592 [egg-schedule]: register schedule E:\gits\coding-record\框架学习\egg\base-cli\node_modules\egg-multipart\app\schedule\clean_tmpdir.js
2019-08-19 17:01:25,895 INFO 6592 [egg-schedule]: register schedule E:\gits\coding-record\框架学习\egg\base-cli\node_modules\egg-logrotator\app\schedule\clean_log.js
2019-08-19 17:01:25,895 INFO 6592 [egg-schedule]: register schedule E:\gits\coding-record\框架学习\egg\base-cli\node_modules\egg-logrotator\app\schedule\rotate_by_file.js
2019-08-19 17:01:27,809 INFO 5916 [egg-schedule]: register schedule E:\gits\coding-record\框架学习\egg\base-cli\node_modules\egg-multipart\app\schedule\clean_tmpdir.js
2019-08-19 17:01:27,809 INFO 5916 [egg-schedule]: register schedule E:\gits\coding-record\框架学习\egg\base-cli\node_modules\egg-logrotator\app\schedule\clean_log.js
2019-08-19 17:01:27,809 INFO 5916 [egg-schedule]: register schedule E:\gits\coding-record\框架学习\egg\base-cli\node_modules\egg-logrotator\app\schedule\rotate_by_file.js
2019-08-19 17:01:31,199 INFO 6080 [egg-schedule]: register schedule E:\gits\coding-record\框架学习\egg\base-cli\node_modules\egg-multipart\app\schedule\clean_tmpdir.js
2019-08-19 17:01:31,199 INFO 6080 [egg-schedule]: register schedule E:\gits\coding-record\框架学习\egg\base-cli\node_modules\egg-logrotator\app\schedule\clean_log.js
2019-08-19 17:01:31,199 INFO 6080 [egg-schedule]: register schedule E:\gits\coding-record\框架学习\egg\base-cli\node_modules\egg-logrotator\app\schedule\rotate_by_file.js
2019-08-19 17:01:33,495 INFO 4408 [egg-schedule]: register schedule E:\gits\coding-record\框架学习\egg\base-cli\node_modules\egg-multipart\app\schedule\clean_tmpdir.js
2019-08-19 17:01:33,496 INFO 4408 [egg-schedule]: register schedule E:\gits\coding-record\框架学习\egg\base-cli\node_modules\egg-logrotator\app\schedule\clean_log.js
2019-08-19 17:01:33,496 INFO 4408 [egg-schedule]: register schedule E:\gits\coding-record\框架学习\egg\base-cli\node_modules\egg-logrotator\app\schedule\rotate_by_file.js
2019-08-19 17:01:38,118 INFO 10200 [egg-schedule]: register schedule E:\gits\coding-record\框架学习\egg\base-cli\node_modules\egg-multipart\app\schedule\clean_tmpdir.js
2019-08-19 17:01:38,118 INFO 10200 [egg-schedule]: register schedule E:\gits\coding-record\框架学习\egg\base-cli\node_modules\egg-logrotator\app\schedule\clean_log.js
2019-08-19 17:01:38,118 INFO 10200 [egg-schedule]: register schedule E:\gits\coding-record\框架学习\egg\base-cli\node_modules\egg-logrotator\app\schedule\rotate_by_file.js
2019-08-19 17:01:39,811 INFO 11700 [egg-schedule]: register schedule E:\gits\coding-record\框架学习\egg\base-cli\node_modules\egg-multipart\app\schedule\clean_tmpdir.js
2019-08-19 17:01:39,811 INFO 11700 [egg-schedule]: register schedule E:\gits\coding-record\框架学习\egg\base-cli\node_modules\egg-logrotator\app\schedule\clean_log.js
2019-08-19 17:01:39,811 INFO 11700 [egg-schedule]: register schedule E:\gits\coding-record\框架学习\egg\base-cli\node_modules\egg-logrotator\app\schedule\rotate_by_file.js
2019-08-19 17:02:08,804 INFO 7024 [egg-schedule]: register schedule E:\gits\coding-record\框架学习\egg\base-cli\node_modules\egg-multipart\app\schedule\clean_tmpdir.js
2019-08-19 17:02:08,804 INFO 7024 [egg-schedule]: register schedule E:\gits\coding-record\框架学习\egg\base-cli\node_modules\egg-logrotator\app\schedule\clean_log.js
2019-08-19 17:02:08,804 INFO 7024 [egg-schedule]: register schedule E:\gits\coding-record\框架学习\egg\base-cli\node_modules\egg-logrotator\app\schedule\rotate_by_file.js
2019-08-19 17:02:12,017 INFO 1724 [egg-schedule]: register schedule E:\gits\coding-record\框架学习\egg\base-cli\node_modules\egg-multipart\app\schedule\clean_tmpdir.js
2019-08-19 17:02:12,017 INFO 1724 [egg-schedule]: register schedule E:\gits\coding-record\框架学习\egg\base-cli\node_modules\egg-logrotator\app\schedule\clean_log.js
2019-08-19 17:02:12,017 INFO 1724 [egg-schedule]: register schedule E:\gits\coding-record\框架学习\egg\base-cli\node_modules\egg-logrotator\app\schedule\rotate_by_file.js
2019-08-19 17:02:13,861 INFO 12688 [egg-schedule]: register schedule E:\gits\coding-record\框架学习\egg\base-cli\node_modules\egg-multipart\app\schedule\clean_tmpdir.js
2019-08-19 17:02:13,861 INFO 12688 [egg-schedule]: register schedule E:\gits\coding-record\框架学习\egg\base-cli\node_modules\egg-logrotator\app\schedule\clean_log.js
2019-08-19 17:02:13,861 INFO 12688 [egg-schedule]: register schedule E:\gits\coding-record\框架学习\egg\base-cli\node_modules\egg-logrotator\app\schedule\rotate_by_file.js
2019-08-19 17:02:18,017 INFO 12268 [egg-schedule]: register schedule E:\gits\coding-record\框架学习\egg\base-cli\node_modules\egg-multipart\app\schedule\clean_tmpdir.js
2019-08-19 17:02:18,017 INFO 12268 [egg-schedule]: register schedule E:\gits\coding-record\框架学习\egg\base-cli\node_modules\egg-logrotator\app\schedule\clean_log.js
2019-08-19 17:02:18,017 INFO 12268 [egg-schedule]: register schedule E:\gits\coding-record\框架学习\egg\base-cli\node_modules\egg-logrotator\app\schedule\rotate_by_file.js
2019-08-19 17:02:20,537 INFO 12708 [egg-schedule]: register schedule E:\gits\coding-record\框架学习\egg\base-cli\node_modules\egg-multipart\app\schedule\clean_tmpdir.js
2019-08-19 17:02:20,537 INFO 12708 [egg-schedule]: register schedule E:\gits\coding-record\框架学习\egg\base-cli\node_modules\egg-logrotator\app\schedule\clean_log.js
2019-08-19 17:02:20,537 INFO 12708 [egg-schedule]: register schedule E:\gits\coding-record\框架学习\egg\base-cli\node_modules\egg-logrotator\app\schedule\rotate_by_file.js
2019-08-19 17:02:23,035 INFO 3232 [egg-schedule]: register schedule E:\gits\coding-record\框架学习\egg\base-cli\node_modules\egg-multipart\app\schedule\clean_tmpdir.js
2019-08-19 17:02:23,036 INFO 3232 [egg-schedule]: register schedule E:\gits\coding-record\框架学习\egg\base-cli\node_modules\egg-logrotator\app\schedule\clean_log.js
2019-08-19 17:02:23,036 INFO 3232 [egg-schedule]: register schedule E:\gits\coding-record\框架学习\egg\base-cli\node_modules\egg-logrotator\app\schedule\rotate_by_file.js
2019-08-19 17:02:27,334 INFO 2056 [egg-schedule]: register schedule E:\gits\coding-record\框架学习\egg\base-cli\node_modules\egg-multipart\app\schedule\clean_tmpdir.js
2019-08-19 17:02:27,335 INFO 2056 [egg-schedule]: register schedule E:\gits\coding-record\框架学习\egg\base-cli\node_modules\egg-logrotator\app\schedule\clean_log.js
2019-08-19 17:02:27,335 INFO 2056 [egg-schedule]: register schedule E:\gits\coding-record\框架学习\egg\base-cli\node_modules\egg-logrotator\app\schedule\rotate_by_file.js
2019-08-19 17:02:40,088 INFO 2508 [egg-schedule]: register schedule E:\gits\coding-record\框架学习\egg\base-cli\node_modules\egg-multipart\app\schedule\clean_tmpdir.js
2019-08-19 17:02:40,088 INFO 2508 [egg-schedule]: register schedule E:\gits\coding-record\框架学习\egg\base-cli\node_modules\egg-logrotator\app\schedule\clean_log.js
2019-08-19 17:02:40,088 INFO 2508 [egg-schedule]: register schedule E:\gits\coding-record\框架学习\egg\base-cli\node_modules\egg-logrotator\app\schedule\rotate_by_file.js
2019-08-19 17:02:50,562 INFO 1804 [egg-schedule]: register schedule E:\gits\coding-record\框架学习\egg\base-cli\node_modules\egg-multipart\app\schedule\clean_tmpdir.js
2019-08-19 17:02:50,562 INFO 1804 [egg-schedule]: register schedule E:\gits\coding-record\框架学习\egg\base-cli\node_modules\egg-logrotator\app\schedule\clean_log.js
2019-08-19 17:02:50,562 INFO 1804 [egg-schedule]: register schedule E:\gits\coding-record\框架学习\egg\base-cli\node_modules\egg-logrotator\app\schedule\rotate_by_file.js
2019-08-19 17:03:45,580 INFO 11972 [egg-schedule]: register schedule E:\gits\coding-record\框架学习\egg\base-cli\node_modules\egg-multipart\app\schedule\clean_tmpdir.js
2019-08-19 17:03:45,580 INFO 11972 [egg-schedule]: register schedule E:\gits\coding-record\框架学习\egg\base-cli\node_modules\egg-logrotator\app\schedule\clean_log.js
2019-08-19 17:03:45,580 INFO 11972 [egg-schedule]: register schedule E:\gits\coding-record\框架学习\egg\base-cli\node_modules\egg-logrotator\app\schedule\rotate_by_file.js
2019-08-19 17:03:48,897 INFO 5380 [egg-schedule]: register schedule E:\gits\coding-record\框架学习\egg\base-cli\node_modules\egg-multipart\app\schedule\clean_tmpdir.js
2019-08-19 17:03:48,897 INFO 5380 [egg-schedule]: register schedule E:\gits\coding-record\框架学习\egg\base-cli\node_modules\egg-logrotator\app\schedule\clean_log.js
2019-08-19 17:03:48,897 INFO 5380 [egg-schedule]: register schedule E:\gits\coding-record\框架学习\egg\base-cli\node_modules\egg-logrotator\app\schedule\rotate_by_file.js
2019-08-19 17:03:51,775 INFO 8692 [egg-schedule]: register schedule E:\gits\coding-record\框架学习\egg\base-cli\node_modules\egg-multipart\app\schedule\clean_tmpdir.js
2019-08-19 17:03:51,775 INFO 8692 [egg-schedule]: register schedule E:\gits\coding-record\框架学习\egg\base-cli\node_modules\egg-logrotator\app\schedule\clean_log.js
2019-08-19 17:03:51,775 INFO 8692 [egg-schedule]: register schedule E:\gits\coding-record\框架学习\egg\base-cli\node_modules\egg-logrotator\app\schedule\rotate_by_file.js
2019-08-19 17:03:56,351 INFO 7936 [egg-schedule]: register schedule E:\gits\coding-record\框架学习\egg\base-cli\node_modules\egg-multipart\app\schedule\clean_tmpdir.js
2019-08-19 17:03:56,351 INFO 7936 [egg-schedule]: register schedule E:\gits\coding-record\框架学习\egg\base-cli\node_modules\egg-logrotator\app\schedule\clean_log.js
2019-08-19 17:03:56,351 INFO 7936 [egg-schedule]: register schedule E:\gits\coding-record\框架学习\egg\base-cli\node_modules\egg-logrotator\app\schedule\rotate_by_file.js
2019-08-19 17:03:59,864 INFO 4856 [egg-schedule]: register schedule E:\gits\coding-record\框架学习\egg\base-cli\node_modules\egg-multipart\app\schedule\clean_tmpdir.js
2019-08-19 17:03:59,864 INFO 4856 [egg-schedule]: register schedule E:\gits\coding-record\框架学习\egg\base-cli\node_modules\egg-logrotator\app\schedule\clean_log.js
2019-08-19 17:03:59,864 INFO 4856 [egg-schedule]: register schedule E:\gits\coding-record\框架学习\egg\base-cli\node_modules\egg-logrotator\app\schedule\rotate_by_file.js
2019-08-19 17:04:07,352 INFO 4596 [egg-schedule]: register schedule E:\gits\coding-record\框架学习\egg\base-cli\node_modules\egg-multipart\app\schedule\clean_tmpdir.js
2019-08-19 17:04:07,352 INFO 4596 [egg-schedule]: register schedule E:\gits\coding-record\框架学习\egg\base-cli\node_modules\egg-logrotator\app\schedule\clean_log.js
2019-08-19 17:04:07,352 INFO 4596 [egg-schedule]: register schedule E:\gits\coding-record\框架学习\egg\base-cli\node_modules\egg-logrotator\app\schedule\rotate_by_file.js
2019-08-19 17:04:10,059 INFO 8256 [egg-schedule]: register schedule E:\gits\coding-record\框架学习\egg\base-cli\node_modules\egg-multipart\app\schedule\clean_tmpdir.js
2019-08-19 17:04:10,059 INFO 8256 [egg-schedule]: register schedule E:\gits\coding-record\框架学习\egg\base-cli\node_modules\egg-logrotator\app\schedule\clean_log.js
2019-08-19 17:04:10,059 INFO 8256 [egg-schedule]: register schedule E:\gits\coding-record\框架学习\egg\base-cli\node_modules\egg-logrotator\app\schedule\rotate_by_file.js
2019-08-19 17:04:13,451 INFO 6472 [egg-schedule]: register schedule E:\gits\coding-record\框架学习\egg\base-cli\node_modules\egg-multipart\app\schedule\clean_tmpdir.js
2019-08-19 17:04:13,451 INFO 6472 [egg-schedule]: register schedule E:\gits\coding-record\框架学习\egg\base-cli\node_modules\egg-logrotator\app\schedule\clean_log.js
2019-08-19 17:04:13,451 INFO 6472 [egg-schedule]: register schedule E:\gits\coding-record\框架学习\egg\base-cli\node_modules\egg-logrotator\app\schedule\rotate_by_file.js
2019-08-19 17:04:17,779 INFO 3164 [egg-schedule]: register schedule E:\gits\coding-record\框架学习\egg\base-cli\node_modules\egg-multipart\app\schedule\clean_tmpdir.js
2019-08-19 17:04:17,779 INFO 3164 [egg-schedule]: register schedule E:\gits\coding-record\框架学习\egg\base-cli\node_modules\egg-logrotator\app\schedule\clean_log.js
2019-08-19 17:04:17,779 INFO 3164 [egg-schedule]: register schedule E:\gits\coding-record\框架学习\egg\base-cli\node_modules\egg-logrotator\app\schedule\rotate_by_file.js
2019-08-19 17:04:30,471 INFO 3428 [egg-schedule]: register schedule E:\gits\coding-record\框架学习\egg\base-cli\node_modules\egg-multipart\app\schedule\clean_tmpdir.js
2019-08-19 17:04:30,472 INFO 3428 [egg-schedule]: register schedule E:\gits\coding-record\框架学习\egg\base-cli\node_modules\egg-logrotator\app\schedule\clean_log.js
2019-08-19 17:04:30,472 INFO 3428 [egg-schedule]: register schedule E:\gits\coding-record\框架学习\egg\base-cli\node_modules\egg-logrotator\app\schedule\rotate_by_file.js
2019-08-19 17:04:51,663 INFO 12792 [egg-schedule]: register schedule E:\gits\coding-record\框架学习\egg\base-cli\node_modules\egg-multipart\app\schedule\clean_tmpdir.js
2019-08-19 17:04:51,663 INFO 12792 [egg-schedule]: register schedule E:\gits\coding-record\框架学习\egg\base-cli\node_modules\egg-logrotator\app\schedule\clean_log.js
2019-08-19 17:04:51,663 INFO 12792 [egg-schedule]: register schedule E:\gits\coding-record\框架学习\egg\base-cli\node_modules\egg-logrotator\app\schedule\rotate_by_file.js
2019-08-19 17:04:53,974 INFO 11096 [egg-schedule]: register schedule E:\gits\coding-record\框架学习\egg\base-cli\node_modules\egg-multipart\app\schedule\clean_tmpdir.js
2019-08-19 17:04:53,974 INFO 11096 [egg-schedule]: register schedule E:\gits\coding-record\框架学习\egg\base-cli\node_modules\egg-logrotator\app\schedule\clean_log.js
2019-08-19 17:04:53,974 INFO 11096 [egg-schedule]: register schedule E:\gits\coding-record\框架学习\egg\base-cli\node_modules\egg-logrotator\app\schedule\rotate_by_file.js
2019-08-19 17:04:59,495 INFO 5348 [egg-schedule]: register schedule E:\gits\coding-record\框架学习\egg\base-cli\node_modules\egg-multipart\app\schedule\clean_tmpdir.js
2019-08-19 17:04:59,495 INFO 5348 [egg-schedule]: register schedule E:\gits\coding-record\框架学习\egg\base-cli\node_modules\egg-logrotator\app\schedule\clean_log.js
2019-08-19 17:04:59,495 INFO 5348 [egg-schedule]: register schedule E:\gits\coding-record\框架学习\egg\base-cli\node_modules\egg-logrotator\app\schedule\rotate_by_file.js
2019-08-19 17:05:06,728 INFO 3428 [egg-schedule]: register schedule E:\gits\coding-record\框架学习\egg\base-cli\node_modules\egg-multipart\app\schedule\clean_tmpdir.js
2019-08-19 17:05:06,728 INFO 3428 [egg-schedule]: register schedule E:\gits\coding-record\框架学习\egg\base-cli\node_modules\egg-logrotator\app\schedule\clean_log.js
2019-08-19 17:05:06,728 INFO 3428 [egg-schedule]: register schedule E:\gits\coding-record\框架学习\egg\base-cli\node_modules\egg-logrotator\app\schedule\rotate_by_file.js
2019-08-19 17:05:11,847 INFO 7008 [egg-schedule]: register schedule E:\gits\coding-record\框架学习\egg\base-cli\node_modules\egg-multipart\app\schedule\clean_tmpdir.js
2019-08-19 17:05:11,847 INFO 7008 [egg-schedule]: register schedule E:\gits\coding-record\框架学习\egg\base-cli\node_modules\egg-logrotator\app\schedule\clean_log.js
2019-08-19 17:05:11,847 INFO 7008 [egg-schedule]: register schedule E:\gits\coding-record\框架学习\egg\base-cli\node_modules\egg-logrotator\app\schedule\rotate_by_file.js
2019-08-19 17:05:22,731 INFO 10840 [egg-schedule]: register schedule E:\gits\coding-record\框架学习\egg\base-cli\node_modules\egg-multipart\app\schedule\clean_tmpdir.js
2019-08-19 17:05:22,731 INFO 10840 [egg-schedule]: register schedule E:\gits\coding-record\框架学习\egg\base-cli\node_modules\egg-logrotator\app\schedule\clean_log.js
2019-08-19 17:05:22,732 INFO 10840 [egg-schedule]: register schedule E:\gits\coding-record\框架学习\egg\base-cli\node_modules\egg-logrotator\app\schedule\rotate_by_file.js
2019-08-19 17:05:24,748 INFO 12352 [egg-schedule]: register schedule E:\gits\coding-record\框架学习\egg\base-cli\node_modules\egg-multipart\app\schedule\clean_tmpdir.js
2019-08-19 17:05:24,748 INFO 12352 [egg-schedule]: register schedule E:\gits\coding-record\框架学习\egg\base-cli\node_modules\egg-logrotator\app\schedule\clean_log.js
2019-08-19 17:05:24,748 INFO 12352 [egg-schedule]: register schedule E:\gits\coding-record\框架学习\egg\base-cli\node_modules\egg-logrotator\app\schedule\rotate_by_file.js
2019-08-19 17:11:46,666 INFO 5300 [egg-schedule]: register schedule E:\gits\coding-record\框架学习\egg\base-cli\node_modules\egg-multipart\app\schedule\clean_tmpdir.js
2019-08-19 17:11:46,666 INFO 5300 [egg-schedule]: register schedule E:\gits\coding-record\框架学习\egg\base-cli\node_modules\egg-logrotator\app\schedule\clean_log.js
2019-08-19 17:11:46,666 INFO 5300 [egg-schedule]: register schedule E:\gits\coding-record\框架学习\egg\base-cli\node_modules\egg-logrotator\app\schedule\rotate_by_file.js
2019-08-19 17:13:58,207 INFO 8056 [egg-schedule]: register schedule E:\gits\coding-record\框架学习\egg\base-cli\node_modules\egg-multipart\app\schedule\clean_tmpdir.js
2019-08-19 17:13:58,207 INFO 8056 [egg-schedule]: register schedule E:\gits\coding-record\框架学习\egg\base-cli\node_modules\egg-logrotator\app\schedule\clean_log.js
2019-08-19 17:13:58,208 INFO 8056 [egg-schedule]: register schedule E:\gits\coding-record\框架学习\egg\base-cli\node_modules\egg-logrotator\app\schedule\rotate_by_file.js
2019-08-19 17:13:59,937 INFO 2824 [egg-schedule]: register schedule E:\gits\coding-record\框架学习\egg\base-cli\node_modules\egg-multipart\app\schedule\clean_tmpdir.js
2019-08-19 17:13:59,937 INFO 2824 [egg-schedule]: register schedule E:\gits\coding-record\框架学习\egg\base-cli\node_modules\egg-logrotator\app\schedule\clean_log.js
2019-08-19 17:13:59,937 INFO 2824 [egg-schedule]: register schedule E:\gits\coding-record\框架学习\egg\base-cli\node_modules\egg-logrotator\app\schedule\rotate_by_file.js
2019-08-19 17:14:28,650 INFO 4408 [egg-schedule]: register schedule E:\gits\coding-record\框架学习\egg\base-cli\node_modules\egg-multipart\app\schedule\clean_tmpdir.js
2019-08-19 17:14:28,650 INFO 4408 [egg-schedule]: register schedule E:\gits\coding-record\框架学习\egg\base-cli\node_modules\egg-logrotator\app\schedule\clean_log.js
2019-08-19 17:14:28,650 INFO 4408 [egg-schedule]: register schedule E:\gits\coding-record\框架学习\egg\base-cli\node_modules\egg-logrotator\app\schedule\rotate_by_file.js
2019-08-19 17:14:31,564 INFO 6648 [egg-schedule]: register schedule E:\gits\coding-record\框架学习\egg\base-cli\node_modules\egg-multipart\app\schedule\clean_tmpdir.js
2019-08-19 17:14:31,564 INFO 6648 [egg-schedule]: register schedule E:\gits\coding-record\框架学习\egg\base-cli\node_modules\egg-logrotator\app\schedule\clean_log.js
2019-08-19 17:14:31,564 INFO 6648 [egg-schedule]: register schedule E:\gits\coding-record\框架学习\egg\base-cli\node_modules\egg-logrotator\app\schedule\rotate_by_file.js
2019-08-19 17:14:33,732 INFO 12144 [egg-schedule]: register schedule E:\gits\coding-record\框架学习\egg\base-cli\node_modules\egg-multipart\app\schedule\clean_tmpdir.js
2019-08-19 17:14:33,732 INFO 12144 [egg-schedule]: register schedule E:\gits\coding-record\框架学习\egg\base-cli\node_modules\egg-logrotator\app\schedule\clean_log.js
2019-08-19 17:14:33,732 INFO 12144 [egg-schedule]: register schedule E:\gits\coding-record\框架学习\egg\base-cli\node_modules\egg-logrotator\app\schedule\rotate_by_file.js
2019-08-19 17:14:38,521 INFO 4132 [egg-schedule]: register schedule E:\gits\coding-record\框架学习\egg\base-cli\node_modules\egg-multipart\app\schedule\clean_tmpdir.js
2019-08-19 17:14:38,521 INFO 4132 [egg-schedule]: register schedule E:\gits\coding-record\框架学习\egg\base-cli\node_modules\egg-logrotator\app\schedule\clean_log.js
2019-08-19 17:14:38,521 INFO 4132 [egg-schedule]: register schedule E:\gits\coding-record\框架学习\egg\base-cli\node_modules\egg-logrotator\app\schedule\rotate_by_file.js
2019-08-19 17:14:43,076 INFO 5100 [egg-schedule]: register schedule E:\gits\coding-record\框架学习\egg\base-cli\node_modules\egg-multipart\app\schedule\clean_tmpdir.js
2019-08-19 17:14:43,076 INFO 5100 [egg-schedule]: register schedule E:\gits\coding-record\框架学习\egg\base-cli\node_modules\egg-logrotator\app\schedule\clean_log.js
2019-08-19 17:14:43,076 INFO 5100 [egg-schedule]: register schedule E:\gits\coding-record\框架学习\egg\base-cli\node_modules\egg-logrotator\app\schedule\rotate_by_file.js
2019-08-19 17:14:44,885 INFO 4992 [egg-schedule]: register schedule E:\gits\coding-record\框架学习\egg\base-cli\node_modules\egg-multipart\app\schedule\clean_tmpdir.js
2019-08-19 17:14:44,885 INFO 4992 [egg-schedule]: register schedule E:\gits\coding-record\框架学习\egg\base-cli\node_modules\egg-logrotator\app\schedule\clean_log.js
2019-08-19 17:14:44,885 INFO 4992 [egg-schedule]: register schedule E:\gits\coding-record\框架学习\egg\base-cli\node_modules\egg-logrotator\app\schedule\rotate_by_file.js
2019-08-19 17:14:46,894 INFO 5888 [egg-schedule]: register schedule E:\gits\coding-record\框架学习\egg\base-cli\node_modules\egg-multipart\app\schedule\clean_tmpdir.js
2019-08-19 17:14:46,894 INFO 5888 [egg-schedule]: register schedule E:\gits\coding-record\框架学习\egg\base-cli\node_modules\egg-logrotator\app\schedule\clean_log.js
2019-08-19 17:14:46,894 INFO 5888 [egg-schedule]: register schedule E:\gits\coding-record\框架学习\egg\base-cli\node_modules\egg-logrotator\app\schedule\rotate_by_file.js
2019-08-19 17:14:49,288 INFO 4736 [egg-schedule]: register schedule E:\gits\coding-record\框架学习\egg\base-cli\node_modules\egg-multipart\app\schedule\clean_tmpdir.js
2019-08-19 17:14:49,288 INFO 4736 [egg-schedule]: register schedule E:\gits\coding-record\框架学习\egg\base-cli\node_modules\egg-logrotator\app\schedule\clean_log.js
2019-08-19 17:14:49,288 INFO 4736 [egg-schedule]: register schedule E:\gits\coding-record\框架学习\egg\base-cli\node_modules\egg-logrotator\app\schedule\rotate_by_file.js
2019-08-19 17:14:59,037 INFO 6648 [egg-schedule]: register schedule E:\gits\coding-record\框架学习\egg\base-cli\node_modules\egg-multipart\app\schedule\clean_tmpdir.js
2019-08-19 17:14:59,037 INFO 6648 [egg-schedule]: register schedule E:\gits\coding-record\框架学习\egg\base-cli\node_modules\egg-logrotator\app\schedule\clean_log.js
2019-08-19 17:14:59,038 INFO 6648 [egg-schedule]: register schedule E:\gits\coding-record\框架学习\egg\base-cli\node_modules\egg-logrotator\app\schedule\rotate_by_file.js
2019-08-19 17:15:01,684 INFO 4880 [egg-schedule]: register schedule E:\gits\coding-record\框架学习\egg\base-cli\node_modules\egg-multipart\app\schedule\clean_tmpdir.js
2019-08-19 17:15:01,684 INFO 4880 [egg-schedule]: register schedule E:\gits\coding-record\框架学习\egg\base-cli\node_modules\egg-logrotator\app\schedule\clean_log.js
2019-08-19 17:15:01,684 INFO 4880 [egg-schedule]: register schedule E:\gits\coding-record\框架学习\egg\base-cli\node_modules\egg-logrotator\app\schedule\rotate_by_file.js
2019-08-19 17:15:13,732 INFO 1956 [egg-schedule]: register schedule E:\gits\coding-record\框架学习\egg\base-cli\node_modules\egg-multipart\app\schedule\clean_tmpdir.js
2019-08-19 17:15:13,732 INFO 1956 [egg-schedule]: register schedule E:\gits\coding-record\框架学习\egg\base-cli\node_modules\egg-logrotator\app\schedule\clean_log.js
2019-08-19 17:15:13,732 INFO 1956 [egg-schedule]: register schedule E:\gits\coding-record\框架学习\egg\base-cli\node_modules\egg-logrotator\app\schedule\rotate_by_file.js
2019-08-19 17:15:17,057 INFO 13292 [egg-schedule]: register schedule E:\gits\coding-record\框架学习\egg\base-cli\node_modules\egg-multipart\app\schedule\clean_tmpdir.js
2019-08-19 17:15:17,057 INFO 13292 [egg-schedule]: register schedule E:\gits\coding-record\框架学习\egg\base-cli\node_modules\egg-logrotator\app\schedule\clean_log.js
2019-08-19 17:15:17,057 INFO 13292 [egg-schedule]: register schedule E:\gits\coding-record\框架学习\egg\base-cli\node_modules\egg-logrotator\app\schedule\rotate_by_file.js
2019-08-19 17:17:41,846 INFO 9448 [egg-schedule]: register schedule E:\gits\coding-record\框架学习\egg\base-cli\node_modules\egg-multipart\app\schedule\clean_tmpdir.js
2019-08-19 17:17:41,846 INFO 9448 [egg-schedule]: register schedule E:\gits\coding-record\框架学习\egg\base-cli\node_modules\egg-logrotator\app\schedule\clean_log.js
2019-08-19 17:17:41,846 INFO 9448 [egg-schedule]: register schedule E:\gits\coding-record\框架学习\egg\base-cli\node_modules\egg-logrotator\app\schedule\rotate_by_file.js
2019-08-19 17:17:45,006 INFO 6664 [egg-schedule]: register schedule E:\gits\coding-record\框架学习\egg\base-cli\node_modules\egg-multipart\app\schedule\clean_tmpdir.js
2019-08-19 17:17:45,006 INFO 6664 [egg-schedule]: register schedule E:\gits\coding-record\框架学习\egg\base-cli\node_modules\egg-logrotator\app\schedule\clean_log.js
2019-08-19 17:17:45,006 INFO 6664 [egg-schedule]: register schedule E:\gits\coding-record\框架学习\egg\base-cli\node_modules\egg-logrotator\app\schedule\rotate_by_file.js
2019-08-19 17:17:49,543 INFO 7928 [egg-schedule]: register schedule E:\gits\coding-record\框架学习\egg\base-cli\node_modules\egg-multipart\app\schedule\clean_tmpdir.js
2019-08-19 17:17:49,543 INFO 7928 [egg-schedule]: register schedule E:\gits\coding-record\框架学习\egg\base-cli\node_modules\egg-logrotator\app\schedule\clean_log.js
2019-08-19 17:17:49,543 INFO 7928 [egg-schedule]: register schedule E:\gits\coding-record\框架学习\egg\base-cli\node_modules\egg-logrotator\app\schedule\rotate_by_file.js
2019-08-19 17:17:56,027 INFO 6540 [egg-schedule]: register schedule E:\gits\coding-record\框架学习\egg\base-cli\node_modules\egg-multipart\app\schedule\clean_tmpdir.js
2019-08-19 17:17:56,027 INFO 6540 [egg-schedule]: register schedule E:\gits\coding-record\框架学习\egg\base-cli\node_modules\egg-logrotator\app\schedule\clean_log.js
2019-08-19 17:17:56,027 INFO 6540 [egg-schedule]: register schedule E:\gits\coding-record\框架学习\egg\base-cli\node_modules\egg-logrotator\app\schedule\rotate_by_file.js
2019-08-19 17:18:21,943 INFO 11312 [egg-schedule]: register schedule E:\gits\coding-record\框架学习\egg\base-cli\node_modules\egg-multipart\app\schedule\clean_tmpdir.js
2019-08-19 17:18:21,943 INFO 11312 [egg-schedule]: register schedule E:\gits\coding-record\框架学习\egg\base-cli\node_modules\egg-logrotator\app\schedule\clean_log.js
2019-08-19 17:18:21,943 INFO 11312 [egg-schedule]: register schedule E:\gits\coding-record\框架学习\egg\base-cli\node_modules\egg-logrotator\app\schedule\rotate_by_file.js
2019-08-19 17:18:25,189 INFO 9328 [egg-schedule]: register schedule E:\gits\coding-record\框架学习\egg\base-cli\node_modules\egg-multipart\app\schedule\clean_tmpdir.js
2019-08-19 17:18:25,190 INFO 9328 [egg-schedule]: register schedule E:\gits\coding-record\框架学习\egg\base-cli\node_modules\egg-logrotator\app\schedule\clean_log.js
2019-08-19 17:18:25,190 INFO 9328 [egg-schedule]: register schedule E:\gits\coding-record\框架学习\egg\base-cli\node_modules\egg-logrotator\app\schedule\rotate_by_file.js
2019-08-19 17:18:27,392 INFO 8116 [egg-schedule]: register schedule E:\gits\coding-record\框架学习\egg\base-cli\node_modules\egg-multipart\app\schedule\clean_tmpdir.js
2019-08-19 17:18:27,392 INFO 8116 [egg-schedule]: register schedule E:\gits\coding-record\框架学习\egg\base-cli\node_modules\egg-logrotator\app\schedule\clean_log.js
2019-08-19 17:18:27,392 INFO 8116 [egg-schedule]: register schedule E:\gits\coding-record\框架学习\egg\base-cli\node_modules\egg-logrotator\app\schedule\rotate_by_file.js
2019-08-19 17:18:29,594 INFO 6592 [egg-schedule]: register schedule E:\gits\coding-record\框架学习\egg\base-cli\node_modules\egg-multipart\app\schedule\clean_tmpdir.js
2019-08-19 17:18:29,594 INFO 6592 [egg-schedule]: register schedule E:\gits\coding-record\框架学习\egg\base-cli\node_modules\egg-logrotator\app\schedule\clean_log.js
2019-08-19 17:18:29,594 INFO 6592 [egg-schedule]: register schedule E:\gits\coding-record\框架学习\egg\base-cli\node_modules\egg-logrotator\app\schedule\rotate_by_file.js
2019-08-19 17:18:34,648 INFO 8100 [egg-schedule]: register schedule E:\gits\coding-record\框架学习\egg\base-cli\node_modules\egg-multipart\app\schedule\clean_tmpdir.js
2019-08-19 17:18:34,648 INFO 8100 [egg-schedule]: register schedule E:\gits\coding-record\框架学习\egg\base-cli\node_modules\egg-logrotator\app\schedule\clean_log.js
2019-08-19 17:18:34,648 INFO 8100 [egg-schedule]: register schedule E:\gits\coding-record\框架学习\egg\base-cli\node_modules\egg-logrotator\app\schedule\rotate_by_file.js
2019-08-19 17:18:59,843 INFO 10044 [egg-schedule]: register schedule E:\gits\coding-record\框架学习\egg\base-cli\node_modules\egg-multipart\app\schedule\clean_tmpdir.js
2019-08-19 17:18:59,843 INFO 10044 [egg-schedule]: register schedule E:\gits\coding-record\框架学习\egg\base-cli\node_modules\egg-logrotator\app\schedule\clean_log.js
2019-08-19 17:18:59,843 INFO 10044 [egg-schedule]: register schedule E:\gits\coding-record\框架学习\egg\base-cli\node_modules\egg-logrotator\app\schedule\rotate_by_file.js
2019-08-19 17:19:04,683 INFO 3516 [egg-schedule]: register schedule E:\gits\coding-record\框架学习\egg\base-cli\node_modules\egg-multipart\app\schedule\clean_tmpdir.js
2019-08-19 17:19:04,683 INFO 3516 [egg-schedule]: register schedule E:\gits\coding-record\框架学习\egg\base-cli\node_modules\egg-logrotator\app\schedule\clean_log.js
2019-08-19 17:19:04,683 INFO 3516 [egg-schedule]: register schedule E:\gits\coding-record\框架学习\egg\base-cli\node_modules\egg-logrotator\app\schedule\rotate_by_file.js
2019-08-19 17:19:08,109 INFO 4992 [egg-schedule]: register schedule E:\gits\coding-record\框架学习\egg\base-cli\node_modules\egg-multipart\app\schedule\clean_tmpdir.js
2019-08-19 17:19:08,109 INFO 4992 [egg-schedule]: register schedule E:\gits\coding-record\框架学习\egg\base-cli\node_modules\egg-logrotator\app\schedule\clean_log.js
2019-08-19 17:19:08,109 INFO 4992 [egg-schedule]: register schedule E:\gits\coding-record\框架学习\egg\base-cli\node_modules\egg-logrotator\app\schedule\rotate_by_file.js
2019-08-19 17:19:31,495 INFO 6660 [egg-schedule]: register schedule E:\gits\coding-record\框架学习\egg\base-cli\node_modules\egg-multipart\app\schedule\clean_tmpdir.js
2019-08-19 17:19:31,495 INFO 6660 [egg-schedule]: register schedule E:\gits\coding-record\框架学习\egg\base-cli\node_modules\egg-logrotator\app\schedule\clean_log.js
2019-08-19 17:19:31,495 INFO 6660 [egg-schedule]: register schedule E:\gits\coding-record\框架学习\egg\base-cli\node_modules\egg-logrotator\app\schedule\rotate_by_file.js
2019-08-19 17:19:34,526 INFO 6592 [egg-schedule]: register schedule E:\gits\coding-record\框架学习\egg\base-cli\node_modules\egg-multipart\app\schedule\clean_tmpdir.js
2019-08-19 17:19:34,526 INFO 6592 [egg-schedule]: register schedule E:\gits\coding-record\框架学习\egg\base-cli\node_modules\egg-logrotator\app\schedule\clean_log.js
2019-08-19 17:19:34,526 INFO 6592 [egg-schedule]: register schedule E:\gits\coding-record\框架学习\egg\base-cli\node_modules\egg-logrotator\app\schedule\rotate_by_file.js
2019-08-19 17:19:39,347 INFO 9372 [egg-schedule]: register schedule E:\gits\coding-record\框架学习\egg\base-cli\node_modules\egg-multipart\app\schedule\clean_tmpdir.js
2019-08-19 17:19:39,347 INFO 9372 [egg-schedule]: register schedule E:\gits\coding-record\框架学习\egg\base-cli\node_modules\egg-logrotator\app\schedule\clean_log.js
2019-08-19 17:19:39,347 INFO 9372 [egg-schedule]: register schedule E:\gits\coding-record\框架学习\egg\base-cli\node_modules\egg-logrotator\app\schedule\rotate_by_file.js
2019-08-19 17:19:41,773 INFO 3488 [egg-schedule]: register schedule E:\gits\coding-record\框架学习\egg\base-cli\node_modules\egg-multipart\app\schedule\clean_tmpdir.js
2019-08-19 17:19:41,773 INFO 3488 [egg-schedule]: register schedule E:\gits\coding-record\框架学习\egg\base-cli\node_modules\egg-logrotator\app\schedule\clean_log.js
2019-08-19 17:19:41,773 INFO 3488 [egg-schedule]: register schedule E:\gits\coding-record\框架学习\egg\base-cli\node_modules\egg-logrotator\app\schedule\rotate_by_file.js
2019-08-19 17:19:59,091 INFO 4080 [egg-schedule]: register schedule E:\gits\coding-record\框架学习\egg\base-cli\node_modules\egg-multipart\app\schedule\clean_tmpdir.js
2019-08-19 17:19:59,091 INFO 4080 [egg-schedule]: register schedule E:\gits\coding-record\框架学习\egg\base-cli\node_modules\egg-logrotator\app\schedule\clean_log.js
2019-08-19 17:19:59,091 INFO 4080 [egg-schedule]: register schedule E:\gits\coding-record\框架学习\egg\base-cli\node_modules\egg-logrotator\app\schedule\rotate_by_file.js
2019-08-19 17:20:19,073 INFO 13040 [egg-schedule]: register schedule E:\gits\coding-record\框架学习\egg\base-cli\node_modules\egg-multipart\app\schedule\clean_tmpdir.js
2019-08-19 17:20:19,073 INFO 13040 [egg-schedule]: register schedule E:\gits\coding-record\框架学习\egg\base-cli\node_modules\egg-logrotator\app\schedule\clean_log.js
2019-08-19 17:20:19,073 INFO 13040 [egg-schedule]: register schedule E:\gits\coding-record\框架学习\egg\base-cli\node_modules\egg-logrotator\app\schedule\rotate_by_file.js
2019-08-19 17:20:22,362 INFO 1724 [egg-schedule]: register schedule E:\gits\coding-record\框架学习\egg\base-cli\node_modules\egg-multipart\app\schedule\clean_tmpdir.js
2019-08-19 17:20:22,362 INFO 1724 [egg-schedule]: register schedule E:\gits\coding-record\框架学习\egg\base-cli\node_modules\egg-logrotator\app\schedule\clean_log.js
2019-08-19 17:20:22,362 INFO 1724 [egg-schedule]: register schedule E:\gits\coding-record\框架学习\egg\base-cli\node_modules\egg-logrotator\app\schedule\rotate_by_file.js
2019-08-19 17:20:26,951 INFO 12980 [egg-schedule]: register schedule E:\gits\coding-record\框架学习\egg\base-cli\node_modules\egg-multipart\app\schedule\clean_tmpdir.js
2019-08-19 17:20:26,951 INFO 12980 [egg-schedule]: register schedule E:\gits\coding-record\框架学习\egg\base-cli\node_modules\egg-logrotator\app\schedule\clean_log.js
2019-08-19 17:20:26,951 INFO 12980 [egg-schedule]: register schedule E:\gits\coding-record\框架学习\egg\base-cli\node_modules\egg-logrotator\app\schedule\rotate_by_file.js
2019-08-19 17:21:11,421 INFO 4932 [egg-schedule]: register schedule E:\gits\coding-record\框架学习\egg\base-cli\node_modules\egg-multipart\app\schedule\clean_tmpdir.js
2019-08-19 17:21:11,421 INFO 4932 [egg-schedule]: register schedule E:\gits\coding-record\框架学习\egg\base-cli\node_modules\egg-logrotator\app\schedule\clean_log.js
2019-08-19 17:21:11,421 INFO 4932 [egg-schedule]: register schedule E:\gits\coding-record\框架学习\egg\base-cli\node_modules\egg-logrotator\app\schedule\rotate_by_file.js
2019-08-19 17:21:33,939 INFO 10620 [egg-schedule]: register schedule E:\gits\coding-record\框架学习\egg\base-cli\node_modules\egg-multipart\app\schedule\clean_tmpdir.js
2019-08-19 17:21:33,939 INFO 10620 [egg-schedule]: register schedule E:\gits\coding-record\框架学习\egg\base-cli\node_modules\egg-logrotator\app\schedule\clean_log.js
2019-08-19 17:21:33,939 INFO 10620 [egg-schedule]: register schedule E:\gits\coding-record\框架学习\egg\base-cli\node_modules\egg-logrotator\app\schedule\rotate_by_file.js
2019-08-19 17:32:42,900 INFO 14736 [egg-schedule]: register schedule E:\gits\coding-record\框架学习\egg\base-cli\node_modules\egg-multipart\app\schedule\clean_tmpdir.js
2019-08-19 17:32:42,900 INFO 14736 [egg-schedule]: register schedule E:\gits\coding-record\框架学习\egg\base-cli\node_modules\egg-logrotator\app\schedule\clean_log.js
2019-08-19 17:32:42,900 INFO 14736 [egg-schedule]: register schedule E:\gits\coding-record\框架学习\egg\base-cli\node_modules\egg-logrotator\app\schedule\rotate_by_file.js
2019-08-19 17:32:46,986 INFO 7928 [egg-schedule]: register schedule E:\gits\coding-record\框架学习\egg\base-cli\node_modules\egg-multipart\app\schedule\clean_tmpdir.js
2019-08-19 17:32:46,986 INFO 7928 [egg-schedule]: register schedule E:\gits\coding-record\框架学习\egg\base-cli\node_modules\egg-logrotator\app\schedule\clean_log.js
2019-08-19 17:32:46,986 INFO 7928 [egg-schedule]: register schedule E:\gits\coding-record\框架学习\egg\base-cli\node_modules\egg-logrotator\app\schedule\rotate_by_file.js
2019-08-19 17:33:08,216 INFO 15092 [egg-schedule]: register schedule E:\gits\coding-record\框架学习\egg\base-cli\node_modules\egg-multipart\app\schedule\clean_tmpdir.js
2019-08-19 17:33:08,216 INFO 15092 [egg-schedule]: register schedule E:\gits\coding-record\框架学习\egg\base-cli\node_modules\egg-logrotator\app\schedule\clean_log.js
2019-08-19 17:33:08,216 INFO 15092 [egg-schedule]: register schedule E:\gits\coding-record\框架学习\egg\base-cli\node_modules\egg-logrotator\app\schedule\rotate_by_file.js
2019-08-19 17:33:10,164 INFO 924 [egg-schedule]: register schedule E:\gits\coding-record\框架学习\egg\base-cli\node_modules\egg-multipart\app\schedule\clean_tmpdir.js
2019-08-19 17:33:10,164 INFO 924 [egg-schedule]: register schedule E:\gits\coding-record\框架学习\egg\base-cli\node_modules\egg-logrotator\app\schedule\clean_log.js
2019-08-19 17:33:10,164 INFO 924 [egg-schedule]: register schedule E:\gits\coding-record\框架学习\egg\base-cli\node_modules\egg-logrotator\app\schedule\rotate_by_file.js
2019-08-19 17:33:15,360 INFO 14920 [egg-schedule]: register schedule E:\gits\coding-record\框架学习\egg\base-cli\node_modules\egg-multipart\app\schedule\clean_tmpdir.js
2019-08-19 17:33:15,360 INFO 14920 [egg-schedule]: register schedule E:\gits\coding-record\框架学习\egg\base-cli\node_modules\egg-logrotator\app\schedule\clean_log.js
2019-08-19 17:33:15,360 INFO 14920 [egg-schedule]: register schedule E:\gits\coding-record\框架学习\egg\base-cli\node_modules\egg-logrotator\app\schedule\rotate_by_file.js
2019-08-19 17:33:27,301 INFO 10316 [egg-schedule]: register schedule E:\gits\coding-record\框架学习\egg\base-cli\node_modules\egg-multipart\app\schedule\clean_tmpdir.js
2019-08-19 17:33:27,301 INFO 10316 [egg-schedule]: register schedule E:\gits\coding-record\框架学习\egg\base-cli\node_modules\egg-logrotator\app\schedule\clean_log.js
2019-08-19 17:33:27,301 INFO 10316 [egg-schedule]: register schedule E:\gits\coding-record\框架学习\egg\base-cli\node_modules\egg-logrotator\app\schedule\rotate_by_file.js
